{"/usr/src/redmine/plugins/redmine_epic_ladder/assets/javascripts/epic_ladder/public/mockServiceWorker.js": {"path":"/usr/src/redmine/plugins/redmine_epic_ladder/assets/javascripts/epic_ladder/public/mockServiceWorker.js","all":true,"statementMap":{"0":{"start":{"line":1,"column":0},"end":{"line":1,"column":20}},"1":{"start":{"line":2,"column":0},"end":{"line":2,"column":20}},"3":{"start":{"line":4,"column":0},"end":{"line":4,"column":3}},"4":{"start":{"line":5,"column":0},"end":{"line":5,"column":23}},"5":{"start":{"line":6,"column":0},"end":{"line":6,"column":36}},"6":{"start":{"line":7,"column":0},"end":{"line":7,"column":36}},"7":{"start":{"line":8,"column":0},"end":{"line":8,"column":3}},"9":{"start":{"line":10,"column":0},"end":{"line":10,"column":32}},"10":{"start":{"line":11,"column":0},"end":{"line":11,"column":61}},"11":{"start":{"line":12,"column":0},"end":{"line":12,"column":53}},"12":{"start":{"line":13,"column":0},"end":{"line":13,"column":33}},"14":{"start":{"line":15,"column":0},"end":{"line":15,"column":41}},"15":{"start":{"line":16,"column":0},"end":{"line":16,"column":20}},"16":{"start":{"line":17,"column":0},"end":{"line":17,"column":2}},"18":{"start":{"line":19,"column":0},"end":{"line":19,"column":47}},"19":{"start":{"line":20,"column":0},"end":{"line":20,"column":39}},"20":{"start":{"line":21,"column":0},"end":{"line":21,"column":2}},"22":{"start":{"line":23,"column":0},"end":{"line":23,"column":52}},"23":{"start":{"line":24,"column":0},"end":{"line":24,"column":56}},"25":{"start":{"line":26,"column":0},"end":{"line":26,"column":35}},"26":{"start":{"line":27,"column":0},"end":{"line":27,"column":10}},"27":{"start":{"line":28,"column":0},"end":{"line":28,"column":3}},"29":{"start":{"line":30,"column":0},"end":{"line":30,"column":49}},"31":{"start":{"line":32,"column":0},"end":{"line":32,"column":16}},"32":{"start":{"line":33,"column":0},"end":{"line":33,"column":10}},"33":{"start":{"line":34,"column":0},"end":{"line":34,"column":3}},"35":{"start":{"line":36,"column":0},"end":{"line":36,"column":50}},"36":{"start":{"line":37,"column":0},"end":{"line":37,"column":19}},"37":{"start":{"line":38,"column":0},"end":{"line":38,"column":4}},"39":{"start":{"line":40,"column":0},"end":{"line":40,"column":23}},"40":{"start":{"line":41,"column":0},"end":{"line":41,"column":31}},"41":{"start":{"line":42,"column":0},"end":{"line":42,"column":28}},"42":{"start":{"line":43,"column":0},"end":{"line":43,"column":35}},"43":{"start":{"line":44,"column":0},"end":{"line":44,"column":8}},"44":{"start":{"line":45,"column":0},"end":{"line":45,"column":11}},"45":{"start":{"line":46,"column":0},"end":{"line":46,"column":5}},"47":{"start":{"line":48,"column":0},"end":{"line":48,"column":37}},"48":{"start":{"line":49,"column":0},"end":{"line":49,"column":28}},"49":{"start":{"line":50,"column":0},"end":{"line":50,"column":41}},"50":{"start":{"line":51,"column":0},"end":{"line":51,"column":18}},"51":{"start":{"line":52,"column":0},"end":{"line":52,"column":42}},"52":{"start":{"line":53,"column":0},"end":{"line":53,"column":39}},"53":{"start":{"line":54,"column":0},"end":{"line":54,"column":10}},"54":{"start":{"line":55,"column":0},"end":{"line":55,"column":8}},"55":{"start":{"line":56,"column":0},"end":{"line":56,"column":11}},"56":{"start":{"line":57,"column":0},"end":{"line":57,"column":5}},"58":{"start":{"line":59,"column":0},"end":{"line":59,"column":27}},"59":{"start":{"line":60,"column":0},"end":{"line":60,"column":35}},"61":{"start":{"line":62,"column":0},"end":{"line":62,"column":28}},"62":{"start":{"line":63,"column":0},"end":{"line":63,"column":32}},"63":{"start":{"line":64,"column":0},"end":{"line":64,"column":18}},"64":{"start":{"line":65,"column":0},"end":{"line":65,"column":19}},"65":{"start":{"line":66,"column":0},"end":{"line":66,"column":26}},"66":{"start":{"line":67,"column":0},"end":{"line":67,"column":40}},"67":{"start":{"line":68,"column":0},"end":{"line":68,"column":12}},"68":{"start":{"line":69,"column":0},"end":{"line":69,"column":10}},"69":{"start":{"line":70,"column":0},"end":{"line":70,"column":8}},"70":{"start":{"line":71,"column":0},"end":{"line":71,"column":11}},"71":{"start":{"line":72,"column":0},"end":{"line":72,"column":5}},"73":{"start":{"line":74,"column":0},"end":{"line":74,"column":27}},"74":{"start":{"line":75,"column":0},"end":{"line":75,"column":38}},"76":{"start":{"line":77,"column":0},"end":{"line":77,"column":62}},"77":{"start":{"line":78,"column":0},"end":{"line":78,"column":37}},"78":{"start":{"line":79,"column":0},"end":{"line":79,"column":8}},"80":{"start":{"line":81,"column":0},"end":{"line":81,"column":57}},"81":{"start":{"line":82,"column":0},"end":{"line":82,"column":42}},"82":{"start":{"line":83,"column":0},"end":{"line":83,"column":38}},"83":{"start":{"line":84,"column":0},"end":{"line":84,"column":7}},"85":{"start":{"line":86,"column":0},"end":{"line":86,"column":11}},"86":{"start":{"line":87,"column":0},"end":{"line":87,"column":5}},"87":{"start":{"line":88,"column":0},"end":{"line":88,"column":3}},"88":{"start":{"line":89,"column":0},"end":{"line":89,"column":2}},"90":{"start":{"line":91,"column":0},"end":{"line":91,"column":44}},"91":{"start":{"line":92,"column":0},"end":{"line":92,"column":41}},"93":{"start":{"line":94,"column":0},"end":{"line":94,"column":32}},"94":{"start":{"line":95,"column":0},"end":{"line":95,"column":42}},"95":{"start":{"line":96,"column":0},"end":{"line":96,"column":10}},"96":{"start":{"line":97,"column":0},"end":{"line":97,"column":3}},"98":{"start":{"line":99,"column":0},"end":{"line":99,"column":63}},"99":{"start":{"line":100,"column":0},"end":{"line":100,"column":64}},"100":{"start":{"line":101,"column":0},"end":{"line":101,"column":6}},"101":{"start":{"line":102,"column":0},"end":{"line":102,"column":47}},"102":{"start":{"line":103,"column":0},"end":{"line":103,"column":40}},"103":{"start":{"line":104,"column":0},"end":{"line":104,"column":5}},"104":{"start":{"line":105,"column":0},"end":{"line":105,"column":10}},"105":{"start":{"line":106,"column":0},"end":{"line":106,"column":3}},"107":{"start":{"line":108,"column":0},"end":{"line":108,"column":58}},"108":{"start":{"line":109,"column":0},"end":{"line":109,"column":65}},"109":{"start":{"line":110,"column":0},"end":{"line":110,"column":77}},"110":{"start":{"line":111,"column":0},"end":{"line":111,"column":35}},"111":{"start":{"line":112,"column":0},"end":{"line":112,"column":10}},"112":{"start":{"line":113,"column":0},"end":{"line":113,"column":3}},"114":{"start":{"line":115,"column":0},"end":{"line":115,"column":39}},"115":{"start":{"line":116,"column":0},"end":{"line":116,"column":74}},"116":{"start":{"line":117,"column":0},"end":{"line":117,"column":2}},"118":{"start":{"line":119,"column":0},"end":{"line":119,"column":3}},"119":{"start":{"line":120,"column":0},"end":{"line":120,"column":28}},"120":{"start":{"line":121,"column":0},"end":{"line":121,"column":28}},"121":{"start":{"line":122,"column":0},"end":{"line":122,"column":39}},"122":{"start":{"line":123,"column":0},"end":{"line":123,"column":3}},"123":{"start":{"line":124,"column":0},"end":{"line":124,"column":70}},"124":{"start":{"line":125,"column":0},"end":{"line":125,"column":47}},"125":{"start":{"line":126,"column":0},"end":{"line":126,"column":53}},"126":{"start":{"line":127,"column":0},"end":{"line":127,"column":37}},"127":{"start":{"line":128,"column":0},"end":{"line":128,"column":10}},"128":{"start":{"line":129,"column":0},"end":{"line":129,"column":11}},"129":{"start":{"line":130,"column":0},"end":{"line":130,"column":14}},"130":{"start":{"line":131,"column":0},"end":{"line":131,"column":25}},"131":{"start":{"line":132,"column":0},"end":{"line":132,"column":3}},"133":{"start":{"line":134,"column":0},"end":{"line":134,"column":73}},"134":{"start":{"line":135,"column":0},"end":{"line":135,"column":68}},"135":{"start":{"line":136,"column":0},"end":{"line":136,"column":41}},"136":{"start":{"line":137,"column":0},"end":{"line":137,"column":49}},"137":{"start":{"line":138,"column":0},"end":{"line":138,"column":75}},"139":{"start":{"line":140,"column":0},"end":{"line":140,"column":78}},"140":{"start":{"line":141,"column":0},"end":{"line":141,"column":42}},"142":{"start":{"line":143,"column":0},"end":{"line":143,"column":17}},"143":{"start":{"line":144,"column":0},"end":{"line":144,"column":13}},"144":{"start":{"line":145,"column":0},"end":{"line":145,"column":7}},"145":{"start":{"line":146,"column":0},"end":{"line":146,"column":25}},"146":{"start":{"line":147,"column":0},"end":{"line":147,"column":18}},"147":{"start":{"line":148,"column":0},"end":{"line":148,"column":59}},"148":{"start":{"line":149,"column":0},"end":{"line":149,"column":20}},"149":{"start":{"line":150,"column":0},"end":{"line":150,"column":26}},"150":{"start":{"line":151,"column":0},"end":{"line":151,"column":33}},"151":{"start":{"line":152,"column":0},"end":{"line":152,"column":12}},"152":{"start":{"line":153,"column":0},"end":{"line":153,"column":21}},"153":{"start":{"line":154,"column":0},"end":{"line":154,"column":37}},"154":{"start":{"line":155,"column":0},"end":{"line":155,"column":41}},"155":{"start":{"line":156,"column":0},"end":{"line":156,"column":49}},"156":{"start":{"line":157,"column":0},"end":{"line":157,"column":73}},"157":{"start":{"line":158,"column":0},"end":{"line":158,"column":37}},"158":{"start":{"line":159,"column":0},"end":{"line":159,"column":12}},"159":{"start":{"line":160,"column":0},"end":{"line":160,"column":10}},"160":{"start":{"line":161,"column":0},"end":{"line":161,"column":8}},"161":{"start":{"line":162,"column":0},"end":{"line":162,"column":77}},"162":{"start":{"line":163,"column":0},"end":{"line":163,"column":5}},"163":{"start":{"line":164,"column":0},"end":{"line":164,"column":3}},"165":{"start":{"line":166,"column":0},"end":{"line":166,"column":17}},"166":{"start":{"line":167,"column":0},"end":{"line":167,"column":1}},"168":{"start":{"line":169,"column":0},"end":{"line":169,"column":3}},"169":{"start":{"line":170,"column":0},"end":{"line":170,"column":47}},"170":{"start":{"line":171,"column":0},"end":{"line":171,"column":68}},"171":{"start":{"line":172,"column":0},"end":{"line":172,"column":69}},"172":{"start":{"line":173,"column":0},"end":{"line":173,"column":56}},"173":{"start":{"line":174,"column":0},"end":{"line":174,"column":28}},"174":{"start":{"line":175,"column":0},"end":{"line":175,"column":41}},"175":{"start":{"line":176,"column":0},"end":{"line":176,"column":3}},"176":{"start":{"line":177,"column":0},"end":{"line":177,"column":41}},"177":{"start":{"line":178,"column":0},"end":{"line":178,"column":55}},"179":{"start":{"line":180,"column":0},"end":{"line":180,"column":44}},"180":{"start":{"line":181,"column":0},"end":{"line":181,"column":17}},"181":{"start":{"line":182,"column":0},"end":{"line":182,"column":3}},"183":{"start":{"line":184,"column":0},"end":{"line":184,"column":42}},"184":{"start":{"line":185,"column":0},"end":{"line":185,"column":17}},"185":{"start":{"line":186,"column":0},"end":{"line":186,"column":3}},"187":{"start":{"line":188,"column":0},"end":{"line":188,"column":50}},"188":{"start":{"line":189,"column":0},"end":{"line":189,"column":19}},"189":{"start":{"line":190,"column":0},"end":{"line":190,"column":4}},"191":{"start":{"line":192,"column":0},"end":{"line":192,"column":19}},"192":{"start":{"line":193,"column":0},"end":{"line":193,"column":25}},"193":{"start":{"line":194,"column":0},"end":{"line":194,"column":59}},"194":{"start":{"line":195,"column":0},"end":{"line":195,"column":49}},"195":{"start":{"line":196,"column":0},"end":{"line":196,"column":6}},"196":{"start":{"line":197,"column":0},"end":{"line":197,"column":23}},"197":{"start":{"line":198,"column":0},"end":{"line":198,"column":50}},"198":{"start":{"line":199,"column":0},"end":{"line":199,"column":56}},"199":{"start":{"line":200,"column":0},"end":{"line":200,"column":43}},"200":{"start":{"line":201,"column":0},"end":{"line":201,"column":6}},"201":{"start":{"line":202,"column":0},"end":{"line":202,"column":1}},"203":{"start":{"line":204,"column":0},"end":{"line":204,"column":3}},"204":{"start":{"line":205,"column":0},"end":{"line":205,"column":28}},"205":{"start":{"line":206,"column":0},"end":{"line":206,"column":37}},"206":{"start":{"line":207,"column":0},"end":{"line":207,"column":28}},"207":{"start":{"line":208,"column":0},"end":{"line":208,"column":31}},"208":{"start":{"line":209,"column":0},"end":{"line":209,"column":3}},"209":{"start":{"line":210,"column":0},"end":{"line":210,"column":76}},"210":{"start":{"line":211,"column":0},"end":{"line":211,"column":60}},"211":{"start":{"line":212,"column":0},"end":{"line":212,"column":58}},"212":{"start":{"line":213,"column":0},"end":{"line":213,"column":44}},"214":{"start":{"line":215,"column":0},"end":{"line":215,"column":26}},"215":{"start":{"line":216,"column":0},"end":{"line":216,"column":57}},"216":{"start":{"line":217,"column":0},"end":{"line":217,"column":46}},"217":{"start":{"line":218,"column":0},"end":{"line":218,"column":53}},"219":{"start":{"line":220,"column":0},"end":{"line":220,"column":80}},"220":{"start":{"line":221,"column":0},"end":{"line":221,"column":76}},"221":{"start":{"line":222,"column":0},"end":{"line":222,"column":34}},"222":{"start":{"line":223,"column":0},"end":{"line":223,"column":46}},"223":{"start":{"line":224,"column":0},"end":{"line":224,"column":23}},"224":{"start":{"line":225,"column":0},"end":{"line":225,"column":73}},"225":{"start":{"line":226,"column":0},"end":{"line":226,"column":43}},"226":{"start":{"line":227,"column":0},"end":{"line":227,"column":47}},"227":{"start":{"line":228,"column":0},"end":{"line":228,"column":7}},"229":{"start":{"line":230,"column":0},"end":{"line":230,"column":38}},"230":{"start":{"line":231,"column":0},"end":{"line":231,"column":56}},"231":{"start":{"line":232,"column":0},"end":{"line":232,"column":14}},"232":{"start":{"line":233,"column":0},"end":{"line":233,"column":32}},"233":{"start":{"line":234,"column":0},"end":{"line":234,"column":7}},"234":{"start":{"line":235,"column":0},"end":{"line":235,"column":5}},"236":{"start":{"line":237,"column":0},"end":{"line":237,"column":43}},"237":{"start":{"line":238,"column":0},"end":{"line":238,"column":3}},"239":{"start":{"line":240,"column":0},"end":{"line":240,"column":50}},"240":{"start":{"line":241,"column":0},"end":{"line":241,"column":16}},"241":{"start":{"line":242,"column":0},"end":{"line":242,"column":24}},"242":{"start":{"line":243,"column":0},"end":{"line":243,"column":3}},"244":{"start":{"line":245,"column":0},"end":{"line":245,"column":60}},"245":{"start":{"line":246,"column":0},"end":{"line":246,"column":80}},"246":{"start":{"line":247,"column":0},"end":{"line":247,"column":67}},"247":{"start":{"line":248,"column":0},"end":{"line":248,"column":41}},"248":{"start":{"line":249,"column":0},"end":{"line":249,"column":40}},"249":{"start":{"line":250,"column":0},"end":{"line":250,"column":24}},"250":{"start":{"line":251,"column":0},"end":{"line":251,"column":3}},"252":{"start":{"line":253,"column":0},"end":{"line":253,"column":59}},"253":{"start":{"line":254,"column":0},"end":{"line":254,"column":65}},"254":{"start":{"line":255,"column":0},"end":{"line":255,"column":43}},"255":{"start":{"line":256,"column":0},"end":{"line":256,"column":11}},"256":{"start":{"line":257,"column":0},"end":{"line":257,"column":5}},"257":{"start":{"line":258,"column":0},"end":{"line":258,"column":22}},"258":{"start":{"line":259,"column":0},"end":{"line":259,"column":16}},"259":{"start":{"line":260,"column":0},"end":{"line":260,"column":22}},"260":{"start":{"line":261,"column":0},"end":{"line":261,"column":44}},"261":{"start":{"line":262,"column":0},"end":{"line":262,"column":29}},"262":{"start":{"line":263,"column":0},"end":{"line":263,"column":8}},"263":{"start":{"line":264,"column":0},"end":{"line":264,"column":6}},"264":{"start":{"line":265,"column":0},"end":{"line":265,"column":29}},"265":{"start":{"line":266,"column":0},"end":{"line":266,"column":3}},"267":{"start":{"line":268,"column":0},"end":{"line":268,"column":31}},"268":{"start":{"line":269,"column":0},"end":{"line":269,"column":27}},"269":{"start":{"line":270,"column":0},"end":{"line":270,"column":48}},"270":{"start":{"line":271,"column":0},"end":{"line":271,"column":5}},"272":{"start":{"line":273,"column":0},"end":{"line":273,"column":25}},"273":{"start":{"line":274,"column":0},"end":{"line":274,"column":26}},"274":{"start":{"line":275,"column":0},"end":{"line":275,"column":5}},"275":{"start":{"line":276,"column":0},"end":{"line":276,"column":3}},"277":{"start":{"line":278,"column":0},"end":{"line":278,"column":22}},"278":{"start":{"line":279,"column":0},"end":{"line":279,"column":1}},"280":{"start":{"line":281,"column":0},"end":{"line":281,"column":3}},"281":{"start":{"line":282,"column":0},"end":{"line":282,"column":25}},"282":{"start":{"line":283,"column":0},"end":{"line":283,"column":23}},"283":{"start":{"line":284,"column":0},"end":{"line":284,"column":46}},"284":{"start":{"line":285,"column":0},"end":{"line":285,"column":26}},"285":{"start":{"line":286,"column":0},"end":{"line":286,"column":3}},"286":{"start":{"line":287,"column":0},"end":{"line":287,"column":61}},"287":{"start":{"line":288,"column":0},"end":{"line":288,"column":43}},"288":{"start":{"line":289,"column":0},"end":{"line":289,"column":40}},"290":{"start":{"line":291,"column":0},"end":{"line":291,"column":42}},"291":{"start":{"line":292,"column":0},"end":{"line":292,"column":43}},"292":{"start":{"line":293,"column":0},"end":{"line":293,"column":39}},"293":{"start":{"line":294,"column":0},"end":{"line":294,"column":7}},"295":{"start":{"line":296,"column":0},"end":{"line":296,"column":25}},"296":{"start":{"line":297,"column":0},"end":{"line":297,"column":5}},"298":{"start":{"line":299,"column":0},"end":{"line":299,"column":33}},"299":{"start":{"line":300,"column":0},"end":{"line":300,"column":20}},"300":{"start":{"line":301,"column":0},"end":{"line":301,"column":40}},"301":{"start":{"line":302,"column":0},"end":{"line":302,"column":6}},"302":{"start":{"line":303,"column":0},"end":{"line":303,"column":4}},"303":{"start":{"line":304,"column":0},"end":{"line":304,"column":1}},"305":{"start":{"line":306,"column":0},"end":{"line":306,"column":3}},"306":{"start":{"line":307,"column":0},"end":{"line":307,"column":29}},"307":{"start":{"line":308,"column":0},"end":{"line":308,"column":22}},"308":{"start":{"line":309,"column":0},"end":{"line":309,"column":3}},"309":{"start":{"line":310,"column":0},"end":{"line":310,"column":36}},"310":{"start":{"line":311,"column":0},"end":{"line":311,"column":50}},"311":{"start":{"line":312,"column":0},"end":{"line":312,"column":78}},"312":{"start":{"line":313,"column":0},"end":{"line":313,"column":79}},"313":{"start":{"line":314,"column":0},"end":{"line":314,"column":77}},"314":{"start":{"line":315,"column":0},"end":{"line":315,"column":30}},"315":{"start":{"line":316,"column":0},"end":{"line":316,"column":27}},"316":{"start":{"line":317,"column":0},"end":{"line":317,"column":3}},"318":{"start":{"line":319,"column":0},"end":{"line":319,"column":62}},"320":{"start":{"line":321,"column":0},"end":{"line":321,"column":62}},"321":{"start":{"line":322,"column":0},"end":{"line":322,"column":16}},"322":{"start":{"line":323,"column":0},"end":{"line":323,"column":21}},"323":{"start":{"line":324,"column":0},"end":{"line":324,"column":4}},"325":{"start":{"line":326,"column":0},"end":{"line":326,"column":23}},"326":{"start":{"line":327,"column":0},"end":{"line":327,"column":1}},"328":{"start":{"line":329,"column":0},"end":{"line":329,"column":3}},"329":{"start":{"line":330,"column":0},"end":{"line":330,"column":27}},"330":{"start":{"line":331,"column":0},"end":{"line":331,"column":3}},"331":{"start":{"line":332,"column":0},"end":{"line":332,"column":42}},"332":{"start":{"line":333,"column":0},"end":{"line":333,"column":10}},"333":{"start":{"line":334,"column":0},"end":{"line":334,"column":21}},"334":{"start":{"line":335,"column":0},"end":{"line":335,"column":23}},"335":{"start":{"line":336,"column":0},"end":{"line":336,"column":27}},"336":{"start":{"line":337,"column":0},"end":{"line":337,"column":59}},"337":{"start":{"line":338,"column":0},"end":{"line":338,"column":25}},"338":{"start":{"line":339,"column":0},"end":{"line":339,"column":37}},"339":{"start":{"line":340,"column":0},"end":{"line":340,"column":37}},"340":{"start":{"line":341,"column":0},"end":{"line":341,"column":33}},"341":{"start":{"line":342,"column":0},"end":{"line":342,"column":31}},"342":{"start":{"line":343,"column":0},"end":{"line":343,"column":31}},"343":{"start":{"line":344,"column":0},"end":{"line":344,"column":43}},"344":{"start":{"line":345,"column":0},"end":{"line":345,"column":38}},"345":{"start":{"line":346,"column":0},"end":{"line":346,"column":33}},"346":{"start":{"line":347,"column":0},"end":{"line":347,"column":3}},"347":{"start":{"line":348,"column":0},"end":{"line":348,"column":1}}},"s":{"0":0,"1":0,"3":0,"4":0,"5":0,"6":0,"7":0,"9":0,"10":0,"11":0,"12":0,"14":0,"15":0,"16":0,"18":0,"19":0,"20":0,"22":0,"23":0,"25":0,"26":0,"27":0,"29":0,"31":0,"32":0,"33":0,"35":0,"36":0,"37":0,"39":0,"40":0,"41":0,"42":0,"43":0,"44":0,"45":0,"47":0,"48":0,"49":0,"50":0,"51":0,"52":0,"53":0,"54":0,"55":0,"56":0,"58":0,"59":0,"61":0,"62":0,"63":0,"64":0,"65":0,"66":0,"67":0,"68":0,"69":0,"70":0,"71":0,"73":0,"74":0,"76":0,"77":0,"78":0,"80":0,"81":0,"82":0,"83":0,"85":0,"86":0,"87":0,"88":0,"90":0,"91":0,"93":0,"94":0,"95":0,"96":0,"98":0,"99":0,"100":0,"101":0,"102":0,"103":0,"104":0,"105":0,"107":0,"108":0,"109":0,"110":0,"111":0,"112":0,"114":0,"115":0,"116":0,"118":0,"119":0,"120":0,"121":0,"122":0,"123":0,"124":0,"125":0,"126":0,"127":0,"128":0,"129":0,"130":0,"131":0,"133":0,"134":0,"135":0,"136":0,"137":0,"139":0,"140":0,"142":0,"143":0,"144":0,"145":0,"146":0,"147":0,"148":0,"149":0,"150":0,"151":0,"152":0,"153":0,"154":0,"155":0,"156":0,"157":0,"158":0,"159":0,"160":0,"161":0,"162":0,"163":0,"165":0,"166":0,"168":0,"169":0,"170":0,"171":0,"172":0,"173":0,"174":0,"175":0,"176":0,"177":0,"179":0,"180":0,"181":0,"183":0,"184":0,"185":0,"187":0,"188":0,"189":0,"191":0,"192":0,"193":0,"194":0,"195":0,"196":0,"197":0,"198":0,"199":0,"200":0,"201":0,"203":0,"204":0,"205":0,"206":0,"207":0,"208":0,"209":0,"210":0,"211":0,"212":0,"214":0,"215":0,"216":0,"217":0,"219":0,"220":0,"221":0,"222":0,"223":0,"224":0,"225":0,"226":0,"227":0,"229":0,"230":0,"231":0,"232":0,"233":0,"234":0,"236":0,"237":0,"239":0,"240":0,"241":0,"242":0,"244":0,"245":0,"246":0,"247":0,"248":0,"249":0,"250":0,"252":0,"253":0,"254":0,"255":0,"256":0,"257":0,"258":0,"259":0,"260":0,"261":0,"262":0,"263":0,"264":0,"265":0,"267":0,"268":0,"269":0,"270":0,"272":0,"273":0,"274":0,"275":0,"277":0,"278":0,"280":0,"281":0,"282":0,"283":0,"284":0,"285":0,"286":0,"287":0,"288":0,"290":0,"291":0,"292":0,"293":0,"295":0,"296":0,"298":0,"299":0,"300":0,"301":0,"302":0,"303":0,"305":0,"306":0,"307":0,"308":0,"309":0,"310":0,"311":0,"312":0,"313":0,"314":0,"315":0,"316":0,"318":0,"320":0,"321":0,"322":0,"323":0,"325":0,"326":0,"328":0,"329":0,"330":0,"331":0,"332":0,"333":0,"334":0,"335":0,"336":0,"337":0,"338":0,"339":0,"340":0,"341":0,"342":0,"343":0,"344":0,"345":0,"346":0,"347":0},"branchMap":{"0":{"type":"branch","line":1,"loc":{"start":{"line":1,"column":0},"end":{"line":348,"column":-42}},"locations":[{"start":{"line":1,"column":0},"end":{"line":348,"column":-42}}]}},"b":{"0":[0]},"fnMap":{"0":{"name":"(empty-report)","decl":{"start":{"line":1,"column":0},"end":{"line":348,"column":-42}},"loc":{"start":{"line":1,"column":0},"end":{"line":348,"column":-42}},"line":1}},"f":{"0":0}}
,"/usr/src/redmine/plugins/redmine_epic_ladder/assets/javascripts/epic_ladder/src/App.tsx": {"path":"/usr/src/redmine/plugins/redmine_epic_ladder/assets/javascripts/epic_ladder/src/App.tsx","all":false,"statementMap":{"0":{"start":{"line":1,"column":0},"end":{"line":1,"column":87}},"1":{"start":{"line":2,"column":0},"end":{"line":2,"column":41}},"2":{"start":{"line":3,"column":0},"end":{"line":3,"column":75}},"3":{"start":{"line":4,"column":0},"end":{"line":4,"column":55}},"4":{"start":{"line":5,"column":0},"end":{"line":5,"column":65}},"5":{"start":{"line":6,"column":0},"end":{"line":6,"column":74}},"6":{"start":{"line":7,"column":0},"end":{"line":7,"column":61}},"7":{"start":{"line":8,"column":0},"end":{"line":8,"column":45}},"8":{"start":{"line":9,"column":0},"end":{"line":9,"column":58}},"9":{"start":{"line":10,"column":0},"end":{"line":10,"column":72}},"10":{"start":{"line":11,"column":0},"end":{"line":11,"column":90}},"11":{"start":{"line":12,"column":0},"end":{"line":12,"column":86}},"12":{"start":{"line":13,"column":0},"end":{"line":13,"column":44}},"13":{"start":{"line":14,"column":0},"end":{"line":14,"column":23}},"15":{"start":{"line":16,"column":0},"end":{"line":16,"column":36}},"17":{"start":{"line":18,"column":0},"end":{"line":18,"column":63}},"18":{"start":{"line":19,"column":0},"end":{"line":19,"column":55}},"19":{"start":{"line":20,"column":0},"end":{"line":20,"column":47}},"20":{"start":{"line":21,"column":0},"end":{"line":21,"column":55}},"21":{"start":{"line":22,"column":0},"end":{"line":22,"column":65}},"22":{"start":{"line":23,"column":0},"end":{"line":23,"column":75}},"23":{"start":{"line":24,"column":0},"end":{"line":24,"column":71}},"24":{"start":{"line":25,"column":0},"end":{"line":25,"column":65}},"25":{"start":{"line":26,"column":0},"end":{"line":26,"column":65}},"26":{"start":{"line":27,"column":0},"end":{"line":27,"column":67}},"27":{"start":{"line":28,"column":0},"end":{"line":28,"column":73}},"28":{"start":{"line":29,"column":0},"end":{"line":29,"column":75}},"29":{"start":{"line":30,"column":0},"end":{"line":30,"column":61}},"30":{"start":{"line":31,"column":0},"end":{"line":31,"column":61}},"31":{"start":{"line":32,"column":0},"end":{"line":32,"column":59}},"32":{"start":{"line":33,"column":0},"end":{"line":33,"column":61}},"33":{"start":{"line":34,"column":0},"end":{"line":34,"column":67}},"36":{"start":{"line":37,"column":0},"end":{"line":37,"column":51}},"37":{"start":{"line":38,"column":0},"end":{"line":38,"column":65}},"38":{"start":{"line":39,"column":0},"end":{"line":39,"column":73}},"39":{"start":{"line":40,"column":0},"end":{"line":40,"column":79}},"42":{"start":{"line":43,"column":0},"end":{"line":43,"column":56}},"45":{"start":{"line":46,"column":0},"end":{"line":46,"column":34}},"46":{"start":{"line":47,"column":0},"end":{"line":47,"column":22}},"47":{"start":{"line":48,"column":0},"end":{"line":48,"column":9}},"48":{"start":{"line":49,"column":0},"end":{"line":49,"column":33}},"49":{"start":{"line":50,"column":0},"end":{"line":50,"column":27}},"50":{"start":{"line":51,"column":0},"end":{"line":51,"column":21}},"51":{"start":{"line":52,"column":0},"end":{"line":52,"column":81}},"52":{"start":{"line":53,"column":0},"end":{"line":53,"column":15}},"53":{"start":{"line":54,"column":0},"end":{"line":54,"column":25}},"54":{"start":{"line":55,"column":0},"end":{"line":55,"column":5}},"55":{"start":{"line":56,"column":0},"end":{"line":56,"column":4}},"58":{"start":{"line":59,"column":0},"end":{"line":59,"column":31}},"59":{"start":{"line":60,"column":0},"end":{"line":60,"column":42}},"60":{"start":{"line":61,"column":0},"end":{"line":61,"column":30}},"61":{"start":{"line":62,"column":0},"end":{"line":62,"column":5}},"62":{"start":{"line":63,"column":0},"end":{"line":63,"column":4}},"65":{"start":{"line":66,"column":0},"end":{"line":66,"column":19}},"66":{"start":{"line":67,"column":0},"end":{"line":67,"column":58}},"67":{"start":{"line":68,"column":0},"end":{"line":68,"column":20}},"68":{"start":{"line":69,"column":0},"end":{"line":69,"column":27}},"69":{"start":{"line":70,"column":0},"end":{"line":70,"column":49}},"70":{"start":{"line":71,"column":0},"end":{"line":71,"column":7}},"71":{"start":{"line":72,"column":0},"end":{"line":72,"column":6}},"73":{"start":{"line":74,"column":0},"end":{"line":74,"column":64}},"74":{"start":{"line":75,"column":0},"end":{"line":75,"column":80}},"75":{"start":{"line":76,"column":0},"end":{"line":76,"column":16}},"78":{"start":{"line":79,"column":0},"end":{"line":79,"column":19}},"80":{"start":{"line":81,"column":0},"end":{"line":81,"column":63}},"81":{"start":{"line":82,"column":0},"end":{"line":82,"column":78}},"82":{"start":{"line":83,"column":0},"end":{"line":83,"column":66}},"83":{"start":{"line":84,"column":0},"end":{"line":84,"column":33}},"84":{"start":{"line":85,"column":0},"end":{"line":85,"column":22}},"87":{"start":{"line":88,"column":0},"end":{"line":88,"column":19}},"88":{"start":{"line":89,"column":0},"end":{"line":89,"column":63}},"89":{"start":{"line":90,"column":0},"end":{"line":90,"column":29}},"91":{"start":{"line":92,"column":0},"end":{"line":92,"column":25}},"92":{"start":{"line":93,"column":0},"end":{"line":93,"column":49}},"93":{"start":{"line":94,"column":0},"end":{"line":94,"column":12}},"94":{"start":{"line":95,"column":0},"end":{"line":95,"column":52}},"95":{"start":{"line":96,"column":0},"end":{"line":96,"column":5}},"96":{"start":{"line":97,"column":0},"end":{"line":97,"column":23}},"99":{"start":{"line":100,"column":0},"end":{"line":100,"column":19}},"100":{"start":{"line":101,"column":0},"end":{"line":101,"column":31}},"101":{"start":{"line":102,"column":0},"end":{"line":102,"column":41}},"102":{"start":{"line":103,"column":0},"end":{"line":103,"column":83}},"104":{"start":{"line":105,"column":0},"end":{"line":105,"column":54}},"105":{"start":{"line":106,"column":0},"end":{"line":106,"column":50}},"108":{"start":{"line":109,"column":0},"end":{"line":109,"column":57}},"109":{"start":{"line":110,"column":0},"end":{"line":110,"column":45}},"112":{"start":{"line":113,"column":0},"end":{"line":113,"column":47}},"113":{"start":{"line":114,"column":0},"end":{"line":114,"column":53}},"114":{"start":{"line":115,"column":0},"end":{"line":115,"column":49}},"116":{"start":{"line":117,"column":0},"end":{"line":117,"column":98}},"119":{"start":{"line":120,"column":0},"end":{"line":120,"column":40}},"120":{"start":{"line":121,"column":0},"end":{"line":121,"column":60}},"121":{"start":{"line":122,"column":0},"end":{"line":122,"column":17}},"122":{"start":{"line":123,"column":0},"end":{"line":123,"column":9}},"125":{"start":{"line":126,"column":0},"end":{"line":126,"column":37}},"126":{"start":{"line":127,"column":0},"end":{"line":127,"column":59}},"129":{"start":{"line":130,"column":0},"end":{"line":130,"column":75}},"130":{"start":{"line":131,"column":0},"end":{"line":131,"column":100}},"131":{"start":{"line":132,"column":0},"end":{"line":132,"column":19}},"132":{"start":{"line":133,"column":0},"end":{"line":133,"column":11}},"133":{"start":{"line":134,"column":0},"end":{"line":134,"column":17}},"134":{"start":{"line":135,"column":0},"end":{"line":135,"column":9}},"137":{"start":{"line":138,"column":0},"end":{"line":138,"column":43}},"138":{"start":{"line":139,"column":0},"end":{"line":139,"column":54}},"141":{"start":{"line":142,"column":0},"end":{"line":142,"column":81}},"142":{"start":{"line":143,"column":0},"end":{"line":143,"column":95}},"143":{"start":{"line":144,"column":0},"end":{"line":144,"column":19}},"144":{"start":{"line":145,"column":0},"end":{"line":145,"column":11}},"145":{"start":{"line":146,"column":0},"end":{"line":146,"column":17}},"146":{"start":{"line":147,"column":0},"end":{"line":147,"column":9}},"149":{"start":{"line":150,"column":0},"end":{"line":150,"column":94}},"150":{"start":{"line":151,"column":0},"end":{"line":151,"column":44}},"151":{"start":{"line":152,"column":0},"end":{"line":152,"column":55}},"152":{"start":{"line":153,"column":0},"end":{"line":153,"column":58}},"153":{"start":{"line":154,"column":0},"end":{"line":154,"column":51}},"154":{"start":{"line":155,"column":0},"end":{"line":155,"column":49}},"155":{"start":{"line":156,"column":0},"end":{"line":156,"column":58}},"156":{"start":{"line":157,"column":0},"end":{"line":157,"column":61}},"157":{"start":{"line":158,"column":0},"end":{"line":158,"column":54}},"158":{"start":{"line":159,"column":0},"end":{"line":159,"column":43}},"159":{"start":{"line":160,"column":0},"end":{"line":160,"column":52}},"160":{"start":{"line":161,"column":0},"end":{"line":161,"column":55}},"161":{"start":{"line":162,"column":0},"end":{"line":162,"column":48}},"162":{"start":{"line":163,"column":0},"end":{"line":163,"column":43}},"163":{"start":{"line":164,"column":0},"end":{"line":164,"column":52}},"164":{"start":{"line":165,"column":0},"end":{"line":165,"column":55}},"165":{"start":{"line":166,"column":0},"end":{"line":166,"column":48}},"166":{"start":{"line":167,"column":0},"end":{"line":167,"column":42}},"167":{"start":{"line":168,"column":0},"end":{"line":168,"column":51}},"168":{"start":{"line":169,"column":0},"end":{"line":169,"column":54}},"169":{"start":{"line":170,"column":0},"end":{"line":170,"column":47}},"170":{"start":{"line":171,"column":0},"end":{"line":171,"column":43}},"171":{"start":{"line":172,"column":0},"end":{"line":172,"column":52}},"172":{"start":{"line":173,"column":0},"end":{"line":173,"column":55}},"173":{"start":{"line":174,"column":0},"end":{"line":174,"column":48}},"174":{"start":{"line":175,"column":0},"end":{"line":175,"column":46}},"175":{"start":{"line":176,"column":0},"end":{"line":176,"column":55}},"176":{"start":{"line":177,"column":0},"end":{"line":177,"column":58}},"177":{"start":{"line":178,"column":0},"end":{"line":178,"column":51}},"178":{"start":{"line":179,"column":0},"end":{"line":179,"column":9}},"179":{"start":{"line":180,"column":0},"end":{"line":180,"column":7}},"180":{"start":{"line":181,"column":0},"end":{"line":181,"column":7}},"181":{"start":{"line":182,"column":0},"end":{"line":182,"column":116}},"183":{"start":{"line":184,"column":0},"end":{"line":184,"column":18}},"184":{"start":{"line":185,"column":0},"end":{"line":185,"column":63}},"185":{"start":{"line":186,"column":0},"end":{"line":186,"column":3}},"187":{"start":{"line":188,"column":0},"end":{"line":188,"column":14}},"188":{"start":{"line":189,"column":0},"end":{"line":189,"column":55}},"189":{"start":{"line":190,"column":0},"end":{"line":190,"column":3}},"192":{"start":{"line":193,"column":0},"end":{"line":193,"column":22}},"193":{"start":{"line":194,"column":0},"end":{"line":194,"column":44}},"194":{"start":{"line":195,"column":0},"end":{"line":195,"column":45}},"195":{"start":{"line":196,"column":0},"end":{"line":196,"column":47}},"198":{"start":{"line":199,"column":0},"end":{"line":199,"column":25}},"199":{"start":{"line":200,"column":0},"end":{"line":200,"column":6}},"200":{"start":{"line":201,"column":0},"end":{"line":201,"column":37}},"201":{"start":{"line":202,"column":0},"end":{"line":202,"column":50}},"202":{"start":{"line":203,"column":0},"end":{"line":203,"column":51}},"203":{"start":{"line":204,"column":0},"end":{"line":204,"column":25}},"204":{"start":{"line":205,"column":0},"end":{"line":205,"column":16}},"205":{"start":{"line":206,"column":0},"end":{"line":206,"column":23}},"206":{"start":{"line":207,"column":0},"end":{"line":207,"column":38}},"207":{"start":{"line":208,"column":0},"end":{"line":208,"column":37}},"208":{"start":{"line":209,"column":0},"end":{"line":209,"column":72}},"210":{"start":{"line":211,"column":0},"end":{"line":211,"column":68}},"211":{"start":{"line":212,"column":0},"end":{"line":212,"column":25}},"212":{"start":{"line":213,"column":0},"end":{"line":213,"column":23}},"213":{"start":{"line":214,"column":0},"end":{"line":214,"column":41}},"214":{"start":{"line":215,"column":0},"end":{"line":215,"column":37}},"215":{"start":{"line":216,"column":0},"end":{"line":216,"column":71}},"216":{"start":{"line":217,"column":0},"end":{"line":217,"column":17}},"218":{"start":{"line":219,"column":0},"end":{"line":219,"column":25}},"219":{"start":{"line":220,"column":0},"end":{"line":220,"column":17}},"221":{"start":{"line":222,"column":0},"end":{"line":222,"column":19}},"222":{"start":{"line":223,"column":0},"end":{"line":223,"column":38}},"223":{"start":{"line":224,"column":0},"end":{"line":224,"column":120}},"224":{"start":{"line":225,"column":0},"end":{"line":225,"column":32}},"225":{"start":{"line":226,"column":0},"end":{"line":226,"column":13}},"227":{"start":{"line":228,"column":0},"end":{"line":228,"column":21}},"228":{"start":{"line":229,"column":0},"end":{"line":229,"column":27}},"229":{"start":{"line":230,"column":0},"end":{"line":230,"column":25}},"230":{"start":{"line":231,"column":0},"end":{"line":231,"column":39}},"231":{"start":{"line":232,"column":0},"end":{"line":232,"column":41}},"232":{"start":{"line":233,"column":0},"end":{"line":233,"column":16}},"235":{"start":{"line":236,"column":0},"end":{"line":236,"column":30}},"236":{"start":{"line":237,"column":0},"end":{"line":237,"column":14}},"237":{"start":{"line":238,"column":0},"end":{"line":238,"column":12}},"239":{"start":{"line":240,"column":0},"end":{"line":240,"column":25}},"241":{"start":{"line":242,"column":0},"end":{"line":242,"column":16}},"242":{"start":{"line":243,"column":0},"end":{"line":243,"column":7}},"246":{"start":{"line":247,"column":0},"end":{"line":247,"column":68}},"248":{"start":{"line":249,"column":0},"end":{"line":249,"column":10}},"249":{"start":{"line":250,"column":0},"end":{"line":250,"column":35}},"250":{"start":{"line":251,"column":0},"end":{"line":251,"column":27}},"251":{"start":{"line":252,"column":0},"end":{"line":252,"column":26}},"252":{"start":{"line":253,"column":0},"end":{"line":253,"column":34}},"253":{"start":{"line":254,"column":0},"end":{"line":254,"column":36}},"254":{"start":{"line":255,"column":0},"end":{"line":255,"column":21}},"255":{"start":{"line":256,"column":0},"end":{"line":256,"column":23}},"256":{"start":{"line":257,"column":0},"end":{"line":257,"column":37}},"257":{"start":{"line":258,"column":0},"end":{"line":258,"column":35}},"258":{"start":{"line":259,"column":0},"end":{"line":259,"column":14}},"260":{"start":{"line":261,"column":0},"end":{"line":261,"column":47}},"261":{"start":{"line":262,"column":0},"end":{"line":262,"column":50}},"262":{"start":{"line":263,"column":0},"end":{"line":263,"column":10}},"264":{"start":{"line":265,"column":0},"end":{"line":265,"column":43}},"265":{"start":{"line":266,"column":0},"end":{"line":266,"column":25}},"266":{"start":{"line":267,"column":0},"end":{"line":267,"column":14}},"268":{"start":{"line":269,"column":0},"end":{"line":269,"column":10}},"270":{"start":{"line":271,"column":0},"end":{"line":271,"column":2}}},"s":{"0":1,"1":1,"2":1,"3":1,"4":1,"5":1,"6":1,"7":1,"8":1,"9":1,"10":1,"11":1,"12":1,"13":1,"15":1,"17":26,"18":26,"19":26,"20":26,"21":26,"22":26,"23":26,"24":26,"25":26,"26":26,"27":26,"28":26,"29":26,"30":26,"31":26,"32":26,"33":26,"36":26,"37":26,"38":26,"39":26,"42":26,"45":26,"46":3,"47":3,"48":3,"49":2,"50":3,"51":1,"52":3,"53":3,"54":3,"55":3,"58":26,"59":2,"60":1,"61":1,"62":2,"65":26,"66":20,"67":0,"68":0,"69":0,"70":0,"71":0,"73":20,"74":20,"75":26,"78":26,"80":20,"81":20,"82":20,"83":20,"84":26,"87":26,"88":20,"89":20,"91":20,"92":0,"93":20,"94":20,"95":20,"96":26,"99":26,"100":20,"101":20,"102":0,"104":0,"105":0,"108":0,"109":0,"112":0,"113":0,"114":0,"116":0,"119":0,"120":0,"121":0,"122":0,"125":0,"126":0,"129":0,"130":0,"131":0,"132":0,"133":0,"134":0,"137":0,"138":0,"141":0,"142":0,"143":0,"144":0,"145":0,"146":0,"149":0,"150":0,"151":0,"152":0,"153":0,"154":0,"155":0,"156":0,"157":0,"158":0,"159":0,"160":0,"161":0,"162":0,"163":0,"164":0,"165":0,"166":0,"167":0,"168":0,"169":0,"170":0,"171":0,"172":0,"173":0,"174":0,"175":0,"176":0,"177":0,"178":0,"179":0,"180":20,"181":26,"183":26,"184":1,"185":1,"187":26,"188":1,"189":1,"192":23,"193":23,"194":26,"195":26,"198":26,"199":26,"200":26,"201":26,"202":26,"203":26,"204":12,"205":12,"206":12,"207":12,"208":12,"210":12,"211":12,"212":12,"213":12,"214":12,"215":12,"216":12,"218":12,"219":12,"221":26,"222":26,"223":26,"224":26,"225":26,"227":26,"228":26,"229":26,"230":26,"231":26,"232":26,"235":26,"236":26,"237":26,"239":26,"241":26,"242":26,"246":26,"248":26,"249":26,"250":26,"251":2,"252":2,"253":2,"254":2,"255":2,"256":2,"257":2,"258":2,"260":2,"261":2,"262":2,"264":21,"265":21,"266":21,"268":26,"270":26},"branchMap":{"0":{"type":"branch","line":16,"loc":{"start":{"line":16,"column":29},"end":{"line":271,"column":2}},"locations":[{"start":{"line":16,"column":29},"end":{"line":271,"column":2}}]},"1":{"type":"branch","line":184,"loc":{"start":{"line":184,"column":17},"end":{"line":186,"column":3}},"locations":[{"start":{"line":184,"column":17},"end":{"line":186,"column":3}}]},"2":{"type":"branch","line":186,"loc":{"start":{"line":186,"column":2},"end":{"line":188,"column":13}},"locations":[{"start":{"line":186,"column":2},"end":{"line":188,"column":13}}]},"3":{"type":"branch","line":188,"loc":{"start":{"line":188,"column":13},"end":{"line":190,"column":3}},"locations":[{"start":{"line":188,"column":13},"end":{"line":190,"column":3}}]},"4":{"type":"branch","line":190,"loc":{"start":{"line":190,"column":2},"end":{"line":195,"column":37}},"locations":[{"start":{"line":190,"column":2},"end":{"line":195,"column":37}}]},"5":{"type":"branch","line":195,"loc":{"start":{"line":195,"column":20},"end":{"line":195,"column":41}},"locations":[{"start":{"line":195,"column":20},"end":{"line":195,"column":41}}]},"6":{"type":"branch","line":195,"loc":{"start":{"line":195,"column":37},"end":{"line":195,"column":45}},"locations":[{"start":{"line":195,"column":37},"end":{"line":195,"column":45}}]},"7":{"type":"branch","line":196,"loc":{"start":{"line":196,"column":20},"end":{"line":196,"column":44}},"locations":[{"start":{"line":196,"column":20},"end":{"line":196,"column":44}}]},"8":{"type":"branch","line":196,"loc":{"start":{"line":196,"column":40},"end":{"line":196,"column":47}},"locations":[{"start":{"line":196,"column":40},"end":{"line":196,"column":47}}]},"9":{"type":"branch","line":204,"loc":{"start":{"line":204,"column":13},"end":{"line":220,"column":17}},"locations":[{"start":{"line":204,"column":13},"end":{"line":220,"column":17}}]},"10":{"type":"branch","line":211,"loc":{"start":{"line":211,"column":19},"end":{"line":211,"column":41}},"locations":[{"start":{"line":211,"column":19},"end":{"line":211,"column":41}}]},"11":{"type":"branch","line":211,"loc":{"start":{"line":211,"column":30},"end":{"line":211,"column":68}},"locations":[{"start":{"line":211,"column":30},"end":{"line":211,"column":68}}]},"12":{"type":"branch","line":224,"loc":{"start":{"line":224,"column":52},"end":{"line":224,"column":95}},"locations":[{"start":{"line":224,"column":52},"end":{"line":224,"column":95}}]},"13":{"type":"branch","line":224,"loc":{"start":{"line":224,"column":72},"end":{"line":224,"column":117}},"locations":[{"start":{"line":224,"column":72},"end":{"line":224,"column":117}}]},"14":{"type":"branch","line":247,"loc":{"start":{"line":247,"column":27},"end":{"line":247,"column":68}},"locations":[{"start":{"line":247,"column":27},"end":{"line":247,"column":68}}]},"15":{"type":"branch","line":251,"loc":{"start":{"line":251,"column":7},"end":{"line":263,"column":10}},"locations":[{"start":{"line":251,"column":7},"end":{"line":263,"column":10}}]},"16":{"type":"branch","line":263,"loc":{"start":{"line":263,"column":8},"end":{"line":267,"column":14}},"locations":[{"start":{"line":263,"column":8},"end":{"line":267,"column":14}}]},"17":{"type":"branch","line":18,"loc":{"start":{"line":18,"column":33},"end":{"line":18,"column":61}},"locations":[{"start":{"line":18,"column":33},"end":{"line":18,"column":61}}]},"18":{"type":"branch","line":19,"loc":{"start":{"line":19,"column":29},"end":{"line":19,"column":53}},"locations":[{"start":{"line":19,"column":29},"end":{"line":19,"column":53}}]},"19":{"type":"branch","line":20,"loc":{"start":{"line":20,"column":25},"end":{"line":20,"column":45}},"locations":[{"start":{"line":20,"column":25},"end":{"line":20,"column":45}}]},"20":{"type":"branch","line":21,"loc":{"start":{"line":21,"column":29},"end":{"line":21,"column":53}},"locations":[{"start":{"line":21,"column":29},"end":{"line":21,"column":53}}]},"21":{"type":"branch","line":22,"loc":{"start":{"line":22,"column":34},"end":{"line":22,"column":63}},"locations":[{"start":{"line":22,"column":34},"end":{"line":22,"column":63}}]},"22":{"type":"branch","line":23,"loc":{"start":{"line":23,"column":39},"end":{"line":23,"column":73}},"locations":[{"start":{"line":23,"column":39},"end":{"line":23,"column":73}}]},"23":{"type":"branch","line":24,"loc":{"start":{"line":24,"column":37},"end":{"line":24,"column":69}},"locations":[{"start":{"line":24,"column":37},"end":{"line":24,"column":69}}]},"24":{"type":"branch","line":25,"loc":{"start":{"line":25,"column":34},"end":{"line":25,"column":63}},"locations":[{"start":{"line":25,"column":34},"end":{"line":25,"column":63}}]},"25":{"type":"branch","line":26,"loc":{"start":{"line":26,"column":34},"end":{"line":26,"column":63}},"locations":[{"start":{"line":26,"column":34},"end":{"line":26,"column":63}}]},"26":{"type":"branch","line":27,"loc":{"start":{"line":27,"column":35},"end":{"line":27,"column":65}},"locations":[{"start":{"line":27,"column":35},"end":{"line":27,"column":65}}]},"27":{"type":"branch","line":28,"loc":{"start":{"line":28,"column":38},"end":{"line":28,"column":71}},"locations":[{"start":{"line":28,"column":38},"end":{"line":28,"column":71}}]},"28":{"type":"branch","line":29,"loc":{"start":{"line":29,"column":39},"end":{"line":29,"column":73}},"locations":[{"start":{"line":29,"column":39},"end":{"line":29,"column":73}}]},"29":{"type":"branch","line":30,"loc":{"start":{"line":30,"column":32},"end":{"line":30,"column":59}},"locations":[{"start":{"line":30,"column":32},"end":{"line":30,"column":59}}]},"30":{"type":"branch","line":31,"loc":{"start":{"line":31,"column":32},"end":{"line":31,"column":59}},"locations":[{"start":{"line":31,"column":32},"end":{"line":31,"column":59}}]},"31":{"type":"branch","line":32,"loc":{"start":{"line":32,"column":31},"end":{"line":32,"column":57}},"locations":[{"start":{"line":32,"column":31},"end":{"line":32,"column":57}}]},"32":{"type":"branch","line":33,"loc":{"start":{"line":33,"column":32},"end":{"line":33,"column":59}},"locations":[{"start":{"line":33,"column":32},"end":{"line":33,"column":59}}]},"33":{"type":"branch","line":34,"loc":{"start":{"line":34,"column":35},"end":{"line":34,"column":65}},"locations":[{"start":{"line":34,"column":35},"end":{"line":34,"column":65}}]},"34":{"type":"branch","line":37,"loc":{"start":{"line":37,"column":27},"end":{"line":37,"column":49}},"locations":[{"start":{"line":37,"column":27},"end":{"line":37,"column":49}}]},"35":{"type":"branch","line":38,"loc":{"start":{"line":38,"column":34},"end":{"line":38,"column":63}},"locations":[{"start":{"line":38,"column":34},"end":{"line":38,"column":63}}]},"36":{"type":"branch","line":39,"loc":{"start":{"line":39,"column":38},"end":{"line":39,"column":71}},"locations":[{"start":{"line":39,"column":38},"end":{"line":39,"column":71}}]},"37":{"type":"branch","line":40,"loc":{"start":{"line":40,"column":41},"end":{"line":40,"column":77}},"locations":[{"start":{"line":40,"column":41},"end":{"line":40,"column":77}}]},"38":{"type":"branch","line":46,"loc":{"start":{"line":46,"column":21},"end":{"line":56,"column":4}},"locations":[{"start":{"line":46,"column":21},"end":{"line":56,"column":4}}]},"39":{"type":"branch","line":49,"loc":{"start":{"line":49,"column":31},"end":{"line":51,"column":13}},"locations":[{"start":{"line":49,"column":31},"end":{"line":51,"column":13}}]},"40":{"type":"branch","line":51,"loc":{"start":{"line":51,"column":4},"end":{"line":53,"column":6}},"locations":[{"start":{"line":51,"column":4},"end":{"line":53,"column":6}}]},"41":{"type":"branch","line":52,"loc":{"start":{"line":52,"column":59},"end":{"line":52,"column":77}},"locations":[{"start":{"line":52,"column":59},"end":{"line":52,"column":77}}]},"42":{"type":"branch","line":59,"loc":{"start":{"line":59,"column":24},"end":{"line":63,"column":4}},"locations":[{"start":{"line":59,"column":24},"end":{"line":63,"column":4}}]},"43":{"type":"branch","line":60,"loc":{"start":{"line":60,"column":41},"end":{"line":62,"column":5}},"locations":[{"start":{"line":60,"column":41},"end":{"line":62,"column":5}}]},"44":{"type":"branch","line":66,"loc":{"start":{"line":66,"column":12},"end":{"line":76,"column":5}},"locations":[{"start":{"line":66,"column":12},"end":{"line":76,"column":5}}]},"45":{"type":"branch","line":75,"loc":{"start":{"line":75,"column":11},"end":{"line":75,"column":80}},"locations":[{"start":{"line":75,"column":11},"end":{"line":75,"column":80}}]},"46":{"type":"branch","line":79,"loc":{"start":{"line":79,"column":12},"end":{"line":85,"column":5}},"locations":[{"start":{"line":79,"column":12},"end":{"line":85,"column":5}}]},"47":{"type":"branch","line":82,"loc":{"start":{"line":82,"column":69},"end":{"line":82,"column":78}},"locations":[{"start":{"line":82,"column":69},"end":{"line":82,"column":78}}]},"48":{"type":"branch","line":88,"loc":{"start":{"line":88,"column":12},"end":{"line":97,"column":5}},"locations":[{"start":{"line":88,"column":12},"end":{"line":97,"column":5}}]},"49":{"type":"branch","line":90,"loc":{"start":{"line":90,"column":22},"end":{"line":90,"column":29}},"locations":[{"start":{"line":90,"column":22},"end":{"line":90,"column":29}}]},"50":{"type":"branch","line":92,"loc":{"start":{"line":92,"column":24},"end":{"line":94,"column":11}},"locations":[{"start":{"line":92,"column":24},"end":{"line":94,"column":11}}]},"51":{"type":"branch","line":100,"loc":{"start":{"line":100,"column":12},"end":{"line":182,"column":5}},"locations":[{"start":{"line":100,"column":12},"end":{"line":182,"column":5}}]}},"b":{"0":[26],"1":[1],"2":[24],"3":[1],"4":[23],"5":[1],"6":[22],"7":[0],"8":[23],"9":[12],"10":[3],"11":[9],"12":[1],"13":[22],"14":[22],"15":[2],"16":[21],"17":[75],"18":[75],"19":[75],"20":[75],"21":[75],"22":[75],"23":[75],"24":[75],"25":[75],"26":[75],"27":[75],"28":[75],"29":[75],"30":[75],"31":[75],"32":[75],"33":[75],"34":[75],"35":[75],"36":[75],"37":[75],"38":[3],"39":[2],"40":[1],"41":[0],"42":[2],"43":[1],"44":[20],"45":[20],"46":[20],"47":[1],"48":[20],"49":[0],"50":[0],"51":[20]},"fnMap":{"0":{"name":"App","decl":{"start":{"line":16,"column":29},"end":{"line":271,"column":2}},"loc":{"start":{"line":16,"column":29},"end":{"line":271,"column":2}},"line":16},"1":{"name":"handleSave","decl":{"start":{"line":46,"column":21},"end":{"line":56,"column":4}},"loc":{"start":{"line":46,"column":21},"end":{"line":56,"column":4}},"line":46},"2":{"name":"handleDiscard","decl":{"start":{"line":59,"column":24},"end":{"line":63,"column":4}},"loc":{"start":{"line":59,"column":24},"end":{"line":63,"column":4}},"line":59},"3":{"name":"handleBeforeUnload","decl":{"start":{"line":67,"column":31},"end":{"line":72,"column":6}},"loc":{"start":{"line":67,"column":31},"end":{"line":72,"column":6}},"line":67},"4":{"name":"onDrop","decl":{"start":{"line":102,"column":14},"end":{"line":180,"column":7}},"loc":{"start":{"line":102,"column":14},"end":{"line":180,"column":7}},"line":102}},"f":{"0":26,"1":3,"2":2,"3":0,"4":0}}
,"/usr/src/redmine/plugins/redmine_epic_ladder/assets/javascripts/epic_ladder/src/index.production.tsx": {"path":"/usr/src/redmine/plugins/redmine_epic_ladder/assets/javascripts/epic_ladder/src/index.production.tsx","all":true,"statementMap":{"0":{"start":{"line":1,"column":0},"end":{"line":1,"column":26}},"1":{"start":{"line":2,"column":0},"end":{"line":2,"column":40}},"2":{"start":{"line":3,"column":0},"end":{"line":3,"column":28}},"3":{"start":{"line":4,"column":0},"end":{"line":4,"column":44}},"5":{"start":{"line":6,"column":0},"end":{"line":6,"column":60}},"8":{"start":{"line":9,"column":0},"end":{"line":9,"column":36}},"11":{"start":{"line":12,"column":0},"end":{"line":12,"column":59}},"13":{"start":{"line":14,"column":0},"end":{"line":14,"column":18}},"14":{"start":{"line":15,"column":0},"end":{"line":15,"column":48}},"15":{"start":{"line":16,"column":0},"end":{"line":16,"column":14}},"16":{"start":{"line":17,"column":0},"end":{"line":17,"column":22}},"17":{"start":{"line":18,"column":0},"end":{"line":18,"column":13}},"18":{"start":{"line":19,"column":0},"end":{"line":19,"column":23}},"19":{"start":{"line":20,"column":0},"end":{"line":20,"column":4}},"20":{"start":{"line":21,"column":0},"end":{"line":21,"column":60}},"21":{"start":{"line":22,"column":0},"end":{"line":22,"column":8}},"22":{"start":{"line":23,"column":0},"end":{"line":23,"column":70}},"23":{"start":{"line":24,"column":0},"end":{"line":24,"column":1}}},"s":{"0":0,"1":0,"2":0,"3":0,"5":0,"8":0,"11":0,"13":0,"14":0,"15":0,"16":0,"17":0,"18":0,"19":0,"20":0,"21":0,"22":0,"23":0},"branchMap":{"0":{"type":"branch","line":1,"loc":{"start":{"line":1,"column":0},"end":{"line":24,"column":-236}},"locations":[{"start":{"line":1,"column":0},"end":{"line":24,"column":-236}}]}},"b":{"0":[0]},"fnMap":{"0":{"name":"(empty-report)","decl":{"start":{"line":1,"column":0},"end":{"line":24,"column":-236}},"loc":{"start":{"line":1,"column":0},"end":{"line":24,"column":-236}},"line":1}},"f":{"0":0}}
,"/usr/src/redmine/plugins/redmine_epic_ladder/assets/javascripts/epic_ladder/src/index.tsx": {"path":"/usr/src/redmine/plugins/redmine_epic_ladder/assets/javascripts/epic_ladder/src/index.tsx","all":true,"statementMap":{"0":{"start":{"line":1,"column":0},"end":{"line":1,"column":26}},"1":{"start":{"line":2,"column":0},"end":{"line":2,"column":40}},"2":{"start":{"line":3,"column":0},"end":{"line":3,"column":28}},"3":{"start":{"line":4,"column":0},"end":{"line":4,"column":44}},"5":{"start":{"line":6,"column":0},"end":{"line":6,"column":47}},"8":{"start":{"line":9,"column":0},"end":{"line":9,"column":36}},"11":{"start":{"line":12,"column":0},"end":{"line":12,"column":24}},"12":{"start":{"line":13,"column":0},"end":{"line":13,"column":61}},"14":{"start":{"line":15,"column":0},"end":{"line":15,"column":20}},"15":{"start":{"line":16,"column":0},"end":{"line":16,"column":50}},"16":{"start":{"line":17,"column":0},"end":{"line":17,"column":16}},"17":{"start":{"line":18,"column":0},"end":{"line":18,"column":24}},"18":{"start":{"line":19,"column":0},"end":{"line":19,"column":15}},"19":{"start":{"line":20,"column":0},"end":{"line":20,"column":25}},"20":{"start":{"line":21,"column":0},"end":{"line":21,"column":6}},"21":{"start":{"line":22,"column":0},"end":{"line":22,"column":62}},"22":{"start":{"line":23,"column":0},"end":{"line":23,"column":10}},"23":{"start":{"line":24,"column":0},"end":{"line":24,"column":72}},"24":{"start":{"line":25,"column":0},"end":{"line":25,"column":3}},"25":{"start":{"line":26,"column":0},"end":{"line":26,"column":2}},"27":{"start":{"line":28,"column":0},"end":{"line":28,"column":45}},"29":{"start":{"line":30,"column":0},"end":{"line":30,"column":27}},"30":{"start":{"line":31,"column":0},"end":{"line":31,"column":33}},"31":{"start":{"line":32,"column":0},"end":{"line":32,"column":20}},"32":{"start":{"line":33,"column":0},"end":{"line":33,"column":21}},"33":{"start":{"line":34,"column":0},"end":{"line":34,"column":56}},"34":{"start":{"line":35,"column":0},"end":{"line":35,"column":21}},"35":{"start":{"line":36,"column":0},"end":{"line":36,"column":10}},"36":{"start":{"line":37,"column":0},"end":{"line":37,"column":27}},"37":{"start":{"line":38,"column":0},"end":{"line":38,"column":57}},"38":{"start":{"line":39,"column":0},"end":{"line":39,"column":63}},"39":{"start":{"line":40,"column":0},"end":{"line":40,"column":21}},"40":{"start":{"line":41,"column":0},"end":{"line":41,"column":11}},"41":{"start":{"line":42,"column":0},"end":{"line":42,"column":6}},"42":{"start":{"line":43,"column":0},"end":{"line":43,"column":23}},"43":{"start":{"line":44,"column":0},"end":{"line":44,"column":59}},"44":{"start":{"line":45,"column":0},"end":{"line":45,"column":59}},"45":{"start":{"line":46,"column":0},"end":{"line":46,"column":17}},"46":{"start":{"line":47,"column":0},"end":{"line":47,"column":7}},"47":{"start":{"line":48,"column":0},"end":{"line":48,"column":8}},"49":{"start":{"line":50,"column":0},"end":{"line":50,"column":13}},"50":{"start":{"line":51,"column":0},"end":{"line":51,"column":1}}},"s":{"0":0,"1":0,"2":0,"3":0,"5":0,"8":0,"11":0,"12":0,"14":0,"15":0,"16":0,"17":0,"18":0,"19":0,"20":0,"21":0,"22":0,"23":0,"24":0,"25":0,"27":0,"29":0,"30":0,"31":0,"32":0,"33":0,"34":0,"35":0,"36":0,"37":0,"38":0,"39":0,"40":0,"41":0,"42":0,"43":0,"44":0,"45":0,"46":0,"47":0,"49":0,"50":0},"branchMap":{"0":{"type":"branch","line":1,"loc":{"start":{"line":1,"column":0},"end":{"line":51,"column":-328}},"locations":[{"start":{"line":1,"column":0},"end":{"line":51,"column":-328}}]}},"b":{"0":[0]},"fnMap":{"0":{"name":"(empty-report)","decl":{"start":{"line":1,"column":0},"end":{"line":51,"column":-328}},"loc":{"start":{"line":1,"column":0},"end":{"line":51,"column":-328}},"line":1}},"f":{"0":0}}
,"/usr/src/redmine/plugins/redmine_epic_ladder/assets/javascripts/epic_ladder/src/test-setup.ts": {"path":"/usr/src/redmine/plugins/redmine_epic_ladder/assets/javascripts/epic_ladder/src/test-setup.ts","all":true,"statementMap":{"0":{"start":{"line":1,"column":0},"end":{"line":1,"column":56}},"1":{"start":{"line":2,"column":0},"end":{"line":2,"column":49}},"2":{"start":{"line":3,"column":0},"end":{"line":3,"column":63}},"3":{"start":{"line":4,"column":0},"end":{"line":4,"column":32}},"4":{"start":{"line":5,"column":0},"end":{"line":5,"column":40}},"7":{"start":{"line":8,"column":0},"end":{"line":8,"column":24}},"10":{"start":{"line":11,"column":0},"end":{"line":11,"column":64}},"11":{"start":{"line":12,"column":0},"end":{"line":12,"column":17}},"12":{"start":{"line":13,"column":0},"end":{"line":13,"column":25}},"13":{"start":{"line":14,"column":0},"end":{"line":14,"column":12}},"14":{"start":{"line":15,"column":0},"end":{"line":15,"column":3}},"15":{"start":{"line":16,"column":0},"end":{"line":16,"column":31}}},"s":{"0":0,"1":0,"2":0,"3":0,"4":0,"7":0,"10":0,"11":0,"12":0,"13":0,"14":0,"15":0},"branchMap":{"0":{"type":"branch","line":1,"loc":{"start":{"line":1,"column":0},"end":{"line":16,"column":-206}},"locations":[{"start":{"line":1,"column":0},"end":{"line":16,"column":-206}}]}},"b":{"0":[0]},"fnMap":{"0":{"name":"(empty-report)","decl":{"start":{"line":1,"column":0},"end":{"line":16,"column":-206}},"loc":{"start":{"line":1,"column":0},"end":{"line":16,"column":-206}},"line":1}},"f":{"0":0}}
,"/usr/src/redmine/plugins/redmine_epic_ladder/assets/javascripts/epic_ladder/src/api/kanban-api.ts": {"path":"/usr/src/redmine/plugins/redmine_epic_ladder/assets/javascripts/epic_ladder/src/api/kanban-api.ts","all":false,"statementMap":{"79":{"start":{"line":80,"column":0},"end":{"line":80,"column":40}},"81":{"start":{"line":82,"column":0},"end":{"line":82,"column":87}},"82":{"start":{"line":83,"column":0},"end":{"line":83,"column":16}},"83":{"start":{"line":84,"column":0},"end":{"line":84,"column":27}},"84":{"start":{"line":85,"column":0},"end":{"line":85,"column":3}},"87":{"start":{"line":88,"column":0},"end":{"line":88,"column":100}},"88":{"start":{"line":89,"column":0},"end":{"line":89,"column":19}},"89":{"start":{"line":90,"column":0},"end":{"line":90,"column":28}},"90":{"start":{"line":91,"column":0},"end":{"line":91,"column":3}},"92":{"start":{"line":93,"column":0},"end":{"line":93,"column":14}},"93":{"start":{"line":94,"column":0},"end":{"line":94,"column":1}},"98":{"start":{"line":99,"column":0},"end":{"line":99,"column":78}},"99":{"start":{"line":100,"column":0},"end":{"line":100,"column":32}},"100":{"start":{"line":101,"column":0},"end":{"line":101,"column":61}},"101":{"start":{"line":102,"column":0},"end":{"line":102,"column":4}},"103":{"start":{"line":104,"column":0},"end":{"line":104,"column":35}},"104":{"start":{"line":105,"column":0},"end":{"line":105,"column":18}},"105":{"start":{"line":106,"column":0},"end":{"line":106,"column":40}},"106":{"start":{"line":107,"column":0},"end":{"line":107,"column":3}},"108":{"start":{"line":109,"column":0},"end":{"line":109,"column":27}},"109":{"start":{"line":110,"column":0},"end":{"line":110,"column":49}},"110":{"start":{"line":111,"column":0},"end":{"line":111,"column":3}},"112":{"start":{"line":113,"column":0},"end":{"line":113,"column":17}},"113":{"start":{"line":114,"column":0},"end":{"line":114,"column":1}},"119":{"start":{"line":120,"column":0},"end":{"line":120,"column":43}},"120":{"start":{"line":121,"column":0},"end":{"line":121,"column":14}},"121":{"start":{"line":122,"column":0},"end":{"line":122,"column":20}},"122":{"start":{"line":123,"column":0},"end":{"line":123,"column":24}},"123":{"start":{"line":124,"column":0},"end":{"line":124,"column":26}},"124":{"start":{"line":125,"column":0},"end":{"line":125,"column":44}},"125":{"start":{"line":126,"column":0},"end":{"line":126,"column":5}},"126":{"start":{"line":127,"column":0},"end":{"line":127,"column":19}},"127":{"start":{"line":128,"column":0},"end":{"line":128,"column":33}},"128":{"start":{"line":129,"column":0},"end":{"line":129,"column":3}},"129":{"start":{"line":130,"column":0},"end":{"line":130,"column":1}},"131":{"start":{"line":132,"column":0},"end":{"line":132,"column":66}},"132":{"start":{"line":133,"column":0},"end":{"line":133,"column":21}},"133":{"start":{"line":134,"column":0},"end":{"line":134,"column":59}},"134":{"start":{"line":135,"column":0},"end":{"line":135,"column":29}},"135":{"start":{"line":136,"column":0},"end":{"line":136,"column":30}},"136":{"start":{"line":137,"column":0},"end":{"line":137,"column":27}},"137":{"start":{"line":138,"column":0},"end":{"line":138,"column":22}},"138":{"start":{"line":139,"column":0},"end":{"line":139,"column":29}},"139":{"start":{"line":140,"column":0},"end":{"line":140,"column":6}},"140":{"start":{"line":141,"column":0},"end":{"line":141,"column":3}},"141":{"start":{"line":142,"column":0},"end":{"line":142,"column":25}},"142":{"start":{"line":143,"column":0},"end":{"line":143,"column":1}},"151":{"start":{"line":152,"column":0},"end":{"line":152,"column":36}},"152":{"start":{"line":153,"column":0},"end":{"line":153,"column":29}},"153":{"start":{"line":154,"column":0},"end":{"line":154,"column":12}},"158":{"start":{"line":159,"column":0},"end":{"line":159,"column":8}},"159":{"start":{"line":160,"column":0},"end":{"line":160,"column":35}},"160":{"start":{"line":161,"column":0},"end":{"line":161,"column":39}},"161":{"start":{"line":162,"column":0},"end":{"line":162,"column":45}},"162":{"start":{"line":163,"column":0},"end":{"line":163,"column":68}},"163":{"start":{"line":164,"column":0},"end":{"line":164,"column":3}},"164":{"start":{"line":165,"column":0},"end":{"line":165,"column":54}},"165":{"start":{"line":166,"column":0},"end":{"line":166,"column":86}},"166":{"start":{"line":167,"column":0},"end":{"line":167,"column":3}},"169":{"start":{"line":170,"column":0},"end":{"line":170,"column":24}},"170":{"start":{"line":171,"column":0},"end":{"line":171,"column":63}},"171":{"start":{"line":172,"column":0},"end":{"line":172,"column":50}},"172":{"start":{"line":173,"column":0},"end":{"line":173,"column":35}},"174":{"start":{"line":175,"column":0},"end":{"line":175,"column":76}},"175":{"start":{"line":176,"column":0},"end":{"line":176,"column":16}},"176":{"start":{"line":177,"column":0},"end":{"line":177,"column":58}},"177":{"start":{"line":178,"column":0},"end":{"line":178,"column":9}},"178":{"start":{"line":179,"column":0},"end":{"line":179,"column":7}},"179":{"start":{"line":180,"column":0},"end":{"line":180,"column":7}},"180":{"start":{"line":181,"column":0},"end":{"line":181,"column":3}},"183":{"start":{"line":184,"column":0},"end":{"line":184,"column":29}},"184":{"start":{"line":185,"column":0},"end":{"line":185,"column":36}},"185":{"start":{"line":186,"column":0},"end":{"line":186,"column":86}},"186":{"start":{"line":187,"column":0},"end":{"line":187,"column":100}},"187":{"start":{"line":188,"column":0},"end":{"line":188,"column":5}},"188":{"start":{"line":189,"column":0},"end":{"line":189,"column":39}},"189":{"start":{"line":190,"column":0},"end":{"line":190,"column":92}},"190":{"start":{"line":191,"column":0},"end":{"line":191,"column":106}},"191":{"start":{"line":192,"column":0},"end":{"line":192,"column":5}},"192":{"start":{"line":193,"column":0},"end":{"line":193,"column":3}},"194":{"start":{"line":195,"column":0},"end":{"line":195,"column":98}},"195":{"start":{"line":196,"column":0},"end":{"line":196,"column":37}},"196":{"start":{"line":197,"column":0},"end":{"line":197,"column":48}},"197":{"start":{"line":198,"column":0},"end":{"line":198,"column":32}},"198":{"start":{"line":199,"column":0},"end":{"line":199,"column":5}},"199":{"start":{"line":200,"column":0},"end":{"line":200,"column":57}},"200":{"start":{"line":201,"column":0},"end":{"line":201,"column":1}},"205":{"start":{"line":206,"column":0},"end":{"line":206,"column":35}},"206":{"start":{"line":207,"column":0},"end":{"line":207,"column":29}},"207":{"start":{"line":208,"column":0},"end":{"line":208,"column":15}},"208":{"start":{"line":209,"column":0},"end":{"line":209,"column":29}},"209":{"start":{"line":210,"column":0},"end":{"line":210,"column":101}},"210":{"start":{"line":211,"column":0},"end":{"line":211,"column":37}},"211":{"start":{"line":212,"column":0},"end":{"line":212,"column":31}},"212":{"start":{"line":213,"column":0},"end":{"line":213,"column":32}},"213":{"start":{"line":214,"column":0},"end":{"line":214,"column":5}},"214":{"start":{"line":215,"column":0},"end":{"line":215,"column":51}},"215":{"start":{"line":216,"column":0},"end":{"line":216,"column":1}},"224":{"start":{"line":225,"column":0},"end":{"line":225,"column":33}},"225":{"start":{"line":226,"column":0},"end":{"line":226,"column":29}},"226":{"start":{"line":227,"column":0},"end":{"line":227,"column":25}},"227":{"start":{"line":228,"column":0},"end":{"line":228,"column":32}},"228":{"start":{"line":229,"column":0},"end":{"line":229,"column":78}},"229":{"start":{"line":230,"column":0},"end":{"line":230,"column":19}},"230":{"start":{"line":231,"column":0},"end":{"line":231,"column":31}},"231":{"start":{"line":232,"column":0},"end":{"line":232,"column":37}},"232":{"start":{"line":233,"column":0},"end":{"line":233,"column":30}},"233":{"start":{"line":234,"column":0},"end":{"line":234,"column":5}},"234":{"start":{"line":235,"column":0},"end":{"line":235,"column":54}},"235":{"start":{"line":236,"column":0},"end":{"line":236,"column":1}},"240":{"start":{"line":241,"column":0},"end":{"line":241,"column":36}},"241":{"start":{"line":242,"column":0},"end":{"line":242,"column":29}},"242":{"start":{"line":243,"column":0},"end":{"line":243,"column":28}},"243":{"start":{"line":244,"column":0},"end":{"line":244,"column":35}},"244":{"start":{"line":245,"column":0},"end":{"line":245,"column":78}},"245":{"start":{"line":246,"column":0},"end":{"line":246,"column":19}},"246":{"start":{"line":247,"column":0},"end":{"line":247,"column":31}},"247":{"start":{"line":248,"column":0},"end":{"line":248,"column":37}},"248":{"start":{"line":249,"column":0},"end":{"line":249,"column":30}},"249":{"start":{"line":250,"column":0},"end":{"line":250,"column":5}},"250":{"start":{"line":251,"column":0},"end":{"line":251,"column":57}},"251":{"start":{"line":252,"column":0},"end":{"line":252,"column":1}},"256":{"start":{"line":257,"column":0},"end":{"line":257,"column":38}},"257":{"start":{"line":258,"column":0},"end":{"line":258,"column":29}},"258":{"start":{"line":259,"column":0},"end":{"line":259,"column":20}},"259":{"start":{"line":260,"column":0},"end":{"line":260,"column":30}},"260":{"start":{"line":261,"column":0},"end":{"line":261,"column":37}},"261":{"start":{"line":262,"column":0},"end":{"line":262,"column":31}},"262":{"start":{"line":263,"column":0},"end":{"line":263,"column":75}},"263":{"start":{"line":264,"column":0},"end":{"line":264,"column":5}},"264":{"start":{"line":265,"column":0},"end":{"line":265,"column":21}},"265":{"start":{"line":266,"column":0},"end":{"line":266,"column":33}},"266":{"start":{"line":267,"column":0},"end":{"line":267,"column":39}},"267":{"start":{"line":268,"column":0},"end":{"line":268,"column":32}},"268":{"start":{"line":269,"column":0},"end":{"line":269,"column":5}},"269":{"start":{"line":270,"column":0},"end":{"line":270,"column":4}},"270":{"start":{"line":271,"column":0},"end":{"line":271,"column":59}},"271":{"start":{"line":272,"column":0},"end":{"line":272,"column":1}},"276":{"start":{"line":277,"column":0},"end":{"line":277,"column":33}},"277":{"start":{"line":278,"column":0},"end":{"line":278,"column":29}},"278":{"start":{"line":279,"column":0},"end":{"line":279,"column":22}},"279":{"start":{"line":280,"column":0},"end":{"line":280,"column":25}},"280":{"start":{"line":281,"column":0},"end":{"line":281,"column":32}},"281":{"start":{"line":282,"column":0},"end":{"line":282,"column":31}},"282":{"start":{"line":283,"column":0},"end":{"line":283,"column":83}},"283":{"start":{"line":284,"column":0},"end":{"line":284,"column":5}},"284":{"start":{"line":285,"column":0},"end":{"line":285,"column":21}},"285":{"start":{"line":286,"column":0},"end":{"line":286,"column":33}},"286":{"start":{"line":287,"column":0},"end":{"line":287,"column":39}},"287":{"start":{"line":288,"column":0},"end":{"line":288,"column":32}},"288":{"start":{"line":289,"column":0},"end":{"line":289,"column":5}},"289":{"start":{"line":290,"column":0},"end":{"line":290,"column":4}},"290":{"start":{"line":291,"column":0},"end":{"line":291,"column":54}},"291":{"start":{"line":292,"column":0},"end":{"line":292,"column":1}},"296":{"start":{"line":297,"column":0},"end":{"line":297,"column":33}},"297":{"start":{"line":298,"column":0},"end":{"line":298,"column":29}},"298":{"start":{"line":299,"column":0},"end":{"line":299,"column":22}},"299":{"start":{"line":300,"column":0},"end":{"line":300,"column":25}},"300":{"start":{"line":301,"column":0},"end":{"line":301,"column":32}},"301":{"start":{"line":302,"column":0},"end":{"line":302,"column":31}},"302":{"start":{"line":303,"column":0},"end":{"line":303,"column":83}},"303":{"start":{"line":304,"column":0},"end":{"line":304,"column":5}},"304":{"start":{"line":305,"column":0},"end":{"line":305,"column":21}},"305":{"start":{"line":306,"column":0},"end":{"line":306,"column":33}},"306":{"start":{"line":307,"column":0},"end":{"line":307,"column":39}},"307":{"start":{"line":308,"column":0},"end":{"line":308,"column":32}},"308":{"start":{"line":309,"column":0},"end":{"line":309,"column":5}},"309":{"start":{"line":310,"column":0},"end":{"line":310,"column":4}},"310":{"start":{"line":311,"column":0},"end":{"line":311,"column":54}},"311":{"start":{"line":312,"column":0},"end":{"line":312,"column":1}},"316":{"start":{"line":317,"column":0},"end":{"line":317,"column":32}},"317":{"start":{"line":318,"column":0},"end":{"line":318,"column":29}},"318":{"start":{"line":319,"column":0},"end":{"line":319,"column":22}},"319":{"start":{"line":320,"column":0},"end":{"line":320,"column":24}},"320":{"start":{"line":321,"column":0},"end":{"line":321,"column":31}},"321":{"start":{"line":322,"column":0},"end":{"line":322,"column":31}},"322":{"start":{"line":323,"column":0},"end":{"line":323,"column":82}},"323":{"start":{"line":324,"column":0},"end":{"line":324,"column":5}},"324":{"start":{"line":325,"column":0},"end":{"line":325,"column":21}},"325":{"start":{"line":326,"column":0},"end":{"line":326,"column":33}},"326":{"start":{"line":327,"column":0},"end":{"line":327,"column":39}},"327":{"start":{"line":328,"column":0},"end":{"line":328,"column":32}},"328":{"start":{"line":329,"column":0},"end":{"line":329,"column":5}},"329":{"start":{"line":330,"column":0},"end":{"line":330,"column":4}},"330":{"start":{"line":331,"column":0},"end":{"line":331,"column":53}},"331":{"start":{"line":332,"column":0},"end":{"line":332,"column":1}},"336":{"start":{"line":337,"column":0},"end":{"line":337,"column":36}},"337":{"start":{"line":338,"column":0},"end":{"line":338,"column":29}},"338":{"start":{"line":339,"column":0},"end":{"line":339,"column":28}},"339":{"start":{"line":340,"column":0},"end":{"line":340,"column":35}},"340":{"start":{"line":341,"column":0},"end":{"line":341,"column":81}},"341":{"start":{"line":342,"column":0},"end":{"line":342,"column":19}},"342":{"start":{"line":343,"column":0},"end":{"line":343,"column":31}},"343":{"start":{"line":344,"column":0},"end":{"line":344,"column":37}},"344":{"start":{"line":345,"column":0},"end":{"line":345,"column":30}},"345":{"start":{"line":346,"column":0},"end":{"line":346,"column":5}},"346":{"start":{"line":347,"column":0},"end":{"line":347,"column":57}},"347":{"start":{"line":348,"column":0},"end":{"line":348,"column":1}},"356":{"start":{"line":357,"column":0},"end":{"line":357,"column":34}},"357":{"start":{"line":358,"column":0},"end":{"line":358,"column":29}},"358":{"start":{"line":359,"column":0},"end":{"line":359,"column":26}},"359":{"start":{"line":360,"column":0},"end":{"line":360,"column":33}},"360":{"start":{"line":361,"column":0},"end":{"line":361,"column":90}},"361":{"start":{"line":362,"column":0},"end":{"line":362,"column":19}},"362":{"start":{"line":363,"column":0},"end":{"line":363,"column":31}},"363":{"start":{"line":364,"column":0},"end":{"line":364,"column":37}},"364":{"start":{"line":365,"column":0},"end":{"line":365,"column":30}},"365":{"start":{"line":366,"column":0},"end":{"line":366,"column":5}},"366":{"start":{"line":367,"column":0},"end":{"line":367,"column":55}},"367":{"start":{"line":368,"column":0},"end":{"line":368,"column":1}},"372":{"start":{"line":373,"column":0},"end":{"line":373,"column":36}},"373":{"start":{"line":374,"column":0},"end":{"line":374,"column":29}},"374":{"start":{"line":375,"column":0},"end":{"line":375,"column":28}},"375":{"start":{"line":376,"column":0},"end":{"line":376,"column":35}},"376":{"start":{"line":377,"column":0},"end":{"line":377,"column":93}},"377":{"start":{"line":378,"column":0},"end":{"line":378,"column":19}},"378":{"start":{"line":379,"column":0},"end":{"line":379,"column":31}},"379":{"start":{"line":380,"column":0},"end":{"line":380,"column":37}},"380":{"start":{"line":381,"column":0},"end":{"line":381,"column":30}},"381":{"start":{"line":382,"column":0},"end":{"line":382,"column":5}},"382":{"start":{"line":383,"column":0},"end":{"line":383,"column":57}},"383":{"start":{"line":384,"column":0},"end":{"line":384,"column":1}},"388":{"start":{"line":389,"column":0},"end":{"line":389,"column":35}},"389":{"start":{"line":390,"column":0},"end":{"line":390,"column":29}},"390":{"start":{"line":391,"column":0},"end":{"line":391,"column":27}},"391":{"start":{"line":392,"column":0},"end":{"line":392,"column":34}},"392":{"start":{"line":393,"column":0},"end":{"line":393,"column":91}},"393":{"start":{"line":394,"column":0},"end":{"line":394,"column":19}},"394":{"start":{"line":395,"column":0},"end":{"line":395,"column":31}},"395":{"start":{"line":396,"column":0},"end":{"line":396,"column":37}},"396":{"start":{"line":397,"column":0},"end":{"line":397,"column":30}},"397":{"start":{"line":398,"column":0},"end":{"line":398,"column":5}},"398":{"start":{"line":399,"column":0},"end":{"line":399,"column":56}},"399":{"start":{"line":400,"column":0},"end":{"line":400,"column":1}},"404":{"start":{"line":405,"column":0},"end":{"line":405,"column":38}},"405":{"start":{"line":406,"column":0},"end":{"line":406,"column":29}},"406":{"start":{"line":407,"column":0},"end":{"line":407,"column":30}},"407":{"start":{"line":408,"column":0},"end":{"line":408,"column":37}},"408":{"start":{"line":409,"column":0},"end":{"line":409,"column":94}},"409":{"start":{"line":410,"column":0},"end":{"line":410,"column":19}},"410":{"start":{"line":411,"column":0},"end":{"line":411,"column":31}},"411":{"start":{"line":412,"column":0},"end":{"line":412,"column":37}},"412":{"start":{"line":413,"column":0},"end":{"line":413,"column":30}},"413":{"start":{"line":414,"column":0},"end":{"line":414,"column":5}},"414":{"start":{"line":415,"column":0},"end":{"line":415,"column":59}},"415":{"start":{"line":416,"column":0},"end":{"line":416,"column":1}},"420":{"start":{"line":421,"column":0},"end":{"line":421,"column":34}},"421":{"start":{"line":422,"column":0},"end":{"line":422,"column":29}},"422":{"start":{"line":423,"column":0},"end":{"line":423,"column":26}},"423":{"start":{"line":424,"column":0},"end":{"line":424,"column":33}},"424":{"start":{"line":425,"column":0},"end":{"line":425,"column":90}},"425":{"start":{"line":426,"column":0},"end":{"line":426,"column":19}},"426":{"start":{"line":427,"column":0},"end":{"line":427,"column":31}},"427":{"start":{"line":428,"column":0},"end":{"line":428,"column":37}},"428":{"start":{"line":429,"column":0},"end":{"line":429,"column":30}},"429":{"start":{"line":430,"column":0},"end":{"line":430,"column":5}},"430":{"start":{"line":431,"column":0},"end":{"line":431,"column":55}},"431":{"start":{"line":432,"column":0},"end":{"line":432,"column":1}},"463":{"start":{"line":464,"column":0},"end":{"line":464,"column":80}},"464":{"start":{"line":465,"column":0},"end":{"line":465,"column":83}},"465":{"start":{"line":466,"column":0},"end":{"line":466,"column":19}},"466":{"start":{"line":467,"column":0},"end":{"line":467,"column":31}},"467":{"start":{"line":468,"column":0},"end":{"line":468,"column":32}},"468":{"start":{"line":469,"column":0},"end":{"line":469,"column":5}},"469":{"start":{"line":470,"column":0},"end":{"line":470,"column":33}},"470":{"start":{"line":471,"column":0},"end":{"line":471,"column":1}}},"s":{"79":68,"81":68,"82":68,"83":0,"84":0,"87":68,"88":68,"89":0,"90":0,"92":68,"93":68,"98":68,"99":68,"100":68,"101":68,"103":68,"104":68,"105":0,"106":0,"108":68,"109":24,"110":24,"112":68,"113":68,"119":1,"120":1,"121":2,"122":2,"123":2,"124":2,"125":2,"126":2,"127":2,"128":2,"129":1,"131":61,"132":61,"133":0,"134":0,"135":0,"136":0,"137":0,"138":0,"139":0,"140":0,"141":61,"142":61,"151":39,"152":39,"153":39,"158":39,"159":39,"160":39,"161":39,"162":0,"163":0,"164":39,"165":14,"166":14,"169":39,"170":14,"171":5,"172":5,"174":5,"175":5,"176":0,"177":0,"178":5,"179":14,"180":14,"183":39,"184":14,"185":14,"186":14,"187":14,"188":14,"189":14,"190":14,"191":14,"192":14,"194":39,"195":39,"196":39,"197":39,"198":39,"199":32,"200":32,"205":0,"206":0,"207":0,"208":0,"209":0,"210":0,"211":0,"212":0,"213":0,"214":0,"215":0,"224":3,"225":3,"226":3,"227":3,"228":3,"229":3,"230":3,"231":3,"232":3,"233":3,"234":3,"235":3,"240":2,"241":2,"242":2,"243":2,"244":2,"245":2,"246":2,"247":2,"248":2,"249":2,"250":2,"251":2,"256":2,"257":2,"258":2,"259":2,"260":2,"261":2,"262":2,"263":2,"264":2,"265":2,"266":2,"267":2,"268":2,"269":2,"270":2,"271":2,"276":2,"277":2,"278":2,"279":2,"280":2,"281":2,"282":2,"283":2,"284":2,"285":2,"286":2,"287":2,"288":2,"289":2,"290":2,"291":2,"296":1,"297":1,"298":1,"299":1,"300":1,"301":1,"302":1,"303":1,"304":1,"305":1,"306":1,"307":1,"308":1,"309":1,"310":1,"311":1,"316":1,"317":1,"318":1,"319":1,"320":1,"321":1,"322":1,"323":1,"324":1,"325":1,"326":1,"327":1,"328":1,"329":1,"330":1,"331":1,"336":1,"337":1,"338":1,"339":1,"340":1,"341":1,"342":1,"343":1,"344":1,"345":1,"346":1,"347":1,"356":2,"357":2,"358":2,"359":2,"360":2,"361":2,"362":2,"363":2,"364":2,"365":2,"366":2,"367":2,"372":2,"373":2,"374":2,"375":2,"376":2,"377":2,"378":2,"379":2,"380":2,"381":2,"382":2,"383":2,"388":2,"389":2,"390":2,"391":2,"392":2,"393":2,"394":2,"395":2,"396":2,"397":2,"398":2,"399":2,"404":2,"405":2,"406":2,"407":2,"408":2,"409":2,"410":2,"411":2,"412":2,"413":2,"414":2,"415":2,"420":4,"421":4,"422":4,"423":4,"424":4,"425":4,"426":4,"427":4,"428":4,"429":4,"430":4,"431":4,"463":5,"464":5,"465":5,"466":5,"467":5,"468":5,"469":5,"470":5},"branchMap":{"0":{"type":"branch","line":80,"loc":{"start":{"line":80,"column":0},"end":{"line":94,"column":1}},"locations":[{"start":{"line":80,"column":0},"end":{"line":94,"column":1}}]},"1":{"type":"branch","line":83,"loc":{"start":{"line":83,"column":15},"end":{"line":85,"column":3}},"locations":[{"start":{"line":83,"column":15},"end":{"line":85,"column":3}}]},"2":{"type":"branch","line":89,"loc":{"start":{"line":89,"column":18},"end":{"line":91,"
[...]
,"column":0},"end":{"line":52,"column":72}},"52":{"start":{"line":53,"column":0},"end":{"line":53,"column":5}},"53":{"start":{"line":54,"column":0},"end":{"line":54,"column":3}},"56":{"start":{"line":57,"column":0},"end":{"line":57,"column":53}},"57":{"start":{"line":58,"column":0},"end":{"line":58,"column":61}},"58":{"start":{"line":59,"column":0},"end":{"line":59,"column":64}},"59":{"start":{"line":60,"column":0},"end":{"line":60,"column":5}},"60":{"start":{"line":61,"column":0},"end":{"line":61,"column":3}},"63":{"start":{"line":64,"column":0},"end":{"line":64,"column":53}},"64":{"start":{"line":65,"column":0},"end":{"line":65,"column":61}},"65":{"start":{"line":66,"column":0},"end":{"line":66,"column":64}},"66":{"start":{"line":67,"column":0},"end":{"line":67,"column":5}},"67":{"start":{"line":68,"column":0},"end":{"line":68,"column":3}},"70":{"start":{"line":71,"column":0},"end":{"line":71,"column":51}},"71":{"start":{"line":72,"column":0},"end":{"line":72,"column":60}},"72":{"start":{"line":73,"column":0},"end":{"line":73,"column":61}},"73":{"start":{"line":74,"column":0},"end":{"line":74,"column":5}},"74":{"start":{"line":75,"column":0},"end":{"line":75,"column":3}},"76":{"start":{"line":77,"column":0},"end":{"line":77,"column":14}},"77":{"start":{"line":78,"column":0},"end":{"line":78,"column":1}},"87":{"start":{"line":88,"column":0},"end":{"line":88,"column":84}},"88":{"start":{"line":89,"column":0},"end":{"line":89,"column":53}},"90":{"start":{"line":91,"column":0},"end":{"line":91,"column":34}},"93":{"start":{"line":94,"column":0},"end":{"line":94,"column":38}},"94":{"start":{"line":95,"column":0},"end":{"line":95,"column":78}},"95":{"start":{"line":96,"column":0},"end":{"line":96,"column":21}},"96":{"start":{"line":97,"column":0},"end":{"line":97,"column":55}},"97":{"start":{"line":98,"column":0},"end":{"line":98,"column":5}},"98":{"start":{"line":99,"column":0},"end":{"line":99,"column":3}},"100":{"start":{"line":101,"column":0},"end":{"line":101,"column":37}},"103":{"start":{"line":104,"column":0},"end":{"line":104,"column":53}},"104":{"start":{"line":105,"column":0},"end":{"line":105,"column":63}},"105":{"start":{"line":106,"column":0},"end":{"line":106,"column":73}},"106":{"start":{"line":107,"column":0},"end":{"line":107,"column":5}},"107":{"start":{"line":108,"column":0},"end":{"line":108,"column":3}},"110":{"start":{"line":111,"column":0},"end":{"line":111,"column":59}},"111":{"start":{"line":112,"column":0},"end":{"line":112,"column":64}},"112":{"start":{"line":113,"column":0},"end":{"line":113,"column":80}},"113":{"start":{"line":114,"column":0},"end":{"line":114,"column":5}},"114":{"start":{"line":115,"column":0},"end":{"line":115,"column":3}},"117":{"start":{"line":118,"column":0},"end":{"line":118,"column":61}},"118":{"start":{"line":119,"column":0},"end":{"line":119,"column":62}},"119":{"start":{"line":120,"column":0},"end":{"line":120,"column":79}},"120":{"start":{"line":121,"column":0},"end":{"line":121,"column":5}},"121":{"start":{"line":122,"column":0},"end":{"line":122,"column":3}},"124":{"start":{"line":125,"column":0},"end":{"line":125,"column":53}},"125":{"start":{"line":126,"column":0},"end":{"line":126,"column":61}},"126":{"start":{"line":127,"column":0},"end":{"line":127,"column":71}},"127":{"start":{"line":128,"column":0},"end":{"line":128,"column":5}},"128":{"start":{"line":129,"column":0},"end":{"line":129,"column":3}},"131":{"start":{"line":132,"column":0},"end":{"line":132,"column":53}},"132":{"start":{"line":133,"column":0},"end":{"line":133,"column":61}},"133":{"start":{"line":134,"column":0},"end":{"line":134,"column":71}},"134":{"start":{"line":135,"column":0},"end":{"line":135,"column":5}},"135":{"start":{"line":136,"column":0},"end":{"line":136,"column":3}},"138":{"start":{"line":139,"column":0},"end":{"line":139,"column":51}},"139":{"start":{"line":140,"column":0},"end":{"line":140,"column":60}},"140":{"start":{"line":141,"column":0},"end":{"line":141,"column":68}},"141":{"start":{"line":142,"column":0},"end":{"line":142,"column":5}},"142":{"start":{"line":143,"column":0},"end":{"line":143,"column":3}},"144":{"start":{"line":145,"column":0},"end":{"line":145,"column":17}},"145":{"start":{"line":146,"column":0},"end":{"line":146,"column":1}},"154":{"start":{"line":155,"column":0},"end":{"line":155,"column":84}},"155":{"start":{"line":156,"column":0},"end":{"line":156,"column":30}},"158":{"start":{"line":159,"column":0},"end":{"line":159,"column":30}},"159":{"start":{"line":160,"column":0},"end":{"line":160,"column":39}},"160":{"start":{"line":161,"column":0},"end":{"line":161,"column":64}},"161":{"start":{"line":162,"column":0},"end":{"line":162,"column":3}},"164":{"start":{"line":165,"column":0},"end":{"line":165,"column":33}},"165":{"start":{"line":166,"column":0},"end":{"line":166,"column":45}},"166":{"start":{"line":167,"column":0},"end":{"line":167,"column":71}},"167":{"start":{"line":168,"column":0},"end":{"line":168,"column":3}},"170":{"start":{"line":171,"column":0},"end":{"line":171,"column":37}},"171":{"start":{"line":172,"column":0},"end":{"line":172,"column":47}},"172":{"start":{"line":173,"column":0},"end":{"line":173,"column":70}},"173":{"start":{"line":174,"column":0},"end":{"line":174,"column":3}},"176":{"start":{"line":177,"column":0},"end":{"line":177,"column":30}},"177":{"start":{"line":178,"column":0},"end":{"line":178,"column":39}},"178":{"start":{"line":179,"column":0},"end":{"line":179,"column":62}},"179":{"start":{"line":180,"column":0},"end":{"line":180,"column":3}},"182":{"start":{"line":183,"column":0},"end":{"line":183,"column":30}},"183":{"start":{"line":184,"column":0},"end":{"line":184,"column":39}},"184":{"start":{"line":185,"column":0},"end":{"line":185,"column":62}},"185":{"start":{"line":186,"column":0},"end":{"line":186,"column":3}},"188":{"start":{"line":189,"column":0},"end":{"line":189,"column":29}},"189":{"start":{"line":190,"column":0},"end":{"line":190,"column":37}},"190":{"start":{"line":191,"column":0},"end":{"line":191,"column":59}},"191":{"start":{"line":192,"column":0},"end":{"line":192,"column":3}},"193":{"start":{"line":194,"column":0},"end":{"line":194,"column":14}},"194":{"start":{"line":195,"column":0},"end":{"line":195,"column":1}},"207":{"start":{"line":208,"column":0},"end":{"line":208,"column":95}},"213":{"start":{"line":214,"column":0},"end":{"line":214,"column":50}},"214":{"start":{"line":215,"column":0},"end":{"line":215,"column":1}},"224":{"start":{"line":225,"column":0},"end":{"line":225,"column":23}},"225":{"start":{"line":226,"column":0},"end":{"line":226,"column":51}},"226":{"start":{"line":227,"column":0},"end":{"line":227,"column":16}},"227":{"start":{"line":228,"column":0},"end":{"line":228,"column":22}},"228":{"start":{"line":229,"column":0},"end":{"line":229,"column":12}},"230":{"start":{"line":231,"column":0},"end":{"line":231,"column":19}},"231":{"start":{"line":232,"column":0},"end":{"line":232,"column":19}},"232":{"start":{"line":233,"column":0},"end":{"line":233,"column":57}},"233":{"start":{"line":234,"column":0},"end":{"line":234,"column":23}},"234":{"start":{"line":235,"column":0},"end":{"line":235,"column":73}},"235":{"start":{"line":236,"column":0},"end":{"line":236,"column":15}},"236":{"start":{"line":237,"column":0},"end":{"line":237,"column":59}},"237":{"start":{"line":238,"column":0},"end":{"line":238,"column":73}},"238":{"start":{"line":239,"column":0},"end":{"line":239,"column":3}},"239":{"start":{"line":240,"column":0},"end":{"line":240,"column":1}},"252":{"start":{"line":253,"column":0},"end":{"line":253,"column":90}},"255":{"start":{"line":256,"column":0},"end":{"line":256,"column":17}},"256":{"start":{"line":257,"column":0},"end":{"line":257,"column":1}}},"s":{"29":1,"30":9,"32":9,"35":9,"36":22,"37":2,"38":2,"39":22,"42":9,"43":17,"44":1,"45":1,"46":17,"49":9,"50":10,"51":1,"52":1,"53":10,"56":9,"57":7,"58":1,"59":1,"60":7,"63":3,"64":3,"65":1,"66":1,"67":3,"70":2,"71":2,"72":1,"73":1,"74":2,"76":1,"77":1,"87":1,"88":24,"90":24,"93":24,"94":3,"95":3,"96":2,"97":2,"98":3,"100":20,"103":24,"104":60,"105":5,"106":5,"107":60,"110":24,"111":60,"112":9,"113":9,"114":60,"117":24,"118":40,"119":9,"120":9,"121":40,"124":24,"125":40,"126":8,"127":8,"128":40,"131":20,"132":20,"133":8,"134":8,"135":20,"138":20,"139":20,"140":7,"141":7,"142":20,"144":20,"145":20,"154":1,"155":12,"158":12,"159":3,"160":3,"161":3,"164":12,"165":3,"166":3,"167":3,"170":12,"171":1,"172":1,"173":1,"176":12,"177":1,"178":1,"179":1,"182":12,"183":1,"184":1,"185":1,"188":12,"189":1,"190":1,"191":1,"193":2,"194":2,"207":1,"213":6,"214":6,"224":0,"225":0,"226":0,"227":0,"228":0,"230":0,"231":0,"232":0,"233":0,"234":0,"235":0,"236":0,"237":0,"238":0,"239":0,"252":0,"255":0,"256":0},"branchMap":{"0":{"type":"branch","line":30,"loc":{"start":{"line":30,"column":7},"end":{"line":78,"column":1}},"locations":[{"start":{"line":30,"column":7},"end":{"line":78,"column":1}}]},"1":{"type":"branch","line":33,"loc":{"start":{"line":33,"column":24},"end":{"line":33,"column":36}},"locations":[{"start":{"line":33,"column":24},"end":{"line":33,"column":36}}]},"2":{"type":"branch","line":33,"loc":{"start":{"line":33,"column":31},"end":{"line":36,"column":52}},"locations":[{"start":{"line":33,"column":31},"end":{"line":36,"column":52}}]},"3":{"type":"branch","line":36,"loc":{"start":{"line":36,"column":52},"end":{"line":40,"column":3}},"locations":[{"start":{"line":36,"column":52},"end":{"line":40,"column":3}}]},"4":{"type":"branch","line":37,"loc":{"start":{"line":37,"column":62},"end":{"line":39,"column":5}},"locations":[{"start":{"line":37,"column":62},"end":{"line":39,"column":5}}]},"5":{"type":"branch","line":40,"loc":{"start":{"line":40,"column":2},"end":{"line":43,"column":58}},"locations":[{"start":{"line":40,"column":2},"end":{"line":43,"column":58}}]},"6":{"type":"branch","line":43,"loc":{"start":{"line":43,"column":58},"end":{"line":47,"column":3}},"locations":[{"start":{"line":43,"column":58},"end":{"line":47,"column":3}}]},"7":{"type":"branch","line":44,"loc":{"start":{"line":44,"column":63},"end":{"line":46,"column":5}},"locations":[{"start":{"line":44,"column":63},"end":{"line":46,"column":5}}]},"8":{"type":"branch","line":47,"loc":{"start":{"line":47,"column":2},"end":{"line":50,"column":60}},"locations":[{"start":{"line":47,"column":2},"end":{"line":50,"column":60}}]},"9":{"type":"branch","line":50,"loc":{"start":{"line":50,"column":60},"end":{"line":54,"column":3}},"locations":[{"start":{"line":50,"column":60},"end":{"line":54,"column":3}}]},"10":{"type":"branch","line":51,"loc":{"start":{"line":51,"column":61},"end":{"line":53,"column":5}},"locations":[{"start":{"line":51,"column":61},"end":{"line":53,"column":5}}]},"11":{"type":"branch","line":54,"loc":{"start":{"line":54,"column":2},"end":{"line":57,"column":52}},"locations":[{"start":{"line":54,"column":2},"end":{"line":57,"column":52}}]},"12":{"type":"branch","line":57,"loc":{"start":{"line":57,"column":52},"end":{"line":61,"column":3}},"locations":[{"start":{"line":57,"column":52},"end":{"line":61,"column":3}}]},"13":{"type":"branch","line":58,"loc":{"start":{"line":58,"column":60},"end":{"line":60,"column":5}},"locations":[{"start":{"line":58,"column":60},"end":{"line":60,"column":5}}]},"14":{"type":"branch","line":61,"loc":{"start":{"line":61,"column":2},"end":{"line":68,"column":3}},"locations":[{"start":{"line":61,"column":2},"end":{"line":68,"column":3}}]},"15":{"type":"branch","line":65,"loc":{"start":{"line":65,"column":60},"end":{"line":67,"column":5}},"locations":[{"start":{"line":65,"column":60},"end":{"line":67,"column":5}}]},"16":{"type":"branch","line":68,"loc":{"start":{"line":68,"column":2},"end":{"line":75,"column":3}},"locations":[{"start":{"line":68,"column":2},"end":{"line":75,"column":3}}]},"17":{"type":"branch","line":72,"loc":{"start":{"line":72,"column":59},"end":{"line":74,"column":5}},"locations":[{"start":{"line":72,"column":59},"end":{"line":74,"column":5}}]},"18":{"type":"branch","line":75,"loc":{"start":{"line":75,"column":2},"end":{"line":78,"column":1}},"locations":[{"start":{"line":75,"column":2},"end":{"line":78,"column":1}}]},"19":{"type":"branch","line":88,"loc":{"start":{"line":88,"column":7},"end":{"line":146,"column":1}},"locations":[{"start":{"line":88,"column":7},"end":{"line":146,"column":1}}]},"20":{"type":"branch","line":91,"loc":{"start":{"line":91,"column":24},"end":{"line":91,"column":34}},"locations":[{"start":{"line":91,"column":24},"end":{"line":91,"column":34}}]},"21":{"type":"branch","line":91,"loc":{"start":{"line":91,"column":32},"end":{"line":94,"column":37}},"locations":[{"start":{"line":91,"column":32},"end":{"line":94,"column":37}}]},"22":{"type":"branch","line":94,"loc":{"start":{"line":94,"column":37},"end":{"line":99,"column":3}},"locations":[{"start":{"line":94,"column":37},"end":{"line":99,"column":3}}]},"23":{"type":"branch","line":96,"loc":{"start":{"line":96,"column":20},"end":{"line":98,"column":5}},"locations":[{"start":{"line":96,"column":20},"end":{"line":98,"column":5}}]},"24":{"type":"branch","line":99,"loc":{"start":{"line":99,"column":2},"end":{"line":104,"column":52}},"locations":[{"start":{"line":99,"column":2},"end":{"line":104,"column":52}}]},"25":{"type":"branch","line":104,"loc":{"start":{"line":104,"column":52},"end":{"line":108,"column":3}},"locations":[{"start":{"line":104,"column":52},"end":{"line":108,"column":3}}]},"26":{"type":"branch","line":105,"loc":{"start":{"line":105,"column":62},"end":{"line":107,"column":5}},"locations":[{"start":{"line":105,"column":62},"end":{"line":107,"column":5}}]},"27":{"type":"branch","line":108,"loc":{"start":{"line":108,"column":2},"end":{"line":111,"column":58}},"locations":[{"start":{"line":108,"column":2},"end":{"line":111,"column":58}}]},"28":{"type":"branch","line":111,"loc":{"start":{"line":111,"column":58},"end":{"line":115,"column":3}},"locations":[{"start":{"line":111,"column":58},"end":{"line":115,"column":3}}]},"29":{"type":"branch","line":112,"loc":{"start":{"line":112,"column":63},"end":{"line":114,"column":5}},"locations":[{"start":{"line":112,"column":63},"end":{"line":114,"column":5}}]},"30":{"type":"branch","line":115,"loc":{"start":{"line":115,"column":2},"end":{"line":118,"column":60}},"locations":[{"start":{"line":115,"column":2},"end":{"line":118,"column":60}}]},"31":{"type":"branch","line":118,"loc":{"start":{"line":118,"column":60},"end":{"line":122,"column":3}},"locations":[{"start":{"line":118,"column":60},"end":{"line":122,"column":3}}]},"32":{"type":"branch","line":119,"loc":{"start":{"line":119,"column":61},"end":{"line":121,"column":5}},"locations":[{"start":{"line":119,"column":61},"end":{"line":121,"column":5}}]},"33":{"type":"branch","line":122,"loc":{"start":{"line":122,"column":2},"end":{"line":125,"column":52}},"locations":[{"start":{"line":122,"column":2},"end":{"line":125,"column":52}}]},"34":{"type":"branch","line":125,"loc":{"start":{"line":125,"column":52},"end":{"line":129,"column":3}},"locations":[{"start":{"line":125,"column":52},"end":{"line":129,"column":3}}]},"35":{"type":"branch","line":126,"loc":{"start":{"line":126,"column":60},"end":{"line":128,"column":5}},"locations":[{"start":{"line":126,"column":60},"end":{"line":128,"column":5}}]},"36":{"type":"branch","line":129,"loc":{"start":{"line":129,"column":2},"end":{"line":146,"column":1}},"locations":[{"start":{"line":129,"column":2},"end":{"line":146,"column":1}}]},"37":{"type":"branch","line":133,"loc":{"start":{"line":133,"column":60},"end":{"line":135,"column":5}},"locations":[{"start":{"line":133,"column":60},"end":{"line":135,"column":5}}]},"38":{"type":"branch","line":140,"loc":{"start":{"line":140,"column":59},"end":{"line":142,"column":5}},"locations":[{"start":{"line":140,"column":59},"end":{"line":142,"column":5}}]},"39":{"type":"branch","line":155,"loc":{"start":{"line":155,"column":7},"end":{"line":195,"column":1}},"locations":[{"start":{"line":155,"column":7},"end":{"line":195,"column":1}}]},"40":{"type":"branch","line":159,"loc":{"start":{"line":159,"column":29},"end":{"line":162,"column":3}},"locations":[{"start":{"line":159,"column":29},"end":{"line":162,"column":3}}]},"41":{"type":"branch","line":162,"loc":{"start":{"line":162,"column":2},"end":{"line":165,"column":32}},"locations":[{"start":{"line":162,"column":2},"end":{"line":165,"column":32}}]},"42":{"type":"branch","line":165,"loc":{"start":{"line":165,"column":32},"end":{"line":168,"column":3}},"locations":[{"start":{"line":165,"column":32},"end":{"line":168,"column":3}}]},"43":{"type":"branch","line":168,"loc":{"start":{"line":168,"column":2},"end":{"line":171,"column":36}},"locations":[{"start":{"line":168,"column":2},"end":{"line":171,"column":36}}]},"44":{"type":"branch","line":171,"loc":{"start":{"line":171,"column":36},"end":{"line":174,"column":3}},"locations":[{"start":{"line":171,"column":36},"end":{"line":174,"column":3}}]},"45":{"type":"branch","line":174,"loc":{"start":{"line":174,"column":2},"end":{"line":177,"column":29}},"locations":[{"start":{"line":174,"column":2},"end":{"line":177,"column":29}}]},"46":{"type":"branch","line":177,"loc":{"start":{"line":177,"column":29},"end":{"line":180,"column":3}},"locations":[{"start":{"line":177,"column":29},"end":{"line":180,"column":3}}]},"47":{"type":"branch","line":180,"loc":{"start":{"line":180,"column":2},"end":{"line":183,"column":29}},"locations":[{"start":{"line":180,"column":2},"end":{"line":183,"column":29}}]},"48":{"type":"branch","line":183,"loc":{"start":{"line":183,"column":29},"end":{"line":186,"column":3}},"locations":[{"start":{"line":183,"column":29},"end":{"line":186,"column":3}}]},"49":{"type":"branch","line":186,"loc":{"start":{"line":186,"column":2},"end":{"line":189,"column":28}},"locations":[{"start":{"line":186,"column":2},"end":{"line":189,"column":28}}]},"50":{"type":"branch","line":189,"loc":{"start":{"line":189,"column":28},"end":{"line":192,"column":3}},"locations":[{"start":{"line":189,"column":28},"end":{"line":192,"column":3}}]},"51":{"type":"branch","line":192,"loc":{"start":{"line":192,"column":2},"end":{"line":195,"column":1}},"locations":[{"start":{"line":192,"column":2},"end":{"line":195,"column":1}}]},"52":{"type":"branch","line":208,"loc":{"start":{"line":208,"column":7},"end":{"line":215,"column":1}},"locations":[{"start":{"line":208,"column":7},"end":{"line":215,"column":1}}]}},"b":{"0":[9],"1":[1],"2":[8],"3":[22],"4":[2],"5":[6],"6":[17],"7":[1],"8":[5],"9":[10],"10":[1],"11":[4],"12":[7],"13":[1],"14":[3],"15":[1],"16":[2],"17":[1],"18":[1],"19":[24],"20":[2],"21":[22],"22":[3],"23":[2],"24":[20],"25":[60],"26":[5],"27":[20],"28":[60],"29":[9],"30":[20],"31":[40],"32":[9],"33":[20],"34":[40],"35":[8],"36":[20],"37":[8],"38":[7],"39":[12],"40":[3],"41":[9],"42":[3],"43":[6],"44":[1],"45":[5],"46":[1],"47":[4],"48":[1],"49":[3],"50":[1],"51":[2],"52":[6]},"fnMap":{"0":{"name":"searchIssues","decl":{"start":{"line":30,"column":7},"end":{"line":78,"column":1}},"loc":{"start":{"line":30,"column":7},"end":{"line":78,"column":1}},"line":30},"1":{"name":"searchAllIssues","decl":{"start":{"line":88,"column":7},"end":{"line":146,"column":1}},"loc":{"start":{"line":88,"column":7},"end":{"line":146,"column":1}},"line":88},"2":{"name":"findByExactId","decl":{"start":{"line":155,"column":7},"end":{"line":195,"column":1}},"loc":{"start":{"line":155,"column":7},"end":{"line":195,"column":1}},"line":155},"3":{"name":"searchWithFilters","decl":{"start":{"line":208,"column":7},"end":{"line":215,"column":1}},"loc":{"start":{"line":208,"column":7},"end":{"line":215,"column":1}},"line":208},"4":{"name":"matchesTarget","decl":{"start":{"line":225,"column":0},"end":{"line":240,"column":1}},"loc":{"start":{"line":225,"column":0},"end":{"line":240,"column":1}},"line":225},"5":{"name":"applyStatusFilter","decl":{"start":{"line":253,"column":0},"end":{"line":257,"column":1}},"loc":{"start":{"line":253,"column":0},"end":{"line":257,"column":1}},"line":253}},"f":{"0":9,"1":24,"2":12,"3":6,"4":0,"5":0}}
}
