{"/usr/src/redmine/plugins/redmine_react_gantt_chart/assets/javascripts/react_gantt_chart/App.jsx": {"path":"/usr/src/redmine/plugins/redmine_react_gantt_chart/assets/javascripts/react_gantt_chart/App.jsx","statementMap":{"0":{"start":{"line":8,"column":20},"end":{"line":17,"column":1}},"1":{"start":{"line":22,"column":12},"end":{"line":239,"column":1}},"2":{"start":{"line":23,"column":28},"end":{"line":23,"column":40}},"3":{"start":{"line":24,"column":28},"end":{"line":24,"column":40}},"4":{"start":{"line":25,"column":28},"end":{"line":25,"column":42}},"5":{"start":{"line":26,"column":22},"end":{"line":26,"column":76}},"6":{"start":{"line":26,"column":37},"end":{"line":26,"column":75}},"7":{"start":{"line":27,"column":50},"end":{"line":27,"column":71}},"8":{"start":{"line":28,"column":46},"end":{"line":36,"column":4}},"9":{"start":{"line":30,"column":21},"end":{"line":30,"column":41}},"10":{"start":{"line":31,"column":4},"end":{"line":33,"column":5}},"11":{"start":{"line":32,"column":6},"end":{"line":32,"column":37}},"12":{"start":{"line":35,"column":4},"end":{"line":35,"column":59}},"13":{"start":{"line":35,"column":39},"end":{"line":35,"column":57}},"14":{"start":{"line":42,"column":38},"end":{"line":90,"column":3}},"15":{"start":{"line":43,"column":4},"end":{"line":46,"column":5}},"16":{"start":{"line":44,"column":6},"end":{"line":44,"column":47}},"17":{"start":{"line":45,"column":6},"end":{"line":45,"column":13}},"18":{"start":{"line":49,"column":26},"end":{"line":49,"column":77}},"19":{"start":{"line":50,"column":4},"end":{"line":52,"column":5}},"20":{"start":{"line":51,"column":6},"end":{"line":51,"column":29}},"21":{"start":{"line":55,"column":21},"end":{"line":55,"column":23}},"22":{"start":{"line":56,"column":4},"end":{"line":83,"column":5}},"23":{"start":{"line":57,"column":6},"end":{"line":57,"column":43}},"24":{"start":{"line":57,"column":34},"end":{"line":57,"column":43}},"25":{"start":{"line":59,"column":6},"end":{"line":68,"column":7}},"26":{"start":{"line":61,"column":8},"end":{"line":67,"column":9}},"27":{"start":{"line":62,"column":10},"end":{"line":66,"column":11}},"28":{"start":{"line":70,"column":6},"end":{"line":82,"column":7}},"29":{"start":{"line":72,"column":8},"end":{"line":81,"column":9}},"30":{"start":{"line":73,"column":10},"end":{"line":80,"column":11}},"31":{"start":{"line":86,"column":25},"end":{"line":86,"column":56}},"32":{"start":{"line":87,"column":4},"end":{"line":87,"column":49}},"33":{"start":{"line":88,"column":4},"end":{"line":88,"column":51}},"34":{"start":{"line":89,"column":4},"end":{"line":89,"column":44}},"35":{"start":{"line":92,"column":2},"end":{"line":99,"column":9}},"36":{"start":{"line":93,"column":4},"end":{"line":98,"column":7}},"37":{"start":{"line":105,"column":28},"end":{"line":195,"column":3}},"38":{"start":{"line":106,"column":4},"end":{"line":106,"column":58}},"39":{"start":{"line":107,"column":15},"end":{"line":107,"column":45}},"40":{"start":{"line":108,"column":22},"end":{"line":108,"column":60}},"41":{"start":{"line":109,"column":16},"end":{"line":109,"column":69}},"42":{"start":{"line":111,"column":4},"end":{"line":194,"column":9}},"43":{"start":{"line":113,"column":8},"end":{"line":113,"column":45}},"44":{"start":{"line":114,"column":8},"end":{"line":116,"column":9}},"45":{"start":{"line":115,"column":10},"end":{"line":115,"column":56}},"46":{"start":{"line":117,"column":8},"end":{"line":117,"column":26}},"47":{"start":{"line":120,"column":8},"end":{"line":120,"column":38}},"48":{"start":{"line":123,"column":29},"end":{"line":140,"column":10}},"49":{"start":{"line":125,"column":10},"end":{"line":138,"column":11}},"50":{"start":{"line":129,"column":12},"end":{"line":129,"column":49}},"51":{"start":{"line":129,"column":40},"end":{"line":129,"column":49}},"52":{"start":{"line":132,"column":12},"end":{"line":137,"column":13}},"53":{"start":{"line":133,"column":14},"end":{"line":136,"column":16}},"54":{"start":{"line":139,"column":10},"end":{"line":139,"column":22}},"55":{"start":{"line":142,"column":8},"end":{"line":142,"column":31}},"56":{"start":{"line":143,"column":8},"end":{"line":143,"column":35}},"57":{"start":{"line":146,"column":8},"end":{"line":146,"column":60}},"58":{"start":{"line":149,"column":8},"end":{"line":174,"column":9}},"59":{"start":{"line":150,"column":29},"end":{"line":150,"column":74}},"60":{"start":{"line":150,"column":55},"end":{"line":150,"column":73}},"61":{"start":{"line":151,"column":10},"end":{"line":173,"column":11}},"62":{"start":{"line":152,"column":34},"end":{"line":158,"column":13}},"63":{"start":{"line":153,"column":33},"end":{"line":157,"column":15}},"64":{"start":{"line":161,"column":29},"end":{"line":163,"column":13}},"65":{"start":{"line":162,"column":23},"end":{"line":162,"column":59}},"66":{"start":{"line":164,"column":31},"end":{"line":164,"column":62}},"67":{"start":{"line":166,"column":12},"end":{"line":166,"column":44}},"68":{"start":{"line":169,"column":38},"end":{"line":171,"column":13}},"69":{"start":{"line":170,"column":14},"end":{"line":170,"column":55}},"70":{"start":{"line":170,"column":38},"end":{"line":170,"column":54}},"71":{"start":{"line":172,"column":12},"end":{"line":172,"column":49}},"72":{"start":{"line":177,"column":8},"end":{"line":189,"column":9}},"73":{"start":{"line":178,"column":29},"end":{"line":178,"column":74}},"74":{"start":{"line":178,"column":55},"end":{"line":178,"column":73}},"75":{"start":{"line":179,"column":10},"end":{"line":188,"column":11}},"76":{"start":{"line":180,"column":34},"end":{"line":186,"column":13}},"77":{"start":{"line":181,"column":33},"end":{"line":185,"column":15}},"78":{"start":{"line":187,"column":12},"end":{"line":187,"column":68}},"79":{"start":{"line":192,"column":8},"end":{"line":192,"column":40}},"80":{"start":{"line":193,"column":8},"end":{"line":193,"column":49}},"81":{"start":{"line":198,"column":37},"end":{"line":203,"column":3}},"82":{"start":{"line":200,"column":4},"end":{"line":202,"column":5}},"83":{"start":{"line":201,"column":6},"end":{"line":201,"column":43}},"84":{"start":{"line":206,"column":24},"end":{"line":206,"column":72}},"85":{"start":{"line":208,"column":2},"end":{"line":210,"column":3}},"86":{"start":{"line":209,"column":4},"end":{"line":209,"column":30}},"87":{"start":{"line":212,"column":2},"end":{"line":238,"column":4}},"88":{"start":{"line":245,"column":16},"end":{"line":245,"column":18}},"89":{"start":{"line":246,"column":2},"end":{"line":246,"column":29}},"90":{"start":{"line":249,"column":2},"end":{"line":253,"column":3}},"91":{"start":{"line":250,"column":4},"end":{"line":252,"column":7}},"92":{"start":{"line":251,"column":6},"end":{"line":251,"column":51}},"93":{"start":{"line":256,"column":2},"end":{"line":259,"column":5}},"94":{"start":{"line":257,"column":15},"end":{"line":257,"column":31}},"95":{"start":{"line":258,"column":4},"end":{"line":258,"column":55}},"96":{"start":{"line":262,"column":2},"end":{"line":267,"column":5}},"97":{"start":{"line":263,"column":16},"end":{"line":263,"column":29}},"98":{"start":{"line":264,"column":4},"end":{"line":266,"column":7}},"99":{"start":{"line":265,"column":6},"end":{"line":265,"column":59}},"100":{"start":{"line":269,"column":2},"end":{"line":269,"column":25}}},"fnMap":{"0":{"name":"(anonymous_0)","decl":{"start":{"line":22,"column":12},"end":{"line":22,"column":13}},"loc":{"start":{"line":22,"column":31},"end":{"line":239,"column":1}},"line":22},"1":{"name":"(anonymous_1)","decl":{"start":{"line":26,"column":31},"end":{"line":26,"column":32}},"loc":{"start":{"line":26,"column":37},"end":{"line":26,"column":75}},"line":26},"2":{"name":"(anonymous_2)","decl":{"start":{"line":28,"column":55},"end":{"line":28,"column":56}},"loc":{"start":{"line":28,"column":61},"end":{"line":36,"column":3}},"line":28},"3":{"name":"(anonymous_3)","decl":{"start":{"line":35,"column":30},"end":{"line":35,"column":31}},"loc":{"start":{"line":35,"column":39},"end":{"line":35,"column":57}},"line":35},"4":{"name":"(anonymous_4)","decl":{"start":{"line":42,"column":38},"end":{"line":42,"column":39}},"loc":{"start":{"line":42,"column":60},"end":{"line":90,"column":3}},"line":42},"5":{"name":"(anonymous_5)","decl":{"start":{"line":92,"column":12},"end":{"line":92,"column":13}},"loc":{"start":{"line":92,"column":18},"end":{"line":99,"column":3}},"line":92},"6":{"name":"(anonymous_6)","decl":{"start":{"line":105,"column":28},"end":{"line":105,"column":29}},"loc":{"start":{"line":105,"column":46},"end":{"line":195,"column":3}},"line":105},"7":{"name":"(anonymous_7)","decl":{"start":{"line":112,"column":12},"end":{"line":112,"column":13}},"loc":{"start":{"line":112,"column":21},"end":{"line":118,"column":7}},"line":112},"8":{"name":"(anonymous_8)","decl":{"start":{"line":119,"column":12},"end":{"line":119,"column":13}},"loc":{"start":{"line":119,"column":22},"end":{"line":190,"column":7}},"line":119},"9":{"name":"(anonymous_9)","decl":{"start":{"line":123,"column":52},"end":{"line":123,"column":53}},"loc":{"start":{"line":123,"column":62},"end":{"line":140,"column":9}},"line":123},"10":{"name":"(anonymous_10)","decl":{"start":{"line":150,"column":45},"end":{"line":150,"column":46}},"loc":{"start":{"line":150,"column":55},"end":{"line":150,"column":73}},"line":150},"11":{"name":"(anonymous_11)","decl":{"start":{"line":153,"column":14},"end":{"line":153,"column":15}},"loc":{"start":{"line":153,"column":33},"end":{"line":157,"column":15}},"line":153},"12":{"name":"(anonymous_12)","decl":{"start":{"line":162,"column":14},"end":{"line":162,"column":15}},"loc":{"start":{"line":162,"column":23},"end":{"line":162,"column":59}},"line":162},"13":{"name":"(anonymous_13)","decl":{"start":{"line":169,"column":60},"end":{"line":169,"column":61}},"loc":{"start":{"line":170,"column":14},"end":{"line":170,"column":55}},"line":170},"14":{"name":"(anonymous_14)","decl":{"start":{"line":170,"column":30},"end":{"line":170,"column":31}},"loc":{"start":{"line":170,"column":38},"end":{"line":170,"column":54}},"line":170},"15":{"name":"(anonymous_15)","decl":{"start":{"line":178,"column":45},"end":{"line":178,"column":46}},"loc":{"start":{"line":178,"column":55},"end":{"line":178,"column":73}},"line":178},"16":{"name":"(anonymous_16)","decl":{"start":{"line":181,"column":14},"end":{"line":181,"column":15}},"loc":{"start":{"line":181,"column":33},"end":{"line":185,"column":15}},"line":181},"17":{"name":"(anonymous_17)","decl":{"start":{"line":191,"column":13},"end":{"line":191,"column":14}},"loc":{"start":{"line":191,"column":22},"end":{"line":194,"column":7}},"line":191},"18":{"name":"(anonymous_18)","decl":{"start":{"line":198,"column":37},"end":{"line":198,"column":38}},"loc":{"start":{"line":198,"column":60},"end":{"line":203,"column":3}},"line":198},"19":{"name":"buildQueryString","decl":{"start":{"line":244,"column":9},"end":{"line":244,"column":25}},"loc":{"start":{"line":244,"column":29},"end":{"line":270,"column":1}},"line":244},"20":{"name":"(anonymous_20)","decl":{"start":{"line":250,"column":21},"end":{"line":250,"column":22}},"loc":{"start":{"line":250,"column":30},"end":{"line":252,"column":5}},"line":250},"21":{"name":"(anonymous_21)","decl":{"start":{"line":256,"column":41},"end":{"line":256,"column":42}},"loc":{"start":{"line":256,"column":50},"end":{"line":259,"column":3}},"line":256},"22":{"name":"(anonymous_22)","decl":{"start":{"line":262,"column":38},"end":{"line":262,"column":39}},"loc":{"start":{"line":262,"column":47},"end":{"line":267,"column":3}},"line":262},"23":{"name":"(anonymous_23)","decl":{"start":{"line":264,"column":16},"end":{"line":264,"column":17}},"loc":{"start":{"line":264,"column":25},"end":{"line":266,"column":5}},"line":264}},"branchMap":{"0":{"loc":{"start":{"line":31,"column":4},"end":{"line":33,"column":5}},"type":"if","locations":[{"start":{"line":31,"column":4},"end":{"line":33,"column":5}},{"start":{},"end":{}}],"line":31},"1":{"loc":{"start":{"line":31,"column":8},"end":{"line":31,"column":69}},"type":"binary-expr","locations":[{"start":{"line":31,"column":8},"end":{"line":31,"column":31}},{"start":{"line":31,"column":35},"end":{"line":31,"column":69}}],"line":31},"2":{"loc":{"start":{"line":43,"column":4},"end":{"line":46,"column":5}},"type":"if","locations":[{"start":{"line":43,"column":4},"end":{"line":46,"column":5}},{"start":{},"end":{}}],"line":43},"3":{"loc":{"start":{"line":50,"column":4},"end":{"line":52,"column":5}},"type":"if","locations":[{"start":{"line":50,"column":4},"end":{"line":52,"column":5}},{"start":{},"end":{}}],"line":50},"4":{"loc":{"start":{"line":57,"column":6},"end":{"line":57,"column":43}},"type":"if","locations":[{"start":{"line":57,"column":6},"end":{"line":57,"column":43}},{"start":{},"end":{}}],"line":57},"5":{"loc":{"start":{"line":59,"column":6},"end":{"line":68,"column":7}},"type":"if","locations":[{"start":{"line":59,"column":6},"end":{"line":68,"column":7}},{"start":{},"end":{}}],"line":59},"6":{"loc":{"start":{"line":64,"column":21},"end":{"line":64,"column":68}},"type":"cond-expr","locations":[{"start":{"line":64,"column":51},"end":{"line":64,"column":56}},{"start":{"line":64,"column":59},"end":{"line":64,"column":68}}],"line":64},"7":{"loc":{"start":{"line":70,"column":6},"end":{"line":82,"column":7}},"type":"if","locations":[{"start":{"line":70,"column":6},"end":{"line":82,"column":7}},{"start":{},"end":{}}],"line":70},"8":{"loc":{"start":{"line":75,"column":21},"end":{"line":75,"column":68}},"type":"cond-expr","locations":[{"start":{"line":75,"column":50},"end":{"line":75,"column":56}},{"start":{"line":75,"column":59},"end":{"line":75,"column":68}}],"line":75},"9":{"loc":{"start":{"line":77,"column":14},"end":{"line":77,"column":66}},"type":"cond-expr","locations":[{"start":{"line":77,"column":43},"end":{"line":77,"column":57}},{"start":{"line":77,"column":60},"end":{"line":77,"column":66}}],"line":77},"10":{"loc":{"start":{"line":114,"column":8},"end":{"line":116,"column":9}},"type":"if","locations":[{"start":{"line":114,"column":8},"end":{"line":116,"column":9}},{"start":{},"end":{}}],"line":114},"11":{"loc":{"start":{"line":123,"column":30},"end":{"line":123,"column":46}},"type":"binary-expr","locations":[{"start":{"line":123,"column":30},"end":{"line":123,"column":40}},{"start":{"line":123,"column":44},"end":{"line":123,"column":46}}],"line":123},"12":{"loc":{"start":{"line":129,"column":12},"end":{"line":129,"column":49}},"type":"if","locations":[{"start":{"line":129,"column":12},"end":{"line":129,"column":49}},{"start":{},"end":{}}],"line":129},"13":{"loc":{"start":{"line":132,"column":12},"end":{"line":137,"column":13}},"type":"if","locations":[{"start":{"line":132,"column":12},"end":{"line":137,"column":13}},{"start":{},"end":{}}],"line":132},"14":{"loc":{"start":{"line":143,"column":17},"end":{"line":143,"column":33}},"type":"binary-expr","locations":[{"start":{"line":143,"column":17},"end":{"line":143,"column":27}},{"start":{"line":143,"column":31},"end":{"line":143,"column":33}}],"line":143},"15":{"loc":{"start":{"line":149,"column":8},"end":{"line":174,"column":9}},"type":"if","locations":[{"start":{"line":149,"column":8},"end":{"line":174,"column":9}},{"start":{},"end":{}}],"line":149},"16":{"loc":{"start":{"line":149,"column":12},"end":{"line":149,"column":47}},"type":"binary-expr","locations":[{"start":{"line":149,"column":12},"end":{"line":149,"column":22}},{"start":{"line":149,"column":26},"end":{"line":149,"column":47}}],"line":149},"17":{"loc":{"start":{"line":151,"column":10},"end":{"line":173,"column":11}},"type":"if","locations":[{"start":{"line":151,"column":10},"end":{"line":173,"column":11}},{"start":{},"end":{}}],"line":151},"18":{"loc":{"start":{"line":177,"column":8},"end":{"line":189,"column":9}},"type":"if","locations":[{"start":{"line":177,"column":8},"end":{"line":189,"column":9}},{"start":{},"end":{}}],"line":177},"19":{"loc":{"start":{"line":177,"column":12},"end":{"line":177,"column":47}},"type":"binary-expr","locations":[{"start":{"line":177,"column":12},"end":{"line":177,"column":22}},{"start":{"line":177,"column":26},"end":{"line":177,"column":47}}],"line":177},"20":{"loc":{"start":{"line":179,"column":10},"end":{"line":188,"column":11}},"type":"if","locations":[{"start":{"line":179,"column":10},"end":{"line":188,"column":11}},{"start":{},"end":{}}],"line":179},"21":{"loc":{"start":{"line":200,"column":4},"end":{"line":202,"column":5}},"type":"if","locations":[{"start":{"line":200,"column":4},"end":{"line":202,"column":5}},{"start":{},"end":{}}],"line":200},"22":{"loc":{"start":{"line":208,"column":2},"end":{"line":210,"column":3}},"type":"if","locations":[{"start":{"line":208,"column":2},"end":{"line":210,"column":3}},{"start":{},"end":{}}],"line":208},"23":{"loc":{"start":{"line":223,"column":7},"end":{"line":223,"column":59}},"type":"binary-expr","locations":[{"start":{"line":223,"column":7},"end":{"line":223,"column":12}},{"start":{"line":223,"column":16},"end":{"line":223,"column":59}}],"line":223},"24":{"loc":{"start":{"line":249,"column":2},"end":{"line":253,"column":3}},"type":"if","locations":[{"start":{"line":249,"column":2},"end":{"line":253,"column":3}},{"start":{},"end":{}}],"line":249},"25":{"loc":{"start":{"line":249,"column":6},"end":{"line":249,"column":33}},"type":"binary-expr","locations":[{"start":{"line":249,"column":6},"end":{"line":249,"column":14}},{"start":{"line":249,"column":18},"end":{"line":249,"column":33}}],"line":249},"26":{"loc":{"start":{"line":256,"column":14},"end":{"line":256,"column":31}},"type":"binary-expr","locations":[{"start":{"line":256,"column":14},"end":{"line":256,"column":25}},{"start":{"line":256,"column":29},"end":{"line":256,"column":31}}],"line":256},"27":{"loc":{"start":{"line":262,"column":14},"end":{"line":262,"column":28}},"type":"binary-expr","locations":[{"start":{"line":262,"column":14},"end":{"line":262,"column":22}},{"start":{"line":262,"column":26},"end":{"line":262,"column":28}}],"line":262}},"s":{"0":0,"1":0,"2":0,"3":0,"4":0,"5":0,"6":0,"7":0,"8":0,"9":0,"10":0,"11":0,"12":0,"13":0,"14":0,"15":0,"16":0,"17":0,"18":0,"19":0,"20":0,"21":0,"22":0,"23":0,"24":0,"25":0,"26":0,"27":0,"28":0,"29":0,"30":0,"31":0,"32":0,"33":0,"34":0,"35":0,"36":0,"37":0,"38":0,"39":0,"40":0,"41":0,"42":0,"43":0,"44":0,"45":0,"46":0,"47":0,"48":0,"49":0,"50":0,"51":0,"52":0,"53":0,"54":0,"55":0,"56":0,"57":0,"58":0,"59":0,"60":0,"61":0,"62":0,"63":0,"64":0,"65":0,"66":0,"67":0,"68":0,"69":0,"70":0,"71":0,"72":0,"73":0,"74":0,"75":0,"76":0,"77":0,"78":0,"79":0,"80":0,"81":0,"82":0,"83":0,"84":0,"85":0,"86":0,"87":0,"88":0,"89":0,"90":0,"91":0,"92":0,"93":0,"94":0,"95":0,"96":0,"97":0,"98":0,"99":0,"100":0},"f":{"0":0,"1":0,"2":0,"3":0,"4":0,"5":0,"6":0,"7":0,"8":0,"9":0,"10":0,"11":0,"12":0,"13":0,"14":0,"15":0,"16":0,"17":0,"18":0,"19":0,"20":0,"21":0,"22":0,"23":0},"b":{"0":[0,0],"1":[0,0],"2":[0,0],"3":[0,0],"4":[0,0],"5":[0,0],"6":[0,0],"7":[0,0],"8":[0,0],"9":[0,0],"10":[0,0],"11":[0,0],"12":[0,0],"13":[0,0],"14":[0,0],"15":[0,0],"16":[0,0],"17":[0,0],"18":[0,0],"19":[0,0],"20":[0,0],"21":[0,0],"22":[0,0],"23":[0,0],"24":[0,0],"25":[0,0],"26":[0,0],"27":[0,0]}}
,"/usr/src/redmine/plugins/redmine_react_gantt_chart/assets/javascripts/react_gantt_chart/FilterPanel.jsx": {"path":"/usr/src/redmine/plugins/redmine_react_gantt_chart/assets/javascripts/react_gantt_chart/FilterPanel.jsx","statementMap":{"0":{"start":{"line":11,"column":34},"end":{"line":11,"column":49}},"1":{"start":{"line":12,"column":54},"end":{"line":12,"column":69}},"2":{"start":{"line":13,"column":30},"end":{"line":13,"column":42}},"3":{"start":{"line":14,"column":36},"end":{"line":14,"column":48}},"4":{"start":{"line":15,"column":30},"end":{"line":15,"column":42}},"5":{"start":{"line":16,"column":46},"end":{"line":16,"column":77}},"6":{"start":{"line":18,"column":50},"end":{"line":18,"column":62}},"7":{"start":{"line":19,"column":46},"end":{"line":19,"column":58}},"8":{"start":{"line":20,"column":46},"end":{"line":20,"column":58}},"9":{"start":{"line":21,"column":36},"end":{"line":21,"column":50}},"10":{"start":{"line":22,"column":50},"end":{"line":22,"column":64}},"11":{"start":{"line":27,"column":2},"end":{"line":48,"column":9}},"12":{"start":{"line":28,"column":22},"end":{"line":28,"column":60}},"13":{"start":{"line":29,"column":23},"end":{"line":29,"column":73}},"14":{"start":{"line":31,"column":4},"end":{"line":47,"column":9}},"15":{"start":{"line":33,"column":8},"end":{"line":33,"column":73}},"16":{"start":{"line":33,"column":26},"end":{"line":33,"column":73}},"17":{"start":{"line":34,"column":8},"end":{"line":34,"column":31}},"18":{"start":{"line":37,"column":8},"end":{"line":37,"column":39}},"19":{"start":{"line":38,"column":8},"end":{"line":38,"column":51}},"20":{"start":{"line":39,"column":8},"end":{"line":39,"column":47}},"21":{"start":{"line":40,"column":8},"end":{"line":40,"column":47}},"22":{"start":{"line":43,"column":8},"end":{"line":43,"column":48}},"23":{"start":{"line":46,"column":8},"end":{"line":46,"column":28}},"24":{"start":{"line":51,"column":23},"end":{"line":54,"column":3}},"25":{"start":{"line":52,"column":4},"end":{"line":52,"column":31}},"26":{"start":{"line":53,"column":4},"end":{"line":53,"column":22}},"27":{"start":{"line":57,"column":26},"end":{"line":77,"column":3}},"28":{"start":{"line":58,"column":22},"end":{"line":58,"column":33}},"29":{"start":{"line":59,"column":25},"end":{"line":59,"column":41}},"30":{"start":{"line":60,"column":4},"end":{"line":60,"column":31}},"31":{"start":{"line":61,"column":4},"end":{"line":61,"column":25}},"32":{"start":{"line":63,"column":4},"end":{"line":71,"column":5}},"33":{"start":{"line":64,"column":21},"end":{"line":64,"column":37}},"34":{"start":{"line":65,"column":6},"end":{"line":65,"column":34}},"35":{"start":{"line":66,"column":6},"end":{"line":66,"column":27}},"36":{"start":{"line":68,"column":22},"end":{"line":68,"column":35}},"37":{"start":{"line":69,"column":6},"end":{"line":69,"column":35}},"38":{"start":{"line":70,"column":6},"end":{"line":70,"column":25}},"39":{"start":{"line":73,"column":4},"end":{"line":76,"column":5}},"40":{"start":{"line":75,"column":6},"end":{"line":75,"column":20}},"41":{"start":{"line":80,"column":22},"end":{"line":108,"column":3}},"42":{"start":{"line":81,"column":22},"end":{"line":81,"column":33}},"43":{"start":{"line":82,"column":4},"end":{"line":82,"column":32}},"44":{"start":{"line":83,"column":4},"end":{"line":83,"column":25}},"45":{"start":{"line":85,"column":19},"end":{"line":85,"column":35}},"46":{"start":{"line":86,"column":20},"end":{"line":86,"column":33}},"47":{"start":{"line":88,"column":4},"end":{"line":90,"column":5}},"48":{"start":{"line":89,"column":6},"end":{"line":89,"column":30}},"49":{"start":{"line":91,"column":4},"end":{"line":93,"column":5}},"50":{"start":{"line":92,"column":6},"end":{"line":92,"column":31}},"51":{"start":{"line":95,"column":4},"end":{"line":100,"column":5}},"52":{"start":{"line":96,"column":25},"end":{"line":96,"column":56}},"53":{"start":{"line":97,"column":24},"end":{"line":97,"column":62}},"54":{"start":{"line":98,"column":6},"end":{"line":98,"column":35}},"55":{"start":{"line":99,"column":6},"end":{"line":99,"column":29}},"56":{"start":{"line":102,"column":4},"end":{"line":102,"column":25}},"57":{"start":{"line":103,"column":4},"end":{"line":103,"column":23}},"58":{"start":{"line":105,"column":4},"end":{"line":107,"column":5}},"59":{"start":{"line":106,"column":6},"end":{"line":106,"column":20}},"60":{"start":{"line":111,"column":25},"end":{"line":116,"column":3}},"61":{"start":{"line":112,"column":4},"end":{"line":112,"column":48}},"62":{"start":{"line":113,"column":4},"end":{"line":115,"column":5}},"63":{"start":{"line":114,"column":6},"end":{"line":114,"column":20}},"64":{"start":{"line":119,"column":23},"end":{"line":124,"column":3}},"65":{"start":{"line":120,"column":4},"end":{"line":120,"column":47}},"66":{"start":{"line":121,"column":4},"end":{"line":123,"column":5}},"67":{"start":{"line":122,"column":6},"end":{"line":122,"column":20}},"68":{"start":{"line":127,"column":22},"end":{"line":137,"column":3}},"69":{"start":{"line":129,"column":24},"end":{"line":129,"column":77}},"70":{"start":{"line":129,"column":45},"end":{"line":129,"column":76}},"71":{"start":{"line":130,"column":25},"end":{"line":135,"column":5}},"72":{"start":{"line":136,"column":4},"end":{"line":136,"column":26}},"73":{"start":{"line":140,"column":22},"end":{"line":145,"column":3}},"74":{"start":{"line":141,"column":4},"end":{"line":141,"column":18}},"75":{"start":{"line":142,"column":4},"end":{"line":142,"column":21}},"76":{"start":{"line":143,"column":4},"end":{"line":143,"column":18}},"77":{"start":{"line":144,"column":4},"end":{"line":144,"column":72}},"78":{"start":{"line":148,"column":33},"end":{"line":154,"column":3}},"79":{"start":{"line":149,"column":21},"end":{"line":149,"column":38}},"80":{"start":{"line":150,"column":4},"end":{"line":150,"column":34}},"81":{"start":{"line":151,"column":4},"end":{"line":153,"column":5}},"82":{"start":{"line":152,"column":6},"end":{"line":152,"column":20}},"83":{"start":{"line":157,"column":37},"end":{"line":160,"column":3}},"84":{"start":{"line":158,"column":4},"end":{"line":158,"column":41}},"85":{"start":{"line":159,"column":4},"end":{"line":159,"column":46}},"86":{"start":{"line":162,"column":2},"end":{"line":249,"column":4}},"87":{"start":{"line":166,"column":33},"end":{"line":166,"column":55}},"88":{"start":{"line":170,"column":27},"end":{"line":170,"column":69}},"89":{"start":{"line":212,"column":14},"end":{"line":227,"column":16}},"90":{"start":{"line":222,"column":18},"end":{"line":222,"column":56}},"91":{"start":{"line":224,"column":47},"end":{"line":224,"column":70}},"92":{"start":{"line":225,"column":47},"end":{"line":225,"column":70}},"93":{"start":{"line":226,"column":32},"end":{"line":226,"column":54}}},"fnMap":{"0":{"name":"FilterPanel","decl":{"start":{"line":5,"column":9},"end":{"line":5,"column":20}},"loc":{"start":{"line":10,"column":3},"end":{"line":250,"column":1}},"line":10},"1":{"name":"(anonymous_1)","decl":{"start":{"line":27,"column":12},"end":{"line":27,"column":13}},"loc":{"start":{"line":27,"column":18},"end":{"line":48,"column":3}},"line":27},"2":{"name":"(anonymous_2)","decl":{"start":{"line":32,"column":12},"end":{"line":32,"column":13}},"loc":{"start":{"line":32,"column":26},"end":{"line":35,"column":7}},"line":32},"3":{"name":"(anonymous_3)","decl":{"start":{"line":36,"column":12},"end":{"line":36,"column":13}},"loc":{"start":{"line":36,"column":22},"end":{"line":41,"column":7}},"line":36},"4":{"name":"(anonymous_4)","decl":{"start":{"line":42,"column":13},"end":{"line":42,"column":14}},"loc":{"start":{"line":42,"column":24},"end":{"line":44,"column":7}},"line":42},"5":{"name":"(anonymous_5)","decl":{"start":{"line":45,"column":15},"end":{"line":45,"column":16}},"loc":{"start":{"line":45,"column":21},"end":{"line":47,"column":7}},"line":45},"6":{"name":"(anonymous_6)","decl":{"start":{"line":51,"column":23},"end":{"line":51,"column":24}},"loc":{"start":{"line":51,"column":29},"end":{"line":54,"column":3}},"line":51},"7":{"name":"(anonymous_7)","decl":{"start":{"line":57,"column":26},"end":{"line":57,"column":27}},"loc":{"start":{"line":57,"column":37},"end":{"line":77,"column":3}},"line":57},"8":{"name":"(anonymous_8)","decl":{"start":{"line":80,"column":22},"end":{"line":80,"column":23}},"loc":{"start":{"line":80,"column":53},"end":{"line":108,"column":3}},"line":80},"9":{"name":"(anonymous_9)","decl":{"start":{"line":111,"column":25},"end":{"line":111,"column":26}},"loc":{"start":{"line":111,"column":40},"end":{"line":116,"column":3}},"line":111},"10":{"name":"(anonymous_10)","decl":{"start":{"line":119,"column":23},"end":{"line":119,"column":24}},"loc":{"start":{"line":119,"column":43},"end":{"line":124,"column":3}},"line":119},"11":{"name":"(anonymous_11)","decl":{"start":{"line":127,"column":22},"end":{"line":127,"column":23}},"loc":{"start":{"line":127,"column":28},"end":{"line":137,"column":3}},"line":127},"12":{"name":"(anonymous_12)","decl":{"start":{"line":129,"column":38},"end":{"line":129,"column":39}},"loc":{"start":{"line":129,"column":45},"end":{"line":129,"column":76}},"line":129},"13":{"name":"(anonymous_13)","decl":{"start":{"line":140,"column":22},"end":{"line":140,"column":23}},"loc":{"start":{"line":140,"column":28},"end":{"line":145,"column":3}},"line":140},"14":{"name":"(anonymous_14)","decl":{"start":{"line":148,"column":33},"end":{"line":148,"column":34}},"loc":{"start":{"line":148,"column":39},"end":{"line":154,"column":3}},"line":148},"15":{"name":"(anonymous_15)","decl":{"start":{"line":157,"column":37},"end":{"line":157,"column":38}},"loc":{"start":{"line":157,"column":60},"end":{"line":160,"column":3}},"line":157},"16":{"name":"(anonymous_16)","decl":{"start":{"line":166,"column":27},"end":{"line":166,"column":28}},"loc":{"start":{"line":166,"column":33},"end":{"line":166,"column":55}},"line":166},"17":{"name":"(anonymous_17)","decl":{"start":{"line":170,"column":21},"end":{"line":170,"column":22}},"loc":{"start":{"line":170,"column":27},"end":{"line":170,"column":69}},"line":170},"18":{"name":"(anonymous_18)","decl":{"start":{"line":211,"column":23},"end":{"line":211,"column":24}},"loc":{"start":{"line":212,"column":14},"end":{"line":227,"column":16}},"line":212},"19":{"name":"(anonymous_19)","decl":{"start":{"line":221,"column":31},"end":{"line":221,"column":32}},"loc":{"start":{"line":222,"column":18},"end":{"line":222,"column":56}},"line":222},"20":{"name":"(anonymous_20)","decl":{"start":{"line":224,"column":34},"end":{"line":224,"column":35}},"loc":{"start":{"line":224,"column":47},"end":{"line":224,"column":70}},"line":224},"21":{"name":"(anonymous_21)","decl":{"start":{"line":225,"column":32},"end":{"line":225,"column":33}},"loc":{"start":{"line":225,"column":47},"end":{"line":225,"column":70}},"line":225},"22":{"name":"(anonymous_22)","decl":{"start":{"line":226,"column":26},"end":{"line":226,"column":27}},"loc":{"start":{"line":226,"column":32},"end":{"line":226,"column":54}},"line":226}},"branchMap":{"0":{"loc":{"start":{"line":33,"column":8},"end":{"line":33,"column":73}},"type":"if","locations":[{"start":{"line":33,"column":8},"end":{"line":33,"column":73}},{"start":{},"end":{}}],"line":33},"1":{"loc":{"start":{"line":63,"column":4},"end":{"line":71,"column":5}},"type":"if","locations":[{"start":{"line":63,"column":4},"end":{"line":71,"column":5}},{"start":{},"end":{}}],"line":63},"2":{"loc":{"start":{"line":73,"column":4},"end":{"line":76,"column":5}},"type":"if","locations":[{"start":{"line":73,"column":4},"end":{"line":76,"column":5}},{"start":{},"end":{}}],"line":73},"3":{"loc":{"start":{"line":88,"column":4},"end":{"line":90,"column":5}},"type":"if","locations":[{"start":{"line":88,"column":4},"end":{"line":90,"column":5}},{"start":{},"end":{}}],"line":88},"4":{"loc":{"start":{"line":88,"column":8},"end":{"line":88,"column":36}},"type":"binary-expr","locations":[{"start":{"line":88,"column":8},"end":{"line":88,"column":16}},{"start":{"line":88,"column":20},"end":{"line":88,"column":36}}],"line":88},"5":{"loc":{"start":{"line":91,"column":4},"end":{"line":93,"column":5}},"type":"if","locations":[{"start":{"line":91,"column":4},"end":{"line":93,"column":5}},{"start":{},"end":{}}],"line":91},"6":{"loc":{"start":{"line":91,"column":8},"end":{"line":91,"column":37}},"type":"binary-expr","locations":[{"start":{"line":91,"column":8},"end":{"line":91,"column":16}},{"start":{"line":91,"column":20},"end":{"line":91,"column":37}}],"line":91},"7":{"loc":{"start":{"line":95,"column":4},"end":{"line":100,"column":5}},"type":"if","locations":[{"start":{"line":95,"column":4},"end":{"line":100,"column":5}},{"start":{},"end":{}}],"line":95},"8":{"loc":{"start":{"line":95,"column":8},"end":{"line":95,"column":46}},"type":"binary-expr","locations":[{"start":{"line":95,"column":8},"end":{"line":95,"column":16}},{"start":{"line":95,"column":20},"end":{"line":95,"column":46}}],"line":95},"9":{"loc":{"start":{"line":97,"column":24},"end":{"line":97,"column":62}},"type":"binary-expr","locations":[{"start":{"line":97,"column":24},"end":{"line":97,"column":55}},{"start":{"line":97,"column":59},"end":{"line":97,"column":62}}],"line":97},"10":{"loc":{"start":{"line":105,"column":4},"end":{"line":107,"column":5}},"type":"if","locations":[{"start":{"line":105,"column":4},"end":{"line":107,"column":5}},{"start":{},"end":{}}],"line":105},"11":{"loc":{"start":{"line":113,"column":4},"end":{"line":115,"column":5}},"type":"if","locations":[{"start":{"line":113,"column":4},"end":{"line":115,"column":5}},{"start":{},"end":{}}],"line":113},"12":{"loc":{"start":{"line":121,"column":4},"end":{"line":123,"column":5}},"type":"if","locations":[{"start":{"line":121,"column":4},"end":{"line":123,"column":5}},{"start":{},"end":{}}],"line":121},"13":{"loc":{"start":{"line":129,"column":45},"end":{"line":129,"column":76}},"type":"binary-expr","locations":[{"start":{"line":129,"column":45},"end":{"line":129,"column":46}},{"start":{"line":129,"column":50},"end":{"line":129,"column":76}}],"line":129},"14":{"loc":{"start":{"line":151,"column":4},"end":{"line":153,"column":5}},"type":"if","locations":[{"start":{"line":151,"column":4},"end":{"line":153,"column":5}},{"start":{},"end":{}}],"line":151},"15":{"loc":{"start":{"line":167,"column":13},"end":{"line":167,"column":48}},"type":"cond-expr","locations":[{"start":{"line":167,"column":24},"end":{"line":167,"column":36}},{"start":{"line":167,"column":39},"end":{"line":167,"column":48}}],"line":167},"16":{"loc":{"start":{"line":171,"column":33},"end":{"line":171,"column":67}},"type":"cond-expr","locations":[{"start":{"line":171,"column":54},"end":{"line":171,"column":62}},{"start":{"line":171,"column":65},"end":{"line":171,"column":67}}],"line":171},"17":{"loc":{"start":{"line":176,"column":9},"end":{"line":193,"column":9}},"type":"binary-expr","locations":[{"start":{"line":176,"column":9},"end":{"line":176,"column":17}},{"start":{"line":177,"column":10},"end":{"line":192,"column":13}}],"line":176},"18":{"loc":{"start":{"line":187,"column":35},"end":{"line":187,"column":67}},"type":"cond-expr","locations":[{"start":{"line":187,"column":54},"end":{"line":187,"column":62}},{"start":{"line":187,"column":65},"end":{"line":187,"column":67}}],"line":187},"19":{"loc":{"start":{"line":190,"column":15},"end":{"line":190,"column":61}},"type":"cond-expr","locations":[{"start":{"line":190,"column":34},"end":{"line":190,"column":46}},{"start":{"line":190,"column":49},"end":{"line":190,"column":61}}],"line":190},"20":{"loc":{"start":{"line":196,"column":7},"end":{"line":204,"column":7}},"type":"binary-expr","locations":[{"start":{"line":196,"column":7},"end":{"line":196,"column":25}},{"start":{"line":197,"column":8},"end":{"line":203,"column":14}}],"line":196},"21":{"loc":{"start":{"line":206,"column":7},"end":{"line":236,"column":7}},"type":"binary-expr","locations":[{"start":{"line":206,"column":7},"end":{"line":206,"column":15}},{"start":{"line":207,"column":8},"end":{"line":235,"column":14}}],"line":206},"22":{"loc":{"start":{"line":208,"column":11},"end":{"line":229,"column":11}},"type":"cond-expr","locations":[{"start":{"line":209,"column":12},"end":{"line":209,"column":36}},{"start":{"line":211,"column":12},"end":{"line":228,"column":14}}],"line":208},"23":{"loc":{"start":{"line":217,"column":24},"end":{"line":217,"column":43}},"type":"binary-expr","locations":[{"start":{"line":217,"column":24},"end":{"line":217,"column":37}},{"start":{"line":217,"column":41},"end":{"line":217,"column":43}}],"line":217},"24":{"loc":{"start":{"line":230,"column":11},"end":{"line":234,"column":11}},"type":"binary-expr","locations":[{"start":{"line":230,"column":11},"end":{"line":230,"column":21}},{"start":{"line":230,"column":25},"end":{"line":230,"column":44}},{"start":{"line":231,"column":12},"end":{"line":233,"column":18}}],"line":230},"25":{"loc":{"start":{"line":238,"column":7},"end":{"line":247,"column":7}},"type":"binary-expr","locations":[{"start":{"line":238,"column":7},"end":{"line":238,"column":15}},{"start":{"line":239,"column":8},"end":{"line":246,"column":14}}],"line":238}},"s":{"0":0,"1":0,"2":0,"3":0,"4":0,"5":0,"6":0,"7":0,"8":0,"9":0,"10":0,"11":0,"12":0,"13":0,"14":0,"15":0,"16":0,"17":0,"18":0,"19":0,"20":0,"21":0,"22":0,"23":0,"24":0,"25":0,"26":0,"27":0,"28":0,"29":0,"30":0,"31":0,"32":0,"33":0,"34":0,"35":0,"36":0,"37":0,"38":0,"39":0,"40":0,"41":0,"42":0,"43":0,"44":0,"45":0,"46":0,"47":0,"48":0,"49":0,"50":0,"51":0,"52":0,"53":0,"54":0,"55":0,"56":0,"57":0,"58":0,"59":0,"60":0,"61":0,"62":0,"63":0,"64":0,"65":0,"66":0,"67":0,"68":0,"69":0,"70":0,"71":0,"72":0,"73":0,"74":0,"75":0,"76":0,"77":0,"78":0,"79":0,"80":0,"81":0,"82":0,"83":0,"84":0,"85":0,"86":0,"87":0,"88":0,"89":0,"90":0,"91":0,"92":0,"93":0},"f":{"0":0,"1":0,"2":0,"3":0,"4":0,"5":0,"6":0,"7":0,"8":0,"9":0,"10":0,"11":0,"12":0,"13":0,"14":0,"15":0,"16":0,"17":0,"18":0,"19":0,"20":0,"21":0,"22":0},"b":{"0":[0,0],"1":[0,0],"2":[0,0],"3":[0,0],"4":[0,0],"5":[0,0],"6":[0,0],"7":[0,0],"8":[0,0],"9":[0,0],"10":[0,0],"11":[0,0],"12":[0,0],"13":[0,0],"14":[0,0],"15":[0,0],"16":[0,0],"17":[0,0],"18":[0,0],"19":[0,0],"20":[0,0],"21":[0,0],"22":[0,0],"23":[0,0],"24":[0,0,0],"25":[0,0]}}
,"/usr/src/redmine/plugins/redmine_react_gantt_chart/assets/javascripts/react_gantt_chart/FilterRow.jsx": {"path":"/usr/src/redmine/plugins/redmine_react_gantt_chart/assets/javascripts/react_gantt_chart/FilterRow.jsx","statementMap":{"0":{"start":{"line":16,"column":24},"end":{"line":22,"column":3}},"1":{"start":{"line":18,"column":6},"end":{"line":20,"column":15}},"2":{"start":{"line":24,"column":20},"end":{"line":24,"column":64}},"3":{"start":{"line":25,"column":29},"end":{"line":25,"column":77}},"4":{"start":{"line":26,"column":26},"end":{"line":30,"column":4}},"5":{"start":{"line":27,"column":4},"end":{"line":29,"column":13}},"6":{"start":{"line":33,"column":4},"end":{"line":35,"column":10}},"7":{"start":{"line":37,"column":28},"end":{"line":39,"column":3}},"8":{"start":{"line":38,"column":4},"end":{"line":38,"column":41}},"9":{"start":{"line":41,"column":31},"end":{"line":43,"column":3}},"10":{"start":{"line":42,"column":4},"end":{"line":42,"column":44}},"11":{"start":{"line":45,"column":28},"end":{"line":47,"column":3}},"12":{"start":{"line":46,"column":4},"end":{"line":46,"column":44}},"13":{"start":{"line":49,"column":33},"end":{"line":52,"column":3}},"14":{"start":{"line":50,"column":21},"end":{"line":50,"column":77}},"15":{"start":{"line":50,"column":67},"end":{"line":50,"column":76}},"16":{"start":{"line":51,"column":4},"end":{"line":51,"column":36}},"17":{"start":{"line":54,"column":27},"end":{"line":128,"column":3}},"18":{"start":{"line":55,"column":4},"end":{"line":55,"column":42}},"19":{"start":{"line":55,"column":30},"end":{"line":55,"column":42}},"20":{"start":{"line":56,"column":4},"end":{"line":56,"column":38}},"21":{"start":{"line":56,"column":26},"end":{"line":56,"column":38}},"22":{"start":{"line":58,"column":4},"end":{"line":127,"column":5}},"23":{"start":{"line":62,"column":8},"end":{"line":76,"column":10}},"24":{"start":{"line":71,"column":14},"end":{"line":73,"column":23}},"25":{"start":{"line":79,"column":8},"end":{"line":86,"column":10}},"26":{"start":{"line":90,"column":8},"end":{"line":98,"column":10}},"27":{"start":{"line":101,"column":8},"end":{"line":114,"column":10}},"28":{"start":{"line":109,"column":14},"end":{"line":111,"column":23}},"29":{"start":{"line":119,"column":8},"end":{"line":126,"column":10}},"30":{"start":{"line":130,"column":2},"end":{"line":161,"column":4}}},"fnMap":{"0":{"name":"FilterRow","decl":{"start":{"line":3,"column":9},"end":{"line":3,"column":18}},"loc":{"start":{"line":15,"column":3},"end":{"line":162,"column":1}},"line":15},"1":{"name":"(anonymous_1)","decl":{"start":{"line":17,"column":4},"end":{"line":17,"column":5}},"loc":{"start":{"line":18,"column":6},"end":{"line":20,"column":15}},"line":18},"2":{"name":"(anonymous_2)","decl":{"start":{"line":26,"column":49},"end":{"line":26,"column":50}},"loc":{"start":{"line":27,"column":4},"end":{"line":29,"column":13}},"line":27},"3":{"name":"(anonymous_3)","decl":{"start":{"line":37,"column":28},"end":{"line":37,"column":29}},"loc":{"start":{"line":37,"column":35},"end":{"line":39,"column":3}},"line":37},"4":{"name":"(anonymous_4)","decl":{"start":{"line":41,"column":31},"end":{"line":41,"column":32}},"loc":{"start":{"line":41,"column":38},"end":{"line":43,"column":3}},"line":41},"5":{"name":"(anonymous_5)","decl":{"start":{"line":45,"column":28},"end":{"line":45,"column":29}},"loc":{"start":{"line":45,"column":35},"end":{"line":47,"column":3}},"line":45},"6":{"name":"(anonymous_6)","decl":{"start":{"line":49,"column":33},"end":{"line":49,"column":34}},"loc":{"start":{"line":49,"column":40},"end":{"line":52,"column":3}},"line":49},"7":{"name":"(anonymous_7)","decl":{"start":{"line":50,"column":58},"end":{"line":50,"column":59}},"loc":{"start":{"line":50,"column":67},"end":{"line":50,"column":76}},"line":50},"8":{"name":"(anonymous_8)","decl":{"start":{"line":54,"column":27},"end":{"line":54,"column":28}},"loc":{"start":{"line":54,"column":33},"end":{"line":128,"column":3}},"line":54},"9":{"name":"(anonymous_9)","decl":{"start":{"line":70,"column":30},"end":{"line":70,"column":31}},"loc":{"start":{"line":71,"column":14},"end":{"line":73,"column":23}},"line":71},"10":{"name":"(anonymous_10)","decl":{"start":{"line":108,"column":30},"end":{"line":108,"column":31}},"loc":{"start":{"line":109,"column":14},"end":{"line":111,"column":23}},"line":109}},"branchMap":{"0":{"loc":{"start":{"line":24,"column":20},"end":{"line":24,"column":64}},"type":"cond-expr","locations":[{"start":{"line":24,"column":28},"end":{"line":24,"column":57}},{"start":{"line":24,"column":60},"end":{"line":24,"column":64}}],"line":24},"1":{"loc":{"start":{"line":25,"column":29},"end":{"line":25,"column":77}},"type":"cond-expr","locations":[{"start":{"line":25,"column":41},"end":{"line":25,"column":72}},{"start":{"line":25,"column":75},"end":{"line":25,"column":77}}],"line":25},"2":{"loc":{"start":{"line":25,"column":41},"end":{"line":25,"column":72}},"type":"binary-expr","locations":[{"start":{"line":25,"column":41},"end":{"line":25,"column":66}},{"start":{"line":25,"column":70},"end":{"line":25,"column":72}}],"line":25},"3":{"loc":{"start":{"line":28,"column":7},"end":{"line":28,"column":31}},"type":"binary-expr","locations":[{"start":{"line":28,"column":7},"end":{"line":28,"column":25}},{"start":{"line":28,"column":29},"end":{"line":28,"column":31}}],"line":28},"4":{"loc":{"start":{"line":33,"column":4},"end":{"line":35,"column":10}},"type":"cond-expr","locations":[{"start":{"line":34,"column":8},"end":{"line":34,"column":38}},{"start":{"line":35,"column":8},"end":{"line":35,"column":10}}],"line":33},"5":{"loc":{"start":{"line":33,"column":4},"end":{"line":33,"column":44}},"type":"binary-expr","locations":[{"start":{"line":33,"column":4},"end":{"line":33,"column":9}},{"start":{"line":33,"column":13},"end":{"line":33,"column":44}}],"line":33},"6":{"loc":{"start":{"line":55,"column":4},"end":{"line":55,"column":42}},"type":"if","locations":[{"start":{"line":55,"column":4},"end":{"line":55,"column":42}},{"start":{},"end":{}}],"line":55},"7":{"loc":{"start":{"line":55,"column":8},"end":{"line":55,"column":28}},"type":"binary-expr","locations":[{"start":{"line":55,"column":8},"end":{"line":55,"column":14}},{"start":{"line":55,"column":18},"end":{"line":55,"column":28}}],"line":55},"8":{"loc":{"start":{"line":56,"column":4},"end":{"line":56,"column":38}},"type":"if","locations":[{"start":{"line":56,"column":4},"end":{"line":56,"column":38}},{"start":{},"end":{}}],"line":56},"9":{"loc":{"start":{"line":58,"column":4},"end":{"line":127,"column":5}},"type":"switch","locations":[{"start":{"line":59,"column":6},"end":{"line":59,"column":18}},{"start":{"line":60,"column":6},"end":{"line":60,"column":20}},{"start":{"line":61,"column":6},"end":{"line":76,"column":10}},{"start":{"line":78,"column":6},"end":{"line":86,"column":10}},{"start":{"line":88,"column":6},"end":{"line":88,"column":17}},{"start":{"line":89,"column":6},"end":{"line":98,"column":10}},{"start":{"line":100,"column":6},"end":{"line":114,"column":10}},{"start":{"line":116,"column":6},"end":{"line":116,"column":20}},{"start":{"line":117,"column":6},"end":{"line":117,"column":18}},{"start":{"line":118,"column":6},"end":{"line":126,"column":10}}],"line":58},"10":{"loc":{"start":{"line":64,"column":22},"end":{"line":64,"column":58}},"type":"binary-expr","locations":[{"start":{"line":64,"column":22},"end":{"line":64,"column":38}},{"start":{"line":64,"column":42},"end":{"line":64,"column":58}}],"line":64},"11":{"loc":{"start":{"line":65,"column":19},"end":{"line":65,"column":31}},"type":"binary-expr","locations":[{"start":{"line":65,"column":19},"end":{"line":65,"column":25}},{"start":{"line":65,"column":29},"end":{"line":65,"column":31}}],"line":65},"12":{"loc":{"start":{"line":68,"column":18},"end":{"line":68,"column":69}},"type":"cond-expr","locations":[{"start":{"line":68,"column":45},"end":{"line":68,"column":47}},{"start":{"line":68,"column":50},"end":{"line":68,"column":69}}],"line":68},"13":{"loc":{"start":{"line":82,"column":19},"end":{"line":82,"column":36}},"type":"binary-expr","locations":[{"start":{"line":82,"column":19},"end":{"line":82,"column":30}},{"start":{"line":82,"column":34},"end":{"line":82,"column":36}}],"line":82},"14":{"loc":{"start":{"line":93,"column":19},"end":{"line":93,"column":36}},"type":"binary-expr","locations":[{"start":{"line":93,"column":19},"end":{"line":93,"column":30}},{"start":{"line":93,"column":34},"end":{"line":93,"column":36}}],"line":93},"15":{"loc":{"start":{"line":96,"column":18},"end":{"line":96,"column":53}},"type":"cond-expr","locations":[{"start":{"line":96,"column":42},"end":{"line":96,"column":47}},{"start":{"line":96,"column":50},"end":{"line":96,"column":53}}],"line":96},"16":{"loc":{"start":{"line":103,"column":19},"end":{"line":103,"column":36}},"type":"binary-expr","locations":[{"start":{"line":103,"column":19},"end":{"line":103,"column":30}},{"start":{"line":103,"column":34},"end":{"line":103,"column":36}}],"line":103},"17":{"loc":{"start":{"line":122,"column":19},"end":{"line":122,"column":36}},"type":"binary-expr","locations":[{"start":{"line":122,"column":19},"end":{"line":122,"column":30}},{"start":{"line":122,"column":34},"end":{"line":122,"column":36}}],"line":122},"18":{"loc":{"start":{"line":133,"column":15},"end":{"line":133,"column":26}},"type":"binary-expr","locations":[{"start":{"line":133,"column":15},"end":{"line":133,"column":20}},{"start":{"line":133,"column":24},"end":{"line":133,"column":26}}],"line":133},"19":{"loc":{"start":{"line":141,"column":7},"end":{"line":149,"column":7}},"type":"binary-expr","locations":[{"start":{"line":141,"column":7},"end":{"line":141,"column":12}},{"start":{"line":142,"column":8},"end":{"line":148,"column":17}}],"line":141},"20":{"loc":{"start":{"line":143,"column":17},"end":{"line":143,"column":31}},"type":"binary-expr","locations":[{"start":{"line":143,"column":17},"end":{"line":143,"column":25}},{"start":{"line":143,"column":29},"end":{"line":143,"column":31}}],"line":143},"21":{"loc":{"start":{"line":151,"column":7},"end":{"line":151,"column":46}},"type":"binary-expr","locations":[{"start":{"line":151,"column":7},"end":{"line":151,"column":12}},{"start":{"line":151,"column":16},"end":{"line":151,"column":24}},{"start":{"line":151,"column":28},"end":{"line":151,"column":46}}],"line":151}},"s":{"0":0,"1":0,"2":0,"3":0,"4":0,"5":0,"6":0,"7":0,"8":0,"9":0,"10":0,"11":0,"12":0,"13":0,"14":0,"15":0,"16":0,"17":0,"18":0,"19":0,"20":0,"21":0,"22":0,"23":0,"24":0,"25":0,"26":0,"27":0,"28":0,"29":0,"30":0},"f":{"0":0,"1":0,"2":0,"3":0,"4":0,"5":0,"6":0,"7":0,"8":0,"9":0,"10":0},"b":{"0":[0,0],"1":[0,0],"2":[0,0],"3":[0,0],"4":[0,0],"5":[0,0],"6":[0,0],"7":[0,0],"8":[0,0],"9":[0,0,0,0,0,0,0,0,0,0],"10":[0,0],"11":[0,0],"12":[0,0],"13":[0,0],"14":[0,0],"15":[0,0],"16":[0,0],"17":[0,0],"18":[0,0],"19":[0,0],"20":[0,0],"21":[0,0,0]}}
,"/usr/src/redmine/plugins/redmine_react_gantt_chart/assets/javascripts/react_gantt_chart/components/ColumnSettings.jsx": {"path":"/usr/src/redmine/plugins/redmine_react_gantt_chart/assets/javascripts/react_gantt_chart/components/ColumnSettings.jsx","statementMap":{"0":{"start":{"line":13,"column":40},"end":{"line":13,"column":54}},"1":{"start":{"line":14,"column":44},"end":{"line":14,"column":56}},"2":{"start":{"line":15,"column":26},"end":{"line":15,"column":38}},"3":{"start":{"line":18,"column":44},"end":{"line":27,"column":4}},"4":{"start":{"line":19,"column":21},"end":{"line":19,"column":41}},"5":{"start":{"line":20,"column":4},"end":{"line":25,"column":5}},"6":{"start":{"line":24,"column":6},"end":{"line":24,"column":22}},"7":{"start":{"line":26,"column":4},"end":{"line":26,"column":52}},"8":{"start":{"line":30,"column":2},"end":{"line":44,"column":61}},"9":{"start":{"line":31,"column":24},"end":{"line":37,"column":6}},"10":{"start":{"line":32,"column":6},"end":{"line":32,"column":33}},"11":{"start":{"line":34,"column":6},"end":{"line":36,"column":7}},"12":{"start":{"line":35,"column":8},"end":{"line":35,"column":56}},"13":{"start":{"line":40,"column":4},"end":{"line":40,"column":36}},"14":{"start":{"line":42,"column":4},"end":{"line":42,"column":31}},"15":{"start":{"line":42,"column":17},"end":{"line":42,"column":30}},"16":{"start":{"line":47,"column":2},"end":{"line":70,"column":56}},"17":{"start":{"line":49,"column":26},"end":{"line":62,"column":22}},"18":{"start":{"line":51,"column":23},"end":{"line":51,"column":69}},"19":{"start":{"line":51,"column":53},"end":{"line":51,"column":68}},"20":{"start":{"line":52,"column":8},"end":{"line":52,"column":33}},"21":{"start":{"line":52,"column":21},"end":{"line":52,"column":33}},"22":{"start":{"line":53,"column":8},"end":{"line":60,"column":10}},"23":{"start":{"line":65,"column":26},"end":{"line":67,"column":5}},"24":{"start":{"line":66,"column":14},"end":{"line":66,"column":59}},"25":{"start":{"line":66,"column":43},"end":{"line":66,"column":58}},"26":{"start":{"line":69,"column":4},"end":{"line":69,"column":59}},"27":{"start":{"line":73,"column":26},"end":{"line":76,"column":3}},"28":{"start":{"line":74,"column":4},"end":{"line":74,"column":27}},"29":{"start":{"line":75,"column":4},"end":{"line":75,"column":42}},"30":{"start":{"line":79,"column":25},"end":{"line":82,"column":3}},"31":{"start":{"line":80,"column":4},"end":{"line":80,"column":23}},"32":{"start":{"line":81,"column":4},"end":{"line":81,"column":39}},"33":{"start":{"line":85,"column":21},"end":{"line":102,"column":3}},"34":{"start":{"line":86,"column":4},"end":{"line":86,"column":23}},"35":{"start":{"line":87,"column":4},"end":{"line":87,"column":67}},"36":{"start":{"line":87,"column":60},"end":{"line":87,"column":67}},"37":{"start":{"line":89,"column":27},"end":{"line":89,"column":46}},"38":{"start":{"line":90,"column":25},"end":{"line":92,"column":5}},"39":{"start":{"line":91,"column":15},"end":{"line":91,"column":40}},"40":{"start":{"line":93,"column":24},"end":{"line":95,"column":5}},"41":{"start":{"line":94,"column":15},"end":{"line":94,"column":41}},"42":{"start":{"line":97,"column":4},"end":{"line":97,"column":43}},"43":{"start":{"line":98,"column":4},"end":{"line":98,"column":55}},"44":{"start":{"line":100,"column":4},"end":{"line":100,"column":41}},"45":{"start":{"line":101,"column":4},"end":{"line":101,"column":25}},"46":{"start":{"line":105,"column":33},"end":{"line":118,"column":3}},"47":{"start":{"line":106,"column":31},"end":{"line":108,"column":5}},"48":{"start":{"line":107,"column":15},"end":{"line":107,"column":35}},"49":{"start":{"line":111,"column":4},"end":{"line":115,"column":5}},"50":{"start":{"line":112,"column":6},"end":{"line":112,"column":79}},"51":{"start":{"line":112,"column":57},"end":{"line":112,"column":77}},"52":{"start":{"line":114,"column":6},"end":{"line":114,"column":54}},"53":{"start":{"line":117,"column":4},"end":{"line":117,"column":44}},"54":{"start":{"line":120,"column":2},"end":{"line":207,"column":4}},"55":{"start":{"line":130,"column":10},"end":{"line":203,"column":16}},"56":{"start":{"line":132,"column":52},"end":{"line":132,"column":72}},"57":{"start":{"line":133,"column":32},"end":{"line":133,"column":58}},"58":{"start":{"line":135,"column":27},"end":{"line":135,"column":48}},"59":{"start":{"line":137,"column":43},"end":{"line":137,"column":63}},"60":{"start":{"line":147,"column":58},"end":{"line":147,"column":78}},"61":{"start":{"line":148,"column":36},"end":{"line":148,"column":66}},"62":{"start":{"line":160,"column":46},"end":{"line":160,"column":66}},"63":{"start":{"line":170,"column":38},"end":{"line":173,"column":25}},"64":{"start":{"line":174,"column":47},"end":{"line":176,"column":25}},"65":{"start":{"line":175,"column":26},"end":{"line":175,"column":72}},"66":{"start":{"line":177,"column":24},"end":{"line":177,"column":61}},"67":{"start":{"line":185,"column":42},"end":{"line":185,"column":62}}},"fnMap":{"0":{"name":"ColumnSettings","decl":{"start":{"line":8,"column":9},"end":{"line":8,"column":23}},"loc":{"start":{"line":12,"column":3},"end":{"line":208,"column":1}},"line":12},"1":{"name":"(anonymous_1)","decl":{"start":{"line":18,"column":53},"end":{"line":18,"column":54}},"loc":{"start":{"line":18,"column":59},"end":{"line":27,"column":3}},"line":18},"2":{"name":"(anonymous_2)","decl":{"start":{"line":30,"column":12},"end":{"line":30,"column":13}},"loc":{"start":{"line":30,"column":18},"end":{"line":44,"column":3}},"line":30},"3":{"name":"(anonymous_3)","decl":{"start":{"line":31,"column":49},"end":{"line":31,"column":50}},"loc":{"start":{"line":31,"column":63},"end":{"line":37,"column":5}},"line":31},"4":{"name":"(anonymous_4)","decl":{"start":{"line":42,"column":11},"end":{"line":42,"column":12}},"loc":{"start":{"line":42,"column":17},"end":{"line":42,"column":30}},"line":42},"5":{"name":"(anonymous_5)","decl":{"start":{"line":47,"column":12},"end":{"line":47,"column":13}},"loc":{"start":{"line":47,"column":18},"end":{"line":70,"column":3}},"line":47},"6":{"name":"(anonymous_6)","decl":{"start":{"line":50,"column":11},"end":{"line":50,"column":12}},"loc":{"start":{"line":50,"column":19},"end":{"line":61,"column":7}},"line":50},"7":{"name":"(anonymous_7)","decl":{"start":{"line":51,"column":45},"end":{"line":51,"column":46}},"loc":{"start":{"line":51,"column":53},"end":{"line":51,"column":68}},"line":51},"8":{"name":"(anonymous_8)","decl":{"start":{"line":66,"column":6},"end":{"line":66,"column":7}},"loc":{"start":{"line":66,"column":14},"end":{"line":66,"column":59}},"line":66},"9":{"name":"(anonymous_9)","decl":{"start":{"line":66,"column":35},"end":{"line":66,"column":36}},"loc":{"start":{"line":66,"column":43},"end":{"line":66,"column":58}},"line":66},"10":{"name":"(anonymous_10)","decl":{"start":{"line":73,"column":26},"end":{"line":73,"column":27}},"loc":{"start":{"line":73,"column":41},"end":{"line":76,"column":3}},"line":73},"11":{"name":"(anonymous_11)","decl":{"start":{"line":79,"column":25},"end":{"line":79,"column":26}},"loc":{"start":{"line":79,"column":32},"end":{"line":82,"column":3}},"line":79},"12":{"name":"(anonymous_12)","decl":{"start":{"line":85,"column":21},"end":{"line":85,"column":22}},"loc":{"start":{"line":85,"column":42},"end":{"line":102,"column":3}},"line":85},"13":{"name":"(anonymous_13)","decl":{"start":{"line":91,"column":6},"end":{"line":91,"column":7}},"loc":{"start":{"line":91,"column":15},"end":{"line":91,"column":40}},"line":91},"14":{"name":"(anonymous_14)","decl":{"start":{"line":94,"column":6},"end":{"line":94,"column":7}},"loc":{"start":{"line":94,"column":15},"end":{"line":94,"column":41}},"line":94},"15":{"name":"(anonymous_15)","decl":{"start":{"line":105,"column":33},"end":{"line":105,"column":34}},"loc":{"start":{"line":105,"column":45},"end":{"line":118,"column":3}},"line":105},"16":{"name":"(anonymous_16)","decl":{"start":{"line":107,"column":6},"end":{"line":107,"column":7}},"loc":{"start":{"line":107,"column":15},"end":{"line":107,"column":35}},"line":107},"17":{"name":"(anonymous_17)","decl":{"start":{"line":112,"column":48},"end":{"line":112,"column":49}},"loc":{"start":{"line":112,"column":57},"end":{"line":112,"column":77}},"line":112},"18":{"name":"(anonymous_18)","decl":{"start":{"line":129,"column":27},"end":{"line":129,"column":28}},"loc":{"start":{"line":130,"column":10},"end":{"line":203,"column":16}},"line":130},"19":{"name":"(anonymous_19)","decl":{"start":{"line":132,"column":43},"end":{"line":132,"column":44}},"loc":{"start":{"line":132,"column":52},"end":{"line":132,"column":72}},"line":132},"20":{"name":"(anonymous_20)","decl":{"start":{"line":133,"column":25},"end":{"line":133,"column":26}},"loc":{"start":{"line":133,"column":32},"end":{"line":133,"column":58}},"line":133},"21":{"name":"(anonymous_21)","decl":{"start":{"line":135,"column":20},"end":{"line":135,"column":21}},"loc":{"start":{"line":135,"column":27},"end":{"line":135,"column":48}},"line":135},"22":{"name":"(anonymous_22)","decl":{"start":{"line":137,"column":34},"end":{"line":137,"column":35}},"loc":{"start":{"line":137,"column":43},"end":{"line":137,"column":63}},"line":137},"23":{"name":"(anonymous_23)","decl":{"start":{"line":147,"column":49},"end":{"line":147,"column":50}},"loc":{"start":{"line":147,"column":58},"end":{"line":147,"column":78}},"line":147},"24":{"name":"(anonymous_24)","decl":{"start":{"line":148,"column":30},"end":{"line":148,"column":31}},"loc":{"start":{"line":148,"column":36},"end":{"line":148,"column":66}},"line":148},"25":{"name":"(anonymous_25)","decl":{"start":{"line":160,"column":37},"end":{"line":160,"column":38}},"loc":{"start":{"line":160,"column":46},"end":{"line":160,"column":66}},"line":160},"26":{"name":"(anonymous_26)","decl":{"start":{"line":169,"column":32},"end":{"line":169,"column":33}},"loc":{"start":{"line":169,"column":39},"end":{"line":178,"column":23}},"line":169},"27":{"name":"(anonymous_27)","decl":{"start":{"line":174,"column":66},"end":{"line":174,"column":67}},"loc":{"start":{"line":175,"column":26},"end":{"line":175,"column":72}},"line":175},"28":{"name":"(anonymous_28)","decl":{"start":{"line":185,"column":33},"end":{"line":185,"column":34}},"loc":{"start":{"line":185,"column":42},"end":{"line":185,"column":62}},"line":185}},"branchMap":{"0":{"loc":{"start":{"line":20,"column":4},"end":{"line":25,"column":5}},"type":"if","locations":[{"start":{"line":20,"column":4},"end":{"line":25,"column":5}},{"start":{},"end":{}}],"line":20},"1":{"loc":{"start":{"line":20,"column":8},"end":{"line":20,"column":69}},"type":"binary-expr","locations":[{"start":{"line":20,"column":8},"end":{"line":20,"column":31}},{"start":{"line":20,"column":35},"end":{"line":20,"column":69}}],"line":20},"2":{"loc":{"start":{"line":34,"column":6},"end":{"line":36,"column":7}},"type":"if","locations":[{"start":{"line":34,"column":6},"end":{"line":36,"column":7}},{"start":{},"end":{}}],"line":34},"3":{"loc":{"start":{"line":34,"column":10},"end":{"line":34,"column":61}},"type":"binary-expr","locations":[{"start":{"line":34,"column":10},"end":{"line":34,"column":34}},{"start":{"line":34,"column":38},"end":{"line":34,"column":61}}],"line":34},"4":{"loc":{"start":{"line":52,"column":8},"end":{"line":52,"column":33}},"type":"if","locations":[{"start":{"line":52,"column":8},"end":{"line":52,"column":33}},{"start":{},"end":{}}],"line":52},"5":{"loc":{"start":{"line":56,"column":12},"end":{"line":59,"column":15}},"type":"binary-expr","locations":[{"start":{"line":56,"column":12},"end":{"line":56,"column":20}},{"start":{"line":57,"column":12},"end":{"line":57,"column":45}},{"start":{"line":58,"column":12},"end":{"line":58,"column":24}},{"start":{"line":59,"column":12},"end":{"line":59,"column":15}}],"line":56},"6":{"loc":{"start":{"line":87,"column":4},"end":{"line":87,"column":67}},"type":"if","locations":[{"start":{"line":87,"column":4},"end":{"line":87,"column":67}},{"start":{},"end":{}}],"line":87},"7":{"loc":{"start":{"line":87,"column":8},"end":{"line":87,"column":58}},"type":"binary-expr","locations":[{"start":{"line":87,"column":8},"end":{"line":87,"column":20}},{"start":{"line":87,"column":24},"end":{"line":87,"column":58}}],"line":87},"8":{"loc":{"start":{"line":111,"column":4},"end":{"line":115,"column":5}},"type":"if","locations":[{"start":{"line":111,"column":4},"end":{"line":115,"column":5}},{"start":{"line":113,"column":11},"end":{"line":115,"column":5}}],"line":111},"9":{"loc":{"start":{"line":137,"column":14},"end":{"line":139,"column":30}},"type":"cond-expr","locations":[{"start":{"line":138,"column":18},"end":{"line":138,"column":42}},{"start":{"line":139,"column":18},"end":{"line":139,"column":30}}],"line":137},"10":{"loc":{"start":{"line":153,"column":21},"end":{"line":157,"column":21}},"type":"binary-expr","locations":[{"start":{"line":153,"column":21},"end":{"line":153,"column":59}},{"start":{"line":154,"column":22},"end":{"line":156,"column":29}}],"line":153},"11":{"loc":{"start":{"line":160,"column":17},"end":{"line":182,"column":17}},"type":"binary-expr","locations":[{"start":{"line":160,"column":17},"end":{"line":160,"column":67}},{"start":{"line":161,"column":18},"end":{"line":181,"column":24}}],"line":160},"12":{"loc":{"start":{"line":168,"column":29},"end":{"line":168,"column":47}},"type":"binary-expr","locations":[{"start":{"line":168,"column":29},"end":{"line":168,"column":41}},{"start":{"line":168,"column":45},"end":{"line":168,"column":47}}],"line":168},"13":{"loc":{"start":{"line":172,"column":39},"end":{"line":172,"column":69}},"type":"binary-expr","locations":[{"start":{"line":172,"column":39},"end":{"line":172,"column":63}},{"start":{"line":172,"column":67},"end":{"line":172,"column":69}}],"line":172},"14":{"loc":{"start":{"line":175,"column":26},"end":{"line":175,"column":72}},"type":"cond-expr","locations":[{"start":{"line":175,"column":49},"end":{"line":175,"column":66}},{"start":{"line":175,"column":69},"end":{"line":175,"column":72}}],"line":175},"15":{"loc":{"start":{"line":185,"column":13},"end":{"line":202,"column":13}},"type":"binary-expr","locations":[{"start":{"line":185,"column":13},"end":{"line":185,"column":63}},{"start":{"line":186,"column":14},"end":{"line":201,"column":21}}],"line":185}},"s":{"0":0,"1":0,"2":0,"3":0,"4":0,"5":0,"6":0,"7":0,"8":0,"9":0,"10":0,"11":0,"12":0,"13":0,"14":0,"15":0,"16":0,"17":0,"18":0,"19":0,"20":0,"21":0,"22":0,"23":0,"24":0,"25":0,"26":0,"27":0,"28":0,"29":0,"30":0,"31":0,"32":0,"33":0,"34":0,"35":0,"36":0,"37":0,"38":0,"39":0,"40":0,"41":0,"42":0,"43":0,"44":0,"45":0,"46":0,"47":0,"48":0,"49":0,"50":0,"51":0,"52":0,"53":0,"54":0,"55":0,"56":0,"57":0,"58":0,"59":0,"60":0,"61":0,"62":0,"63":0,"64":0,"65":0,"66":0,"67":0},"f":{"0":0,"1":0,"2":0,"3":0,"4":0,"5":0,"6":0,"7":0,"8":0,"9":0,"10":0,"11":0,"12":0,"13":0,"14":0,"15":0,"16":0,"17":0,"18":0,"19":0,"20":0,"21":0,"22":0,"23":0,"24":0,"25":0,"26":0,"27":0,"28":0},"b":{"0":[0,0],"1":[0,0],"2":[0,0],"3":[0,0],"4":[0,0],"5":[0,0,0,0],"6":[0,0],"7":[0,0],"8":[0,0],"9":[0,0],"10":[0,0],"11":[0,0],"12":[0,0],"13":[0,0],"14":[0,0],"15":[0,0]}}
,"/usr/src/redmine/plugins/redmine_react_gantt_chart/assets/javascripts/react_gantt_chart/components/CustomBar.jsx": {"path":"/usr/src/redmine/plugins/redmine_react_gantt_chart/assets/javascripts/react_gantt_chart/components/CustomBar.jsx","statementMap":{"0":{"start":{"line":9,"column":21},"end":{"line":9,"column":42}},"1":{"start":{"line":10,"column":2},"end":{"line":10,"column":43}},"2":{"start":{"line":10,"column":17},"end":{"line":10,"column":43}},"3":{"start":{"line":11,"column":2},"end":{"line":11,"column":47}},"4":{"start":{"line":11,"column":16},"end":{"line":11,"column":47}},"5":{"start":{"line":13,"column":2},"end":{"line":36,"column":4}}},"fnMap":{"0":{"name":"CustomBar","decl":{"start":{"line":8,"column":24},"end":{"line":8,"column":33}},"loc":{"start":{"line":8,"column":61},"end":{"line":37,"column":1}},"line":8}},"branchMap":{"0":{"loc":{"start":{"line":10,"column":2},"end":{"line":10,"column":43}},"type":"if","locations":[{"start":{"line":10,"column":2},"end":{"line":10,"column":43}},{"start":{},"end":{}}],"line":10},"1":{"loc":{"start":{"line":11,"column":2},"end":{"line":11,"column":47}},"type":"if","locations":[{"start":{"line":11,"column":2},"end":{"line":11,"column":47}},{"start":{},"end":{}}],"line":11},"2":{"loc":{"start":{"line":17,"column":11},"end":{"line":17,"column":78}},"type":"cond-expr","locations":[{"start":{"line":17,"column":38},"end":{"line":17,"column":47}},{"start":{"line":17,"column":50},"end":{"line":17,"column":78}}],"line":17},"3":{"loc":{"start":{"line":21,"column":41},"end":{"line":21,"column":65}},"type":"binary-expr","locations":[{"start":{"line":21,"column":41},"end":{"line":21,"column":58}},{"start":{"line":21,"column":62},"end":{"line":21,"column":65}}],"line":21},"4":{"loc":{"start":{"line":22,"column":43},"end":{"line":22,"column":72}},"type":"binary-expr","locations":[{"start":{"line":22,"column":43},"end":{"line":22,"column":65}},{"start":{"line":22,"column":69},"end":{"line":22,"column":72}}],"line":22},"5":{"loc":{"start":{"line":24,"column":13},"end":{"line":24,"column":74}},"type":"cond-expr","locations":[{"start":{"line":24,"column":27},"end":{"line":24,"column":68}},{"start":{"line":24,"column":71},"end":{"line":24,"column":74}}],"line":24},"6":{"loc":{"start":{"line":25,"column":13},"end":{"line":25,"column":70}},"type":"cond-expr","locations":[{"start":{"line":25,"column":25},"end":{"line":25,"column":64}},{"start":{"line":25,"column":67},"end":{"line":25,"column":70}}],"line":25},"7":{"loc":{"start":{"line":29,"column":9},"end":{"line":33,"column":9}},"type":"binary-expr","locations":[{"start":{"line":29,"column":9},"end":{"line":29,"column":22}},{"start":{"line":30,"column":10},"end":{"line":32,"column":16}}],"line":29}},"s":{"0":0,"1":0,"2":0,"3":0,"4":0,"5":0},"f":{"0":0},"b":{"0":[0,0],"1":[0,0],"2":[0,0],"3":[0,0],"4":[0,0],"5":[0,0],"6":[0,0],"7":[0,0]}}
,"/usr/src/redmine/plugins/redmine_react_gantt_chart/assets/javascripts/react_gantt_chart/components/DHMLXGanttWrapper.jsx": {"path":"/usr/src/redmine/plugins/redmine_react_gantt_chart/assets/javascripts/react_gantt_chart/components/DHMLXGanttWrapper.jsx","statementMap":{"0":{"start":{"line":5,"column":26},"end":{"line":95,"column":1}},"1":{"start":{"line":6,"column":23},"end":{"line":6,"column":35}},"2":{"start":{"line":7,"column":24},"end":{"line":7,"column":37}},"3":{"start":{"line":9,"column":2},"end":{"line":53,"column":25}},"4":{"start":{"line":10,"column":4},"end":{"line":10,"column":63}},"5":{"start":{"line":10,"column":56},"end":{"line":10,"column":63}},"6":{"start":{"line":13,"column":4},"end":{"line":13,"column":42}},"7":{"start":{"line":14,"column":4},"end":{"line":18,"column":6}},"8":{"start":{"line":21,"column":4},"end":{"line":25,"column":5}},"9":{"start":{"line":22,"column":6},"end":{"line":24,"column":9}},"10":{"start":{"line":23,"column":8},"end":{"line":23,"column":34}},"11":{"start":{"line":28,"column":4},"end":{"line":33,"column":7}},"12":{"start":{"line":29,"column":6},"end":{"line":31,"column":7}},"13":{"start":{"line":30,"column":8},"end":{"line":30,"column":44}},"14":{"start":{"line":32,"column":6},"end":{"line":32,"column":18}},"15":{"start":{"line":35,"column":4},"end":{"line":41,"column":7}},"16":{"start":{"line":36,"column":19},"end":{"line":36,"column":36}},"17":{"start":{"line":37,"column":6},"end":{"line":39,"column":7}},"18":{"start":{"line":38,"column":8},"end":{"line":38,"column":48}},"19":{"start":{"line":40,"column":6},"end":{"line":40,"column":18}},"20":{"start":{"line":44,"column":4},"end":{"line":44,"column":37}},"21":{"start":{"line":45,"column":4},"end":{"line":45,"column":33}},"22":{"start":{"line":47,"column":4},"end":{"line":52,"column":6}},"23":{"start":{"line":48,"column":6},"end":{"line":51,"column":7}},"24":{"start":{"line":49,"column":8},"end":{"line":49,"column":25}},"25":{"start":{"line":50,"column":8},"end":{"line":50,"column":38}},"26":{"start":{"line":56,"column":2},"end":{"line":76,"column":13}},"27":{"start":{"line":57,"column":4},"end":{"line":57,"column":48}},"28":{"start":{"line":57,"column":41},"end":{"line":57,"column":48}},"29":{"start":{"line":59,"column":4},"end":{"line":59,"column":21}},"30":{"start":{"line":62,"column":26},"end":{"line":73,"column":5}},"31":{"start":{"line":63,"column":37},"end":{"line":71,"column":7}},"32":{"start":{"line":75,"column":4},"end":{"line":75,"column":31}},"33":{"start":{"line":79,"column":28},"end":{"line":86,"column":3}},"34":{"start":{"line":80,"column":4},"end":{"line":80,"column":33}},"35":{"start":{"line":80,"column":24},"end":{"line":80,"column":33}},"36":{"start":{"line":81,"column":22},"end":{"line":81,"column":37}},"37":{"start":{"line":82,"column":20},"end":{"line":82,"column":33}},"38":{"start":{"line":83,"column":21},"end":{"line":83,"column":50}},"39":{"start":{"line":84,"column":21},"end":{"line":84,"column":64}},"40":{"start":{"line":85,"column":4},"end":{"line":85,"column":25}},"41":{"start":{"line":88,"column":2},"end":{"line":94,"column":4}}},"fnMap":{"0":{"name":"(anonymous_0)","decl":{"start":{"line":5,"column":26},"end":{"line":5,"column":27}},"loc":{"start":{"line":5,"column":58},"end":{"line":95,"column":1}},"line":5},"1":{"name":"(anonymous_1)","decl":{"start":{"line":9,"column":12},"end":{"line":9,"column":13}},"loc":{"start":{"line":9,"column":18},"end":{"line":53,"column":3}},"line":9},"2":{"name":"(anonymous_2)","decl":{"start":{"line":22,"column":37},"end":{"line":22,"column":38}},"loc":{"start":{"line":22,"column":55},"end":{"line":24,"column":7}},"line":22},"3":{"name":"(anonymous_3)","decl":{"start":{"line":28,"column":43},"end":{"line":28,"column":44}},"loc":{"start":{"line":28,"column":62},"end":{"line":33,"column":5}},"line":28},"4":{"name":"(anonymous_4)","decl":{"start":{"line":35,"column":41},"end":{"line":35,"column":42}},"loc":{"start":{"line":35,"column":63},"end":{"line":41,"column":5}},"line":35},"5":{"name":"(anonymous_5)","decl":{"start":{"line":47,"column":11},"end":{"line":47,"column":12}},"loc":{"start":{"line":47,"column":17},"end":{"line":52,"column":5}},"line":47},"6":{"name":"(anonymous_6)","decl":{"start":{"line":56,"column":12},"end":{"line":56,"column":13}},"loc":{"start":{"line":56,"column":18},"end":{"line":76,"column":3}},"line":56},"7":{"name":"(anonymous_7)","decl":{"start":{"line":63,"column":28},"end":{"line":63,"column":29}},"loc":{"start":{"line":63,"column":37},"end":{"line":71,"column":7}},"line":63},"8":{"name":"(anonymous_8)","decl":{"start":{"line":79,"column":28},"end":{"line":79,"column":29}},"loc":{"start":{"line":79,"column":44},"end":{"line":86,"column":3}},"line":79}},"branchMap":{"0":{"loc":{"start":{"line":10,"column":4},"end":{"line":10,"column":63}},"type":"if","locations":[{"start":{"line":10,"column":4},"end":{"line":10,"column":63}},{"start":{},"end":{}}],"line":10},"1":{"loc":{"start":{"line":10,"column":8},"end":{"line":10,"column":54}},"type":"binary-expr","locations":[{"start":{"line":10,"column":8},"end":{"line":10,"column":29}},{"start":{"line":10,"column":33},"end":{"line":10,"column":54}}],"line":10},"2":{"loc":{"start":{"line":21,"column":4},"end":{"line":25,"column":5}},"type":"if","locations":[{"start":{"line":21,"column":4},"end":{"line":25,"column":5}},{"start":{},"end":{}}],"line":21},"3":{"loc":{"start":{"line":29,"column":6},"end":{"line":31,"column":7}},"type":"if","locations":[{"start":{"line":29,"column":6},"end":{"line":31,"column":7}},{"start":{},"end":{}}],"line":29},"4":{"loc":{"start":{"line":37,"column":6},"end":{"line":39,"column":7}},"type":"if","locations":[{"start":{"line":37,"column":6},"end":{"line":39,"column":7}},{"start":{},"end":{}}],"line":37},"5":{"loc":{"start":{"line":48,"column":6},"end":{"line":51,"column":7}},"type":"if","locations":[{"start":{"line":48,"column":6},"end":{"line":51,"column":7}},{"start":{},"end":{}}],"line":48},"6":{"loc":{"start":{"line":57,"column":4},"end":{"line":57,"column":48}},"type":"if","locations":[{"start":{"line":57,"column":4},"end":{"line":57,"column":48}},{"start":{},"end":{}}],"line":57},"7":{"loc":{"start":{"line":57,"column":8},"end":{"line":57,"column":39}},"type":"binary-expr","locations":[{"start":{"line":57,"column":8},"end":{"line":57,"column":30}},{"start":{"line":57,"column":34},"end":{"line":57,"column":39}}],"line":57},"8":{"loc":{"start":{"line":63,"column":12},"end":{"line":71,"column":15}},"type":"binary-expr","locations":[{"start":{"line":63,"column":12},"end":{"line":71,"column":9}},{"start":{"line":71,"column":13},"end":{"line":71,"column":15}}],"line":63},"9":{"loc":{"start":{"line":65,"column":14},"end":{"line":65,"column":36}},"type":"binary-expr","locations":[{"start":{"line":65,"column":14},"end":{"line":65,"column":23}},{"start":{"line":65,"column":27},"end":{"line":65,"column":36}}],"line":65},"10":{"loc":{"start":{"line":66,"column":20},"end":{"line":66,"column":49}},"type":"binary-expr","locations":[{"start":{"line":66,"column":20},"end":{"line":66,"column":30}},{"start":{"line":66,"column":34},"end":{"line":66,"column":49}}],"line":66},"11":{"loc":{"start":{"line":67,"column":18},"end":{"line":67,"column":74}},"type":"binary-expr","locations":[{"start":{"line":67,"column":18},"end":{"line":67,"column":31}},{"start":{"line":67,"column":35},"end":{"line":67,"column":74}}],"line":67},"12":{"loc":{"start":{"line":68,"column":16},"end":{"line":68,"column":32}},"type":"binary-expr","locations":[{"start":{"line":68,"column":16},"end":{"line":68,"column":27}},{"start":{"line":68,"column":31},"end":{"line":68,"column":32}}],"line":68},"13":{"loc":{"start":{"line":69,"column":18},"end":{"line":69,"column":36}},"type":"binary-expr","locations":[{"start":{"line":69,"column":18},"end":{"line":69,"column":31}},{"start":{"line":69,"column":35},"end":{"line":69,"column":36}}],"line":69},"14":{"loc":{"start":{"line":72,"column":13},"end":{"line":72,"column":29}},"type":"binary-expr","locations":[{"start":{"line":72,"column":13},"end":{"line":72,"column":23}},{"start":{"line":72,"column":27},"end":{"line":72,"column":29}}],"line":72},"15":{"loc":{"start":{"line":80,"column":4},"end":{"line":80,"column":33}},"type":"if","locations":[{"start":{"line":80,"column":4},"end":{"line":80,"column":33}},{"start":{},"end":{}}],"line":80},"16":{"loc":{"start":{"line":80,"column":8},"end":{"line":80,"column":22}},"type":"binary-expr","locations":[{"start":{"line":80,"column":8},"end":{"line":80,"column":14}},{"start":{"line":80,"column":18},"end":{"line":80,"column":22}}],"line":80},"17":{"loc":{"start":{"line":85,"column":11},"end":{"line":85,"column":24}},"type":"binary-expr","locations":[{"start":{"line":85,"column":11},"end":{"line":85,"column":19}},{"start":{"line":85,"column":23},"end":{"line":85,"column":24}}],"line":85}},"s":{"0":1,"1":9,"2":9,"3":9,"4":8,"5":0,"6":8,"7":8,"8":8,"9":8,"10":24,"11":8,"12":0,"13":0,"14":0,"15":8,"16":0,"17":0,"18":0,"19":0,"20":8,"21":8,"22":8,"23":8,"24":8,"25":8,"26":9,"27":9,"28":0,"29":9,"30":9,"31":16,"32":9,"33":9,"34":16,"35":0,"36":16,"37":16,"38":16,"39":16,"40":16,"41":9},"f":{"0":9,"1":8,"2":24,"3":0,"4":0,"5":8,"6":9,"7":16,"8":16},"b":{"0":[0,8],"1":[8,8],"2":[8,0],"3":[0,0],"4":[0,0],"5":[8,0],"6":[0,9],"7":[9,9],"8":[9,0],"9":[16,0],"10":[16,0],"11":[16,16],"12":[16,9],"13":[16,1],"14":[9,0],"15":[0,16],"16":[16,16],"17":[16,0]},"_coverageSchema":"1a1c01bbd47fc00a2c39e90264f33305004495a9","hash":"871669e6c5701e51e93b4f12d53c8c65e88c9f4f"}
,"/usr/src/redmine/plugins/redmine_react_gantt_chart/assets/javascripts/react_gantt_chart/components/GanttChart.jsx": {"path":"/usr/src/redmine/plugins/redmine_react_gantt_chart/assets/javascripts/react_gantt_chart/components/GanttChart.jsx","statementMap":{"0":{"start":{"line":34,"column":21},"end":{"line":34,"column":42}},"1":{"start":{"line":35,"column":2},"end":{"line":35,"column":43}},"2":{"start":{"line":35,"column":17},"end":{"line":35,"column":43}},"3":{"start":{"line":36,"column":2},"end":{"line":36,"column":47}},"4":{"start":{"line":36,"column":16},"end":{"line":36,"column":47}},"5":{"start":{"line":38,"column":2},"end":{"line":61,"column":4}},"6":{"start":{"line":75,"column":17},"end":{"line":75,"column":29}},"7":{"start":{"line":76,"column":34},"end":{"line":76,"column":46}},"8":{"start":{"line":77,"column":42},"end":{"line":77,"column":56}},"9":{"start":{"line":78,"column":38},"end":{"line":78,"column":53}},"10":{"start":{"line":81,"column":48},"end":{"line":81,"column":63}},"11":{"start":{"line":84,"column":2},"end":{"line":91,"column":9}},"12":{"start":{"line":85,"column":36},"end":{"line":85,"column":58}},"13":{"start":{"line":86,"column":14},"end":{"line":86,"column":38}},"14":{"start":{"line":87,"column":4},"end":{"line":90,"column":6}},"15":{"start":{"line":88,"column":6},"end":{"line":88,"column":22}},"16":{"start":{"line":89,"column":6},"end":{"line":89,"column":19}},"17":{"start":{"line":96,"column":21},"end":{"line":96,"column":72}},"18":{"start":{"line":96,"column":35},"end":{"line":96,"column":62}},"19":{"start":{"line":98,"column":44},"end":{"line":98,"column":74}},"20":{"start":{"line":99,"column":2},"end":{"line":99,"column":66}},"21":{"start":{"line":99,"column":18},"end":{"line":99,"column":60}},"22":{"start":{"line":101,"column":18},"end":{"line":115,"column":49}},"23":{"start":{"line":102,"column":17},"end":{"line":103,"column":77}},"24":{"start":{"line":103,"column":6},"end":{"line":103,"column":77}},"25":{"start":{"line":105,"column":4},"end":{"line":114,"column":22}},"26":{"start":{"line":107,"column":21},"end":{"line":107,"column":38}},"27":{"start":{"line":108,"column":8},"end":{"line":108,"column":42}},"28":{"start":{"line":108,"column":21},"end":{"line":108,"column":42}},"29":{"start":{"line":109,"column":8},"end":{"line":110,"column":56}},"30":{"start":{"line":110,"column":10},"end":{"line":110,"column":56}},"31":{"start":{"line":111,"column":8},"end":{"line":111,"column":20}},"32":{"start":{"line":120,"column":25},"end":{"line":135,"column":13}},"33":{"start":{"line":121,"column":4},"end":{"line":121,"column":41}},"34":{"start":{"line":121,"column":31},"end":{"line":121,"column":41}},"35":{"start":{"line":122,"column":4},"end":{"line":134,"column":7}},"36":{"start":{"line":123,"column":17},"end":{"line":127,"column":7}},"37":{"start":{"line":128,"column":6},"end":{"line":132,"column":7}},"38":{"start":{"line":129,"column":8},"end":{"line":131,"column":11}},"39":{"start":{"line":130,"column":10},"end":{"line":130,"column":45}},"40":{"start":{"line":133,"column":6},"end":{"line":133,"column":16}},"41":{"start":{"line":140,"column":20},"end":{"line":161,"column":3}},"42":{"start":{"line":141,"column":4},"end":{"line":141,"column":25}},"43":{"start":{"line":144,"column":4},"end":{"line":151,"column":7}},"44":{"start":{"line":146,"column":6},"end":{"line":149,"column":7}},"45":{"start":{"line":147,"column":8},"end":{"line":147,"column":67}},"46":{"start":{"line":148,"column":8},"end":{"line":148,"column":21}},"47":{"start":{"line":150,"column":6},"end":{"line":150,"column":18}},"48":{"start":{"line":154,"column":4},"end":{"line":156,"column":7}},"49":{"start":{"line":155,"column":6},"end":{"line":155,"column":46}},"50":{"start":{"line":155,"column":23},"end":{"line":155,"column":46}},"51":{"start":{"line":157,"column":4},"end":{"line":159,"column":7}},"52":{"start":{"line":158,"column":6},"end":{"line":158,"column":46}},"53":{"start":{"line":158,"column":23},"end":{"line":158,"column":46}},"54":{"start":{"line":160,"column":4},"end":{"line":160,"column":40}},"55":{"start":{"line":164,"column":23},"end":{"line":165,"column":63}},"56":{"start":{"line":165,"column":4},"end":{"line":165,"column":63}},"57":{"start":{"line":165,"column":27},"end":{"line":165,"column":61}},"58":{"start":{"line":168,"column":25},"end":{"line":222,"column":3}},"59":{"start":{"line":169,"column":4},"end":{"line":169,"column":52}},"60":{"start":{"line":170,"column":4
[...]
"28":{"start":{"line":75,"column":17},"end":{"line":75,"column":35}},"29":{"start":{"line":76,"column":2},"end":{"line":76,"column":27}},"30":{"start":{"line":77,"column":2},"end":{"line":77,"column":27}}},"fnMap":{"0":{"name":"(anonymous_0)","decl":{"start":{"line":13,"column":39},"end":{"line":13,"column":40}},"loc":{"start":{"line":13,"column":53},"end":{"line":18,"column":1}},"line":13},"1":{"name":"(anonymous_1)","decl":{"start":{"line":15,"column":9},"end":{"line":15,"column":10}},"loc":{"start":{"line":15,"column":15},"end":{"line":17,"column":3}},"line":15},"2":{"name":"(anonymous_2)","decl":{"start":{"line":24,"column":24},"end":{"line":24,"column":25}},"loc":{"start":{"line":24,"column":36},"end":{"line":32,"column":1}},"line":24},"3":{"name":"(anonymous_3)","decl":{"start":{"line":25,"column":20},"end":{"line":25,"column":21}},"loc":{"start":{"line":25,"column":34},"end":{"line":31,"column":3}},"line":25},"4":{"name":"(anonymous_4)","decl":{"start":{"line":38,"column":32},"end":{"line":38,"column":33}},"loc":{"start":{"line":38,"column":38},"end":{"line":51,"column":1}},"line":38},"5":{"name":"(anonymous_5)","decl":{"start":{"line":42,"column":12},"end":{"line":42,"column":13}},"loc":{"start":{"line":42,"column":21},"end":{"line":42,"column":60}},"line":42},"6":{"name":"(anonymous_6)","decl":{"start":{"line":57,"column":32},"end":{"line":57,"column":33}},"loc":{"start":{"line":57,"column":44},"end":{"line":67,"column":1}},"line":57},"7":{"name":"(anonymous_7)","decl":{"start":{"line":74,"column":33},"end":{"line":74,"column":34}},"loc":{"start":{"line":74,"column":54},"end":{"line":78,"column":1}},"line":74}},"branchMap":{"0":{"loc":{"start":{"line":43,"column":4},"end":{"line":46,"column":5}},"type":"if","locations":[{"start":{"line":43,"column":4},"end":{"line":46,"column":5}},{"start":{},"end":{}}],"line":43}},"s":{"0":0,"1":0,"2":0,"3":0,"4":0,"5":0,"6":0,"7":0,"8":0,"9":0,"10":0,"11":0,"12":0,"13":0,"14":0,"15":0,"16":0,"17":0,"18":0,"19":0,"20":0,"21":0,"22":0,"23":0,"24":0,"25":0,"26":0,"27":0,"28":0,"29":0,"30":0},"f":{"0":0,"1":0,"2":0,"3":0,"4":0,"5":0,"6":0,"7":0},"b":{"0":[0,0]}}
,"/usr/src/redmine/plugins/redmine_react_gantt_chart/assets/javascripts/react_gantt_chart/utils/columns.js": {"path":"/usr/src/redmine/plugins/redmine_react_gantt_chart/assets/javascripts/react_gantt_chart/utils/columns.js","statementMap":{"0":{"start":{"line":7,"column":32},"end":{"line":64,"column":1}},"1":{"start":{"line":24,"column":22},"end":{"line":24,"column":30}},"2":{"start":{"line":43,"column":23},"end":{"line":43,"column":65}},"3":{"start":{"line":50,"column":23},"end":{"line":50,"column":65}},"4":{"start":{"line":70,"column":2},"end":{"line":70,"column":61}},"5":{"start":{"line":70,"column":51},"end":{"line":70,"column":61}},"6":{"start":{"line":72,"column":17},"end":{"line":72,"column":51}},"7":{"start":{"line":72,"column":35},"end":{"line":72,"column":50}},"8":{"start":{"line":73,"column":2},"end":{"line":73,"column":25}},"9":{"start":{"line":73,"column":15},"end":{"line":73,"column":25}},"10":{"start":{"line":75,"column":15},"end":{"line":75,"column":17}},"11":{"start":{"line":76,"column":2},"end":{"line":84,"column":5}},"12":{"start":{"line":77,"column":4},"end":{"line":83,"column":6}},"13":{"start":{"line":82,"column":24},"end":{"line":82,"column":32}},"14":{"start":{"line":85,"column":2},"end":{"line":85,"column":14}}},"fnMap":{"0":{"name":"(anonymous_0)","decl":{"start":{"line":24,"column":15},"end":{"line":24,"column":16}},"loc":{"start":{"line":24,"column":22},"end":{"line":24,"column":30}},"line":24},"1":{"name":"(anonymous_1)","decl":{"start":{"line":43,"column":15},"end":{"line":43,"column":16}},"loc":{"start":{"line":43,"column":23},"end":{"line":43,"column":65}},"line":43},"2":{"name":"(anonymous_2)","decl":{"start":{"line":50,"column":15},"end":{"line":50,"column":16}},"loc":{"start":{"line":50,"column":23},"end":{"line":50,"column":65}},"line":50},"3":{"name":"buildCustomFieldDefs","decl":{"start":{"line":69,"column":16},"end":{"line":69,"column":36}},"loc":{"start":{"line":69,"column":44},"end":{"line":86,"column":1}},"line":69},"4":{"name":"(anonymous_4)","decl":{"start":{"line":72,"column":28},"end":{"line":72,"column":29}},"loc":{"start":{"line":72,"column":35},"end":{"line":72,"column":50}},"line":72},"5":{"name":"(anonymous_5)","decl":{"start":{"line":76,"column":47},"end":{"line":76,"column":48}},"loc":{"start":{"line":76,"column":65},"end":{"line":84,"column":3}},"line":76},"6":{"name":"(anonymous_6)","decl":{"start":{"line":82,"column":17},"end":{"line":82,"column":18}},"loc":{"start":{"line":82,"column":24},"end":{"line":82,"column":32}},"line":82}},"branchMap":{"0":{"loc":{"start":{"line":24,"column":22},"end":{"line":24,"column":30}},"type":"binary-expr","locations":[{"start":{"line":24,"column":22},"end":{"line":24,"column":23}},{"start":{"line":24,"column":27},"end":{"line":24,"column":30}}],"line":24},"1":{"loc":{"start":{"line":43,"column":23},"end":{"line":43,"column":65}},"type":"cond-expr","locations":[{"start":{"line":43,"column":27},"end":{"line":43,"column":59}},{"start":{"line":43,"column":62},"end":{"line":43,"column":65}}],"line":43},"2":{"loc":{"start":{"line":50,"column":23},"end":{"line":50,"column":65}},"type":"cond-expr","locations":[{"start":{"line":50,"column":27},"end":{"line":50,"column":59}},{"start":{"line":50,"column":62},"end":{"line":50,"column":65}}],"line":50},"3":{"loc":{"start":{"line":70,"column":2},"end":{"line":70,"column":61}},"type":"if","locations":[{"start":{"line":70,"column":2},"end":{"line":70,"column":61}},{"start":{},"end":{}}],"line":70},"4":{"loc":{"start":{"line":70,"column":6},"end":{"line":70,"column":49}},"type":"binary-expr","locations":[{"start":{"line":70,"column":6},"end":{"line":70,"column":27}},{"start":{"line":70,"column":31},"end":{"line":70,"column":49}}],"line":70},"5":{"loc":{"start":{"line":73,"column":2},"end":{"line":73,"column":25}},"type":"if","locations":[{"start":{"line":73,"column":2},"end":{"line":73,"column":25}},{"start":{},"end":{}}],"line":73},"6":{"loc":{"start":{"line":82,"column":24},"end":{"line":82,"column":32}},"type":"binary-expr","locations":[{"start":{"line":82,"column":24},"end":{"line":82,"column":25}},{"start":{"line":82,"column":29},"end":{"line":82,"column":32}}],"line":82}},"s":{"0":0,"1":0,"2":0,"3":0,"4":0,"5":0,"6":0,"7":0,"8":0,"9":0,"10":0,"11":0,"12":0,"13":0,"14":0},"f":{"0":0,"1":0,"2":0,"3":0,"4":0,"5":0,"6":0},"b":{"0":[0,0],"1":[0,0],"2":[0,0],"3":[0,0],"4":[0,0],"5":[0,0],"6":[0,0]}}
,"/usr/src/redmine/plugins/redmine_react_gantt_chart/assets/javascripts/react_gantt_chart/utils/resizerStorage.js": {"path":"/usr/src/redmine/plugins/redmine_react_gantt_chart/assets/javascripts/react_gantt_chart/utils/resizerStorage.js","statementMap":{"0":{"start":{"line":5,"column":19},"end":{"line":5,"column":58}},"1":{"start":{"line":11,"column":36},"end":{"line":24,"column":1}},"2":{"start":{"line":12,"column":2},"end":{"line":22,"column":3}},"3":{"start":{"line":13,"column":19},"end":{"line":15,"column":61}},"4":{"start":{"line":15,"column":21},"end":{"line":15,"column":60}},"5":{"start":{"line":16,"column":4},"end":{"line":19,"column":5}},"6":{"start":{"line":17,"column":20},"end":{"line":17,"column":40}},"7":{"start":{"line":18,"column":6},"end":{"line":18,"column":51}},"8":{"start":{"line":21,"column":4},"end":{"line":21,"column":58}},"9":{"start":{"line":23,"column":2},"end":{"line":23,"column":12}},"10":{"start":{"line":30,"column":36},"end":{"line":38,"column":1}},"11":{"start":{"line":31,"column":2},"end":{"line":37,"column":3}},"12":{"start":{"line":32,"column":18},"end":{"line":32,"column":63}},"13":{"start":{"line":33,"column":4},"end":{"line":33,"column":70}},"14":{"start":{"line":34,"column":4},"end":{"line":34,"column":55}},"15":{"start":{"line":36,"column":4},"end":{"line":36,"column":58}},"16":{"start":{"line":44,"column":37},"end":{"line":59,"column":1}},"17":{"start":{"line":45,"column":2},"end":{"line":58,"column":3}},"18":{"start":{"line":47,"column":4},"end":{"line":47,"column":84}},"19":{"start":{"line":50,"column":4},"end":{"line":52,"column":5}},"20":{"start":{"line":51,"column":6},"end":{"line":51,"column":31}},"21":{"start":{"line":54,"column":4},"end":{"line":54,"column":16}},"22":{"start":{"line":56,"column":4},"end":{"line":56,"column":59}},"23":{"start":{"line":57,"column":4},"end":{"line":57,"column":17}},"24":{"start":{"line":65,"column":36},"end":{"line":190,"column":1}},"25":{"start":{"line":67,"column":20},"end":{"line":67,"column":42}},"26":{"start":{"line":69,"column":26},"end":{"line":150,"column":3}},"27":{"start":{"line":71,"column":4},"end":{"line":73,"column":5}},"28":{"start":{"line":72,"column":6},"end":{"line":72,"column":28}},"29":{"start":{"line":75,"column":4},"end":{"line":121,"column":7}},"30":{"start":{"line":76,"column":6},"end":{"line":120,"column":9}},"31":{"start":{"line":77,"column":8},"end":{"line":119,"column":9}},"32":{"start":{"line":81,"column":26},"end":{"line":81,"column":41}},"33":{"start":{"line":84,"column":10},"end":{"line":104,"column":11}},"34":{"start":{"line":85,"column":26},"end":{"line":85,"column":58}},"35":{"start":{"line":86,"column":25},"end":{"line":86,"column":35}},"36":{"start":{"line":88,"column":33},"end":{"line":90,"column":13}},"37":{"start":{"line":89,"column":14},"end":{"line":89,"column":35}},"38":{"start":{"line":91,"column":12},"end":{"line":103,"column":13}},"39":{"start":{"line":92,"column":14},"end":{"line":92,"column":58}},"40":{"start":{"line":95,"column":35},"end":{"line":97,"column":15}},"41":{"start":{"line":98,"column":14},"end":{"line":101,"column":15}},"42":{"start":{"line":99,"column":37},"end":{"line":99,"column":74}},"43":{"start":{"line":100,"column":16},"end":{"line":100,"column":74}},"44":{"start":{"line":102,"column":14},"end":{"line":102,"column":46}},"45":{"start":{"line":107,"column":10},"end":{"line":118,"column":11}},"46":{"start":{"line":108,"column":26},"end":{"line":108,"column":58}},"47":{"start":{"line":109,"column":26},"end":{"line":109,"column":37}},"48":{"start":{"line":111,"column":33},"end":{"line":113,"column":13}},"49":{"start":{"line":112,"column":14},"end":{"line":112,"column":35}},"50":{"start":{"line":114,"column":12},"end":{"line":117,"column":13}},"51":{"start":{"line":115,"column":14},"end":{"line":115,"column":59}},"52":{"start":{"line":116,"column":14},"end":{"line":116,"column":46}},"53":{"start":{"line":124,"column":27},"end":{"line":142,"column":5}},"54":{"start":{"line":126,"column":23},"end":{"line":126,"column":65}},"55":{"start":{"line":127,"column":6},"end":{"line":132,"column":9}},"56":{"start":{"line":128,"column":8},"end":{"line":131,"column":11}},"57":{"start":{"line":135,"column":23},"end":{"line":135,"column":69}},"58":{"start":{"line":136,"column":6},"end":{"line":141,"column":9}},"59":{"start":{"line":137,"column":8},"end":{"line":140,"column":11}},"60":{"start":{"line":145,"column":4},"end":{"line":149,"column":5}},"61":{"start":{"line":146,"column":6},"end":{"line":146,"column":68}},"62":{"start":{"line":148,"column":6},"end":{"line":148,"column":23}},"63":{"start":{"line":153,"column":2},"end":{"line":153,"column":20}},"64":{"start":{"line":155,"column":2},"end":{"line":189,"column":4}},"65":{"start":{"line":159,"column":23},"end":{"line":159,"column":65}},"66":{"start":{"line":160,"column":6},"end":{"line":167,"column":9}},"67":{"start":{"line":161,"column":29},"end":{"line":163,"column":9}},"68":{"start":{"line":162,"column":10},"end":{"line":162,"column":31}},"69":{"start":{"line":164,"column":8},"end":{"line":166,"column":9}},"70":{"start":{"line":165,"column":10},"end":{"line":165,"column":68}},"71":{"start":{"line":170,"column":23},"end":{"line":170,"column":69}},"72":{"start":{"line":171,"column":6},"end":{"line":180,"column":9}},"73":{"start":{"line":172,"column":29},"end":{"line":174,"column":9}},"74":{"start":{"line":173,"column":10},"end":{"line":173,"column":31}},"75":{"start":{"line":175,"column":8},"end":{"line":179,"column":9}},"76":{"start":{"line":178,"column":10},"end":{"line":178,"column":73}},"77":{"start":{"line":185,"column":6},"end":{"line":187,"column":7}},"78":{"start":{"line":186,"column":8},"end":{"line":186,"column":30}}},"fnMap":{"0":{"name":"(anonymous_0)","decl":{"start":{"line":11,"column":36},"end":{"line":11,"column":37}},"loc":{"start":{"line":11,"column":42},"end":{"line":24,"column":1}},"line":11},"1":{"name":"(anonymous_1)","decl":{"start":{"line":15,"column":12},"end":{"line":15,"column":13}},"loc":{"start":{"line":15,"column":21},"end":{"line":15,"column":60}},"line":15},"2":{"name":"(anonymous_2)","decl":{"start":{"line":30,"column":36},"end":{"line":30,"column":37}},"loc":{"start":{"line":30,"column":51},"end":{"line":38,"column":1}},"line":30},"3":{"name":"(anonymous_3)","decl":{"start":{"line":44,"column":37},"end":{"line":44,"column":38}},"loc":{"start":{"line":44,"column":43},"end":{"line":59,"column":1}},"line":44},"4":{"name":"(anonymous_4)","decl":{"start":{"line":65,"column":36},"end":{"line":65,"column":37}},"loc":{"start":{"line":65,"column":42},"end":{"line":190,"column":1}},"line":65},"5":{"name":"(anonymous_5)","decl":{"start":{"line":69,"column":26},"end":{"line":69,"column":27}},"loc":{"start":{"line":69,"column":32},"end":{"line":150,"column":3}},"line":69},"6":{"name":"(anonymous_6)","decl":{"start":{"line":75,"column":36},"end":{"line":75,"column":37}},"loc":{"start":{"line":75,"column":51},"end":{"line":121,"column":5}},"line":75},"7":{"name":"(anonymous_7)","decl":{"start":{"line":76,"column":24},"end":{"line":76,"column":25}},"loc":{"start":{"line":76,"column":38},"end":{"line":120,"column":7}},"line":76},"8":{"name":"(anonymous_8)","decl":{"start":{"line":88,"column":68},"end":{"line":88,"column":69}},"loc":{"start":{"line":89,"column":14},"end":{"line":89,"column":35}},"line":89},"9":{"name":"(anonymous_9)","decl":{"start":{"line":111,"column":68},"end":{"line":111,"column":69}},"loc":{"start":{"line":112,"column":14},"end":{"line":112,"column":35}},"line":112},"10":{"name":"(anonymous_10)","decl":{"start":{"line":124,"column":27},"end":{"line":124,"column":28}},"loc":{"start":{"line":124,"column":33},"end":{"line":142,"column":5}},"line":124},"11":{"name":"(anonymous_11)","decl":{"start":{"line":127,"column":23},"end":{"line":127,"column":24}},"loc":{"start":{"line":127,"column":36},"end":{"line":132,"column":7}},"line":127},"12":{"name":"(anonymous_12)","decl":{"start":{"line":136,"column":23},"end":{"line":136,"column":24}},"loc":{"start":{"line":136,"column":36},"end":{"line":141,"column":7}},"line":136},"13":{"name":"(anonymous_13)","decl":{"start":{"line":157,"column":13},"end":{"line":157,"column":14}},"loc":{"start":{"line":157,"column":19},"end":{"line":181,"column":5}},"line":157},"14":{"name":"(anonymous_14)","decl":{"start":{"line":160,"column":23},"end":{"line":160,"column":24}},"loc":{"start":{"line":160,"column":36},"end":{"line":167,"column":7}},"line":160},"15":{"name":"(anonymous_15)","decl":{"start":{"line":161,"column":64},"end":{"line":161,"column":65}},"loc":{"start":{"line":162,"column":10},"end":{"line":162,"column":31}},"line":162},"16":{"name":"(anonymous_16)","decl":{"start":{"line":171,"column":23},"end":{"line":171,"column":24}},"loc":{"start":{"line":171,"column":36},"end":{"line":180,"column":7}},"line":171},"17":{"name":"(anonymous_17)","decl":{"start":{"line":172,"column":64},"end":{"line":172,"column":65}},"loc":{"start":{"line":173,"column":10},"end":{"line":173,"column":31}},"line":173},"18":{"name":"(anonymous_18)","decl":{"start":{"line":184,"column":16},"end":{"line":184,"column":17}},"loc":{"start":{"line":184,"column":22},"end":{"line":188,"column":5}},"line":184}},"branchMap":{"0":{"loc":{"start":{"line":16,"column":4},"end":{"line":19,"column":5}},"type":"if","locations":[{"start":{"line":16,"column":4},"end":{"line":19,"column":5}},{"start":{},"end":{}}],"line":16},"1":{"loc":{"start":{"line":50,"column":4},"end":{"line":52,"column":5}},"type":"if","locations":[{"start":{"line":50,"column":4},"end":{"line":52,"column":5}},{"start":{},"end":{}}],"line":50},"2":{"loc":{"start":{"line":71,"column":4},"end":{"line":73,"column":5}},"type":"if","locations":[{"start":{"line":71,"column":4},"end":{"line":73,"column":5}},{"start":{},"end":{}}],"line":71},"3":{"loc":{"start":{"line":77,"column":8},"end":{"line":119,"column":9}},"type":"if","locations":[{"start":{"line":77,"column":8},"end":{"line":119,"column":9}},{"start":{},"end":{}}],"line":77},"4":{"loc":{"start":{"line":78,"column":10},"end":{"line":79,"column":44}},"type":"binary-expr","locations":[{"start":{"line":78,"column":10},"end":{"line":78,"column":40}},{"start":{"line":79,"column":10},"end":{"line":79,"column":44}}],"line":78},"5":{"loc":{"start":{"line":84,"column":10},"end":{"line":104,"column":11}},"type":"if","locations":[{"start":{"line":84,"column":10},"end":{"line":104,"column":11}},{"start":{},"end":{}}],"line":84},"6":{"loc":{"start":{"line":91,"column":12},"end":{"line":103,"column":13}},"type":"if","locations":[{"start":{"line":91,"column":12},"end":{"line":103,"column":13}},{"start":{},"end":{}}],"line":91},"7":{"loc":{"start":{"line":98,"column":14},"end":{"line":101,"column":15}},"type":"if","locations":[{"start":{"line":98,"column":14},"end":{"line":101,"column":15}},{"start":{},"end":{}}],"line":98},"8":{"loc":{"start":{"line":107,"column":10},"end":{"line":118,"column":11}},"type":"if","locations":[{"start":{"line":107,"column":10},"end":{"line":118,"column":11}},{"start":{},"end":{}}],"line":107},"9":{"loc":{"start":{"line":114,"column":12},"end":{"line":117,"column":13}},"type":"if","locations":[{"start":{"line":114,"column":12},"end":{"line":117,"column":13}},{"start":{},"end":{}}],"line":114},"10":{"loc":{"start":{"line":145,"column":4},"end":{"line":149,"column":5}},"type":"if","locations":[{"start":{"line":145,"column":4},"end":{"line":149,"column":5}},{"start":{"line":147,"column":11},"end":{"line":149,"column":5}}],"line":145},"11":{"loc":{"start":{"line":164,"column":8},"end":{"line":166,"column":9}},"type":"if","locations":[{"start":{"line":164,"column":8},"end":{"line":166,"column":9}},{"start":{},"end":{}}],"line":164},"12":{"loc":{"start":{"line":164,"column":12},"end":{"line":164,"column":64}},"type":"binary-expr","locations":[{"start":{"line":164,"column":12},"end":{"line":164,"column":24}},{"start":{"line":164,"column":28},"end":{"line":164,"column":64}}],"line":164},"13":{"loc":{"start":{"line":175,"column":8},"end":{"line":179,"column":9}},"type":"if","locations":[{"start":{"line":175,"column":8},"end":{"line":179,"column":9}},{"start":{},"end":{}}],"line":175},"14":{"loc":{"start":{"line":175,"column":12},"end":{"line":175,"column":64}},"type":"binary-expr","locations":[{"start":{"line":175,"column":12},"end":{"line":175,"column":24}},{"start":{"line":175,"column":28},"end":{"line":175,"column":64}}],"line":175},"15":{"loc":{"start":{"line":185,"column":6},"end":{"line":187,"column":7}},"type":"if","locations":[{"start":{"line":185,"column":6},"end":{"line":187,"column":7}},{"start":{},"end":{}}],"line":185}},"s":{"0":0,"1":0,"2":0,"3":0,"4":0,"5":0,"6":0,"7":0,"8":0,"9":0,"10":0,"11":0,"12":0,"13":0,"14":0,"15":0,"16":0,"17":0,"18":0,"19":0,"20":0,"21":0,"22":0,"23":0,"24":0,"25":0,"26":0,"27":0,"28":0,"29":0,"30":0,"31":0,"32":0,"33":0,"34":0,"35":0,"36":0,"37":0,"38":0,"39":0,"40":0,"41":0,"42":0,"43":0,"44":0,"45":0,"46":0,"47":0,"48":0,"49":0,"50":0,"51":0,"52":0,"53":0,"54":0,"55":0,"56":0,"57":0,"58":0,"59":0,"60":0,"61":0,"62":0,"63":0,"64":0,"65":0,"66":0,"67":0,"68":0,"69":0,"70":0,"71":0,"72":0,"73":0,"74":0,"75":0,"76":0,"77":0,"78":0},"f":{"0":0,"1":0,"2":0,"3":0,"4":0,"5":0,"6":0,"7":0,"8":0,"9":0,"10":0,"11":0,"12":0,"13":0,"14":0,"15":0,"16":0,"17":0,"18":0},"b":{"0":[0,0],"1":[0,0],"2":[0,0],"3":[0,0],"4":[0,0],"5":[0,0],"6":[0,0],"7":[0,0],"8":[0,0],"9":[0,0],"10":[0,0],"11":[0,0],"12":[0,0],"13":[0,0],"14":[0,0],"15":[0,0]}}
}
