TN:
SF:assets/javascripts/react_gantt_chart/App.jsx
FN:22,(anonymous_0)
FN:26,(anonymous_1)
FN:28,(anonymous_2)
FN:35,(anonymous_3)
FN:42,(anonymous_4)
FN:92,(anonymous_5)
FN:105,(anonymous_6)
FN:112,(anonymous_7)
FN:119,(anonymous_8)
FN:123,(anonymous_9)
FN:150,(anonymous_10)
FN:153,(anonymous_11)
FN:162,(anonymous_12)
FN:169,(anonymous_13)
FN:170,(anonymous_14)
FN:178,(anonymous_15)
FN:181,(anonymous_16)
FN:191,(anonymous_17)
FN:198,(anonymous_18)
FN:244,buildQueryString
FN:250,(anonymous_20)
FN:256,(anonymous_21)
FN:262,(anonymous_22)
FN:264,(anonymous_23)
FNF:24
FNH:0
FNDA:0,(anonymous_0)
FNDA:0,(anonymous_1)
FNDA:0,(anonymous_2)
FNDA:0,(anonymous_3)
FNDA:0,(anonymous_4)
FNDA:0,(anonymous_5)
FNDA:0,(anonymous_6)
FNDA:0,(anonymous_7)
FNDA:0,(anonymous_8)
FNDA:0,(anonymous_9)
FNDA:0,(anonymous_10)
FNDA:0,(anonymous_11)
FNDA:0,(anonymous_12)
FNDA:0,(anonymous_13)
FNDA:0,(anonymous_14)
FNDA:0,(anonymous_15)
FNDA:0,(anonymous_16)
FNDA:0,(anonymous_17)
FNDA:0,(anonymous_18)
FNDA:0,buildQueryString
FNDA:0,(anonymous_20)
FNDA:0,(anonymous_21)
FNDA:0,(anonymous_22)
FNDA:0,(anonymous_23)
DA:8,0
DA:22,0
DA:23,0
DA:24,0
DA:25,0
DA:26,0
DA:27,0
DA:28,0
DA:30,0
DA:31,0
DA:32,0
DA:35,0
DA:42,0
DA:43,0
DA:44,0
DA:45,0
DA:49,0
DA:50,0
DA:51,0
DA:55,0
DA:56,0
DA:57,0
DA:59,0
DA:61,0
DA:62,0
DA:70,0
DA:72,0
DA:73,0
DA:86,0
DA:87,0
DA:88,0
DA:89,0
DA:92,0
DA:93,0
DA:105,0
DA:106,0
DA:107,0
DA:108,0
DA:109,0
DA:111,0
DA:113,0
DA:114,0
DA:115,0
DA:117,0
DA:120,0
DA:123,0
DA:125,0
DA:129,0
DA:132,0
DA:133,0
DA:139,0
DA:142,0
DA:143,0
DA:146,0
DA:149,0
DA:150,0
DA:151,0
DA:152,0
DA:153,0
DA:161,0
DA:162,0
DA:164,0
DA:166,0
DA:169,0
DA:170,0
DA:172,0
DA:177,0
DA:178,0
DA:179,0
DA:180,0
DA:181,0
DA:187,0
DA:192,0
DA:193,0
DA:198,0
DA:200,0
DA:201,0
DA:206,0
DA:208,0
DA:209,0
DA:212,0
DA:245,0
DA:246,0
DA:249,0
DA:250,0
DA:251,0
DA:256,0
DA:257,0
DA:258,0
DA:262,0
DA:263,0
DA:264,0
DA:265,0
DA:269,0
LF:94
LH:0
BRDA:31,0,0,0
BRDA:31,0,1,0
BRDA:31,1,0,0
BRDA:31,1,1,0
BRDA:43,2,0,0
BRDA:43,2,1,0
BRDA:50,3,0,0
BRDA:50,3,1,0
BRDA:57,4,0,0
BRDA:57,4,1,0
BRDA:59,5,0,0
BRDA:59,5,1,0
BRDA:64,6,0,0
BRDA:64,6,1,0
BRDA:70,7,0,0
BRDA:70,7,1,0
BRDA:75,8,0,0
BRDA:75,8,1,0
BRDA:77,9,0,0
BRDA:77,9,1,0
BRDA:114,10,0,0
BRDA:114,10,1,0
BRDA:123,11,0,0
BRDA:123,11,1,0
BRDA:129,12,0,0
BRDA:129,12,1,0
BRDA:132,13,0,0
BRDA:132,13,1,0
BRDA:143,14,0,0
BRDA:143,14,1,0
BRDA:149,15,0,0
BRDA:149,15,1,0
BRDA:149,16,0,0
BRDA:149,16,1,0
BRDA:151,17,0,0
BRDA:151,17,1,0
BRDA:177,18,0,0
BRDA:177,18,1,0
BRDA:177,19,0,0
BRDA:177,19,1,0
BRDA:179,20,0,0
BRDA:179,20,1,0
BRDA:200,21,0,0
BRDA:200,21,1,0
BRDA:208,22,0,0
BRDA:208,22,1,0
BRDA:223,23,0,0
BRDA:223,23,1,0
BRDA:249,24,0,0
BRDA:249,24,1,0
BRDA:249,25,0,0
BRDA:249,25,1,0
BRDA:256,26,0,0
BRDA:256,26,1,0
BRDA:262,27,0,0
BRDA:262,27,1,0
BRF:56
BRH:0
end_of_record
TN:
SF:assets/javascripts/react_gantt_chart/FilterPanel.jsx
FN:5,FilterPanel
FN:27,(anonymous_1)
FN:32,(anonymous_2)
FN:36,(anonymous_3)
FN:42,(anonymous_4)
FN:45,(anonymous_5)
FN:51,(anonymous_6)
FN:57,(anonymous_7)
FN:80,(anonymous_8)
FN:111,(anonymous_9)
FN:119,(anonymous_10)
FN:127,(anonymous_11)
FN:129,(anonymous_12)
FN:140,(anonymous_13)
FN:148,(anonymous_14)
FN:157,(anonymous_15)
FN:166,(anonymous_16)
FN:170,(anonymous_17)
FN:211,(anonymous_18)
FN:221,(anonymous_19)
FN:224,(anonymous_20)
FN:225,(anonymous_21)
FN:226,(anonymous_22)
FNF:23
FNH:0
FNDA:0,FilterPanel
FNDA:0,(anonymous_1)
FNDA:0,(anonymous_2)
FNDA:0,(anonymous_3)
FNDA:0,(anonymous_4)
FNDA:0,(anonymous_5)
FNDA:0,(anonymous_6)
FNDA:0,(anonymous_7)
FNDA:0,(anonymous_8)
FNDA:0,(anonymous_9)
FNDA:0,(anonymous_10)
FNDA:0,(anonymous_11)
FNDA:0,(anonymous_12)
FNDA:0,(anonymous_13)
FNDA:0,(anonymous_14)
FNDA:0,(anonymous_15)
FNDA:0,(anonymous_16)
FNDA:0,(anonymous_17)
FNDA:0,(anonymous_18)
FNDA:0,(anonymous_19)
FNDA:0,(anonymous_20)
FNDA:0,(anonymous_21)
FNDA:0,(anonymous_22)
DA:11,0
DA:12,0
DA:13,0
DA:14,0
DA:15,0
DA:16,0
DA:18,0
DA:19,0
DA:20,0
DA:21,0
DA:22,0
DA:27,0
DA:28,0
DA:29,0
DA:31,0
DA:33,0
DA:34,0
DA:37,0
DA:38,0
DA:39,0
DA:40,0
DA:43,0
DA:46,0
DA:51,0
DA:52,0
DA:53,0
DA:57,0
DA:58,0
DA:59,0
DA:60,0
DA:61,0
DA:63,0
DA:64,0
DA:65,0
DA:66,0
DA:68,0
DA:69,0
DA:70,0
DA:73,0
DA:75,0
DA:80,0
DA:81,0
DA:82,0
DA:83,0
DA:85,0
DA:86,0
DA:88,0
DA:89,0
DA:91,0
DA:92,0
DA:95,0
DA:96,0
DA:97,0
DA:98,0
DA:99,0
DA:102,0
DA:103,0
DA:105,0
DA:106,0
DA:111,0
DA:112,0
DA:113,0
DA:114,0
DA:119,0
DA:120,0
DA:121,0
DA:122,0
DA:127,0
DA:129,0
DA:130,0
DA:136,0
DA:140,0
DA:141,0
DA:142,0
DA:143,0
DA:144,0
DA:148,0
DA:149,0
DA:150,0
DA:151,0
DA:152,0
DA:157,0
DA:158,0
DA:159,0
DA:162,0
DA:166,0
DA:170,0
DA:212,0
DA:222,0
DA:224,0
DA:225,0
DA:226,0
LF:92
LH:0
BRDA:33,0,0,0
BRDA:33,0,1,0
BRDA:63,1,0,0
BRDA:63,1,1,0
BRDA:73,2,0,0
BRDA:73,2,1,0
BRDA:88,3,0,0
BRDA:88,3,1,0
BRDA:88,4,0,0
BRDA:88,4,1,0
BRDA:91,5,0,0
BRDA:91,5,1,0
BRDA:91,6,0,0
BRDA:91,6,1,0
BRDA:95,7,0,0
BRDA:95,7,1,0
BRDA:95,8,0,0
BRDA:95,8,1,0
BRDA:97,9,0,0
BRDA:97,9,1,0
BRDA:105,10,0,0
BRDA:105,10,1,0
BRDA:113,11,0,0
BRDA:113,11,1,0
BRDA:121,12,0,0
BRDA:121,12,1,0
BRDA:129,13,0,0
BRDA:129,13,1,0
BRDA:151,14,0,0
BRDA:151,14,1,0
BRDA:167,15,0,0
BRDA:167,15,1,0
BRDA:171,16,0,0
BRDA:171,16,1,0
BRDA:176,17,0,0
BRDA:176,17,1,0
BRDA:187,18,0,0
BRDA:187,18,1,0
BRDA:190,19,0,0
BRDA:190,19,1,0
BRDA:196,20,0,0
BRDA:196,20,1,0
BRDA:206,21,0,0
BRDA:206,21,1,0
BRDA:208,22,0,0
BRDA:208,22,1,0
BRDA:217,23,0,0
BRDA:217,23,1,0
BRDA:230,24,0,0
BRDA:230,24,1,0
BRDA:230,24,2,0
BRDA:238,25,0,0
BRDA:238,25,1,0
BRF:53
BRH:0
end_of_record
TN:
SF:assets/javascripts/react_gantt_chart/FilterRow.jsx
FN:3,FilterRow
FN:17,(anonymous_1)
FN:26,(anonymous_2)
FN:37,(anonymous_3)
FN:41,(anonymous_4)
FN:45,(anonymous_5)
FN:49,(anonymous_6)
FN:50,(anonymous_7)
FN:54,(anonymous_8)
FN:70,(anonymous_9)
FN:108,(anonymous_10)
FNF:11
FNH:0
FNDA:0,FilterRow
FNDA:0,(anonymous_1)
FNDA:0,(anonymous_2)
FNDA:0,(anonymous_3)
FNDA:0,(anonymous_4)
FNDA:0,(anonymous_5)
FNDA:0,(anonymous_6)
FNDA:0,(anonymous_7)
FNDA:0,(anonymous_8)
FNDA:0,(anonymous_9)
FNDA:0,(anonymous_10)
DA:16,0
DA:18,0
DA:24,0
DA:25,0
DA:26,0
DA:27,0
DA:33,0
DA:37,0
DA:38,0
DA:41,0
DA:42,0
DA:45,0
DA:46,0
DA:49,0
DA:50,0
DA:51,0
DA:54,0
DA:55,0
DA:56,0
DA:58,0
DA:62,0
DA:71,0
DA:79,0
DA:90,0
DA:101,0
DA:109,0
DA:119,0
DA:130,0
LF:28
LH:0
BRDA:24,0,0,0
BRDA:24,0,1,0
BRDA:25,1,0,0
BRDA:25,1,1,0
BRDA:25,2,0,0
BRDA:25,2,1,0
BRDA:28,3,0,0
BRDA:28,3,1,0
BRDA:33,4,0,0
BRDA:33,4,1,0
BRDA:33,5,0,0
BRDA:33,5,1,0
BRDA:55,6,0,0
BRDA:55,6,1,0
BRDA:55,7,0,0
BRDA:55,7,1,0
BRDA:56,8,0,0
BRDA:56,8,1,0
BRDA:58,9,0,0
BRDA:58,9,1,0
BRDA:58,9,2,0
BRDA:58,9,3,0
BRDA:58,9,4,0
BRDA:58,9,5,0
BRDA:58,9,6,0
BRDA:58,9,7,0
BRDA:58,9,8,0
BRDA:58,9,9,0
BRDA:64,10,0,0
BRDA:64,10,1,0
BRDA:65,11,0,0
BRDA:65,11,1,0
BRDA:68,12,0,0
BRDA:68,12,1,0
BRDA:82,13,0,0
BRDA:82,13,1,0
BRDA:93,14,0,0
BRDA:93,14,1,0
BRDA:96,15,0,0
BRDA:96,15,1,0
BRDA:103,16,0,0
BRDA:103,16,1,0
BRDA:122,17,0,0
BRDA:122,17,1,0
BRDA:133,18,0,0
BRDA:133,18,1,0
BRDA:141,19,0,0
BRDA:141,19,1,0
BRDA:143,20,0,0
BRDA:143,20,1,0
BRDA:151,21,0,0
BRDA:151,21,1,0
BRDA:151,21,2,0
BRF:53
BRH:0
end_of_record
TN:
SF:assets/javascripts/react_gantt_chart/components/ColumnSettings.jsx
FN:8,ColumnSettings
FN:18,(anonymous_1)
FN:30,(anonymous_2)
FN:31,(anonymous_3)
FN:42,(anonymous_4)
FN:47,(anonymous_5)
FN:50,(anonymous_6)
FN:51,(anonymous_7)
FN:66,(anonymous_8)
FN:66,(anonymous_9)
FN:73,(anonymous_10)
FN:79,(anonymous_11)
FN:85,(anonymous_12)
FN:91,(anonymous_13)
FN:94,(anonymous_14)
FN:105,(anonymous_15)
FN:107,(anonymous_16)
FN:112,(anonymous_17)
FN:129,(anonymous_18)
FN:132,(anonymous_19)
FN:133,(anonymous_20)
FN:135,(anonymous_21)
FN:137,(anonymous_22)
FN:147,(anonymous_23)
FN:148,(anonymous_24)
FN:160,(anonymous_25)
FN:169,(anonymous_26)
FN:174,(anonymous_27)
FN:185,(anonymous_28)
FNF:29
FNH:0
FNDA:0,ColumnSettings
FNDA:0,(anonymous_1)
FNDA:0,(anonymous_2)
FNDA:0,(anonymous_3)
FNDA:0,(anonymous_4)
FNDA:0,(anonymous_5)
FNDA:0,(anonymous_6)
FNDA:0,(anonymous_7)
FNDA:0,(anonymous_8)
FNDA:0,(anonymous_9)
FNDA:0,(anonymous_10)
FNDA:0,(anonymous_11)
FNDA:0,(anonymous_12)
FNDA:0,(anonymous_13)
FNDA:0,(anonymous_14)
FNDA:0,(anonymous_15)
FNDA:0,(anonymous_16)
FNDA:0,(anonymous_17)
FNDA:0,(anonymous_18)
FNDA:0,(anonymous_19)
FNDA:0,(anonymous_20)
FNDA:0,(anonymous_21)
FNDA:0,(anonymous_22)
FNDA:0,(anonymous_23)
FNDA:0,(anonymous_24)
FNDA:0,(anonymous_25)
FNDA:0,(anonymous_26)
FNDA:0,(anonymous_27)
FNDA:0,(anonymous_28)
DA:13,0
DA:14,0
DA:15,0
DA:18,0
DA:19,0
DA:20,0
DA:24,0
DA:26,0
DA:30,0
DA:31,0
DA:32,0
DA:34,0
DA:35,0
DA:40,0
DA:42,0
DA:47,0
DA:49,0
DA:51,0
DA:52,0
DA:53,0
DA:65,0
DA:66,0
DA:69,0
DA:73,0
DA:74,0
DA:75,0
DA:79,0
DA:80,0
DA:81,0
DA:85,0
DA:86,0
DA:87,0
DA:89,0
DA:90,0
DA:91,0
DA:93,0
DA:94,0
DA:97,0
DA:98,0
DA:100,0
DA:101,0
DA:105,0
DA:106,0
DA:107,0
DA:111,0
DA:112,0
DA:114,0
DA:117,0
DA:120,0
DA:130,0
DA:132,0
DA:133,0
DA:135,0
DA:137,0
DA:147,0
DA:148,0
DA:160,0
DA:170,0
DA:174,0
DA:175,0
DA:177,0
DA:185,0
LF:62
LH:0
BRDA:20,0,0,0
BRDA:20,0,1,0
BRDA:20,1,0,0
BRDA:20,1,1,0
BRDA:34,2,0,0
BRDA:34,2,1,0
BRDA:34,3,0,0
BRDA:34,3,1,0
BRDA:52,4,0,0
BRDA:52,4,1,0
BRDA:56,5,0,0
BRDA:56,5,1,0
BRDA:56,5,2,0
BRDA:56,5,3,0
BRDA:87,6,0,0
BRDA:87,6,1,0
BRDA:87,7,0,0
BRDA:87,7,1,0
BRDA:111,8,0,0
BRDA:111,8,1,0
BRDA:137,9,0,0
BRDA:137,9,1,0
BRDA:153,10,0,0
BRDA:153,10,1,0
BRDA:160,11,0,0
BRDA:160,11,1,0
BRDA:168,12,0,0
BRDA:168,12,1,0
BRDA:172,13,0,0
BRDA:172,13,1,0
BRDA:175,14,0,0
BRDA:175,14,1,0
BRDA:185,15,0,0
BRDA:185,15,1,0
BRF:34
BRH:0
end_of_record
TN:
SF:assets/javascripts/react_gantt_chart/components/CustomBar.jsx
FN:8,CustomBar
FNF:1
FNH:0
FNDA:0,CustomBar
DA:9,0
DA:10,0
DA:11,0
DA:13,0
LF:4
LH:0
BRDA:10,0,0,0
BRDA:10,0,1,0
BRDA:11,1,0,0
BRDA:11,1,1,0
BRDA:17,2,0,0
BRDA:17,2,1,0
BRDA:21,3,0,0
BRDA:21,3,1,0
BRDA:22,4,0,0
BRDA:22,4,1,0
BRDA:24,5,0,0
BRDA:24,5,1,0
BRDA:25,6,0,0
BRDA:25,6,1,0
BRDA:29,7,0,0
BRDA:29,7,1,0
BRF:16
BRH:0
end_of_record
TN:
SF:assets/javascripts/react_gantt_chart/components/DHMLXGanttWrapper.jsx
FN:5,(anonymous_0)
FN:9,(anonymous_1)
FN:22,(anonymous_2)
FN:28,(anonymous_3)
FN:35,(anonymous_4)
FN:47,(anonymous_5)
FN:56,(anonymous_6)
FN:63,(anonymous_7)
FN:79,(anonymous_8)
FNF:9
FNH:7
FNDA:9,(anonymous_0)
FNDA:8,(anonymous_1)
FNDA:24,(anonymous_2)
FNDA:0,(anonymous_3)
FNDA:0,(anonymous_4)
FNDA:8,(anonymous_5)
FNDA:9,(anonymous_6)
FNDA:16,(anonymous_7)
FNDA:16,(anonymous_8)
DA:5,1
DA:6,9
DA:7,9
DA:9,9
DA:10,8
DA:13,8
DA:14,8
DA:21,8
DA:22,8
DA:23,24
DA:28,8
DA:29,0
DA:30,0
DA:32,0
DA:35,8
DA:36,0
DA:37,0
DA:38,0
DA:40,0
DA:44,8
DA:45,8
DA:47,8
DA:48,8
DA:49,8
DA:50,8
DA:56,9
DA:57,9
DA:59,9
DA:62,9
DA:63,16
DA:75,9
DA:79,9
DA:80,16
DA:81,16
DA:82,16
DA:83,16
DA:84,16
DA:85,16
DA:88,9
LF:39
LH:32
BRDA:10,0,0,0
BRDA:10,0,1,8
BRDA:10,1,0,8
BRDA:10,1,1,8
BRDA:21,2,0,8
BRDA:21,2,1,0
BRDA:29,3,0,0
BRDA:29,3,1,0
BRDA:37,4,0,0
BRDA:37,4,1,0
BRDA:48,5,0,8
BRDA:48,5,1,0
BRDA:57,6,0,0
BRDA:57,6,1,9
BRDA:57,7,0,9
BRDA:57,7,1,9
BRDA:63,8,0,9
BRDA:63,8,1,0
BRDA:65,9,0,16
BRDA:65,9,1,0
BRDA:66,10,0,16
BRDA:66,10,1,0
BRDA:67,11,0,16
BRDA:67,11,1,16
BRDA:68,12,0,16
BRDA:68,12,1,9
BRDA:69,13,0,16
BRDA:69,13,1,1
BRDA:72,14,0,9
BRDA:72,14,1,0
BRDA:80,15,0,0
BRDA:80,15,1,16
BRDA:80,16,0,16
BRDA:80,16,1,16
BRDA:85,17,0,16
BRDA:85,17,1,0
BRF:36
BRH:22
end_of_record
TN:
SF:assets/javascripts/react_gantt_chart/components/GanttChart.jsx
FN:33,CustomBar
FN:64,GanttChart
FN:84,(anonymous_2)
FN:87,(anonymous_3)
FN:96,(anonymous_4)
FN:99,(anonymous_5)
FN:101,(anonymous_6)
FN:102,(anonymous_7)
FN:106,(anonymous_8)
FN:120,(anonymous_9)
FN:122,(anonymous_10)
FN:129,(anonymous_11)
FN:140,(anonymous_12)
FN:144,(anonymous_13)
FN:154,(anonymous_14)
FN:157,(anonymous_15)
FN:164,(anonymous_16)
FN:165,(anonymous_17)
FN:168,(anonymous_18)
FN:176,(anonymous_19)
FN:177,(anonymous_20)
FN:178,(anonymous_21)
FN:186,(anonymous_22)
FN:196,(anonymous_23)
FN:225,(anonymous_24)
FN:234,(anonymous_25)
FN:243,(anonymous_26)
FN:257,(anonymous_27)
FN:304,(anonymous_28)
FN:320,(anonymous_29)
FN:342,(anonymous_30)
FN:345,(anonymous_31)
FN:350,(anonymous_32)
FNF:33
FNH:0
FNDA:0,CustomBar
FNDA:0,GanttChart
FNDA:0,(anonymous_2)
FNDA:0,(anonymous_3)
FNDA:0,(anonymous_4)
FNDA:0,(anonymous_5)
FNDA:0,(anonymous_6)
FNDA:0,(anonymous_7)
FNDA:0,(anonymous_8)
FNDA:0,(anonymous_9)
FNDA:0,(anonymous_10)
FNDA:0,(anonymous_11)
FNDA:0,(anonymous_12)
FNDA:0,(anonymous_13)
FNDA:0,(anonymous_14)
FNDA:0,(anonymous_15)
FNDA:0,(anonymous_16)
FNDA:0,(anonymous_17)
FNDA:0,(anonymous_18)
FNDA:0,(anonymous_19)
FNDA:0,(anonymous_20)
FNDA:0,(anonymous_21)
FNDA:0,(anonymous_22)
FNDA:0,(anonymous_23)
FNDA:0,(anonymous_24)
FNDA:0,(anonymous_25)
FNDA:0,(anonymous_26)
FNDA:0,(anonymous_27)
FNDA:0,(anonymous_28)
FNDA:0,(anonymous_29)
FNDA:0,(anonymous_30)
FNDA:0,(anonymous_31)
FNDA:0,(anonymous_32)
DA:34,0
DA:35,0
DA:36,0
DA:38,0
DA:75,0
DA:76,0
DA:77,0
DA:78,0
DA:81,0
DA:84,0
DA:85,0
DA:86,0
DA:87,0
DA:88,0
DA:89,0
DA:96,0
DA:98,0
DA:99,0
DA:101,0
DA:102,0
DA:103,0
DA:105,0
DA:107,0
DA:108,0
DA:109,0
DA:110,0
DA:111,0
DA:120,0
DA:121,0
DA:122,0
DA:123,0
DA:128,0
DA:129,0
DA:130,0
DA:133,0
DA:140,0
DA:141,0
DA:144,0
DA:146,0
DA:147,0
DA:148,0
DA:150,0
DA:154,0
DA:155,0
DA:157,0
DA:158,0
DA:160,0
DA:164,0
DA:165,0
DA:168,0
DA:169,0
DA:170,0
DA:173,0
DA:176,0
DA:177,0
DA:178,0
DA:179,0
DA:180,0
DA:181,0
DA:184,0
DA:185,0
DA:186,0
DA:190,0
DA:196,0
DA:197,0
DA:198,0
DA:201,0
DA:202,0
DA:205,0
DA:207,0
DA:210,0
DA:211,0
DA:213,0
DA:220,0
DA:225,0
DA:228,0
DA:230,0
DA:232,0
DA:234,0
DA:235,0
DA:243,0
DA:244,0
DA:245,0
DA:251,0
DA:257,0
DA:258,0
DA:259,0
DA:260,0
DA:272,0
DA:273,0
DA:274,0
DA:276,0
DA:277,0
DA:284,0
DA:305,0
DA:306,0
DA:321,0
DA:322,0
DA:323,0
DA:343,0
DA:344,0
DA:346,0
DA:351,0
LF:103
LH:0
BRDA:35,0,0,0
BRDA:35,0,1,0
BRDA:36,1,0,0
BRDA:36,1,1,0
BRDA:42,2,0,0
BRDA:42,2,1,0
BRDA:46,3,0,0
BRDA:46,3,1,0
BRDA:47,4,0,0
BRDA:47,4,1,0
BRDA:49,5,0,0
BRDA:49,5,1,0
BRDA:50,6,0,0
BRDA:50,6,1,0
BRDA:54,7,0,0
BRDA:54,7,1,0
BRDA:103,8,0,0
BRDA:103,8,1,0
BRDA:108,9,0,0
BRDA:108,9,1,0
BRDA:109,10,0,0
BRDA:109,10,1,0
BRDA:121,11,0,0
BRDA:121,11,1,0
BRDA:125,12,0,0
BRDA:125,12,1,0
BRDA:126,13,0,0
BRDA:126,13,1,0
BRDA:128,14,0,0
BRDA:128,14,1,0
BRDA:146,15,0,0
BRDA:146,15,1,0
BRDA:155,16,0,0
BRDA:155,16,1,0
BRDA:158,17,0,0
BRDA:158,17,1,0
BRDA:173,18,0,0
BRDA:173,18,1,0
BRDA:179,19,0,0
BRDA:179,19,1,0
BRDA:179,20,0,0
BRDA:179,20,1,0
BRDA:190,21,0,0
BRDA:190,21,1,0
BRDA:192,22,0,0
BRDA:192,22,1,0
BRDA:197,23,0,0
BRDA:197,23,1,0
BRDA:198,24,0,0
BRDA:198,24,1,0
BRDA:198,25,0,0
BRDA:198,25,1,0
BRDA:201,26,0,0
BRDA:201,26,1,0
BRDA:202,27,0,0
BRDA:202,27,1,0
BRDA:210,28,0,0
BRDA:210,28,1,0
BRDA:211,29,0,0
BRDA:211,29,1,0
BRDA:228,30,0,0
BRDA:228,30,1,0
BRDA:244,31,0,0
BRDA:244,31,1,0
BRDA:258,32,0,0
BRDA:258,32,1,0
BRDA:272,33,0,0
BRDA:272,33,1,0
BRDA:292,34,0,0
BRDA:292,34,1,0
BRDA:297,35,0,0
BRDA:297,35,1,0
BRDA:338,36,0,0
BRDA:338,36,1,0
BRDA:346,37,0,0
BRDA:346,37,1,0
BRDA:352,38,0,0
BRDA:352,38,1,0
BRF:78
BRH:0
end_of_record
TN:
SF:assets/javascripts/react_gantt_chart/components/TestDHMLXGantt.jsx
FN:4,(anonymous_0)
FN:76,(anonymous_1)
FNF:2
FNH:1
FNDA:4,(anonymous_0)
FNDA:0,(anonymous_1)
DA:4,1
DA:6,4
DA:62,4
DA:76,4
DA:77,0
DA:80,4
LF:6
LH:5
BRF:0
BRH:0
end_of_record
TN:
SF:assets/javascripts/react_gantt_chart/hooks/useZoomConfig.js
FN:7,useZoomConfig
FN:8,(anonymous_1)
FN:11,(anonymous_2)
FN:28,(anonymous_3)
FN:38,(anonymous_4)
FN:43,(anonymous_5)
FN:53,(anonymous_6)
FN:64,(anonymous_7)
FNF:8
FNH:0
FNDA:0,useZoomConfig
FNDA:0,(anonymous_1)
FNDA:0,(anonymous_2)
FNDA:0,(anonymous_3)
FNDA:0,(anonymous_4)
FNDA:0,(anonymous_5)
FNDA:0,(anonymous_6)
FNDA:0,(anonymous_7)
DA:8,0
DA:9,0
DA:11,0
DA:12,0
DA:15,0
DA:28,0
DA:38,0
DA:43,0
DA:53,0
DA:64,0
DA:85,0
LF:11
LH:0
BRDA:12,0,0,0
BRDA:12,0,1,0
BRF:2
BRH:0
end_of_record
TN:
SF:assets/javascripts/react_gantt_chart/utils/columnStorage.js
FN:13,(anonymous_0)
FN:15,(anonymous_1)
FN:24,(anonymous_2)
FN:25,(anonymous_3)
FN:38,(anonymous_4)
FN:42,(anonymous_5)
FN:62,(anonymous_6)
FN:79,(anonymous_7)
FN:90,(anonymous_8)
FN:99,(anonymous_9)
FNF:10
FNH:0
FNDA:0,(anonymous_0)
FNDA:0,(anonymous_1)
FNDA:0,(anonymous_2)
FNDA:0,(anonymous_3)
FNDA:0,(anonymous_4)
FNDA:0,(anonymous_5)
FNDA:0,(anonymous_6)
FNDA:0,(anonymous_7)
FNDA:0,(anonymous_8)
FNDA:0,(anonymous_9)
DA:5,0
DA:6,0
DA:13,0
DA:14,0
DA:15,0
DA:16,0
DA:24,0
DA:25,0
DA:26,0
DA:27,0
DA:29,0
DA:38,0
DA:39,0
DA:40,0
DA:42,0
DA:43,0
DA:44,0
DA:45,0
DA:48,0
DA:50,0
DA:62,0
DA:63,0
DA:64,0
DA:66,0
DA:67,0
DA:68,0
DA:70,0
DA:79,0
DA:80,0
DA:81,0
DA:82,0
DA:83,0
DA:90,0
DA:91,0
DA:92,0
DA:93,0
DA:99,0
DA:100,0
DA:102,0
DA:103,0
DA:104,0
DA:106,0
LF:42
LH:0
BRDA:43,0,0,0
BRDA:43,0,1,0
BRDA:81,1,0,0
BRDA:81,1,1,0
BRF:4
BRH:0
end_of_record
TN:
SF:assets/javascripts/react_gantt_chart/utils/columnWidthStorage.js
FN:13,(anonymous_0)
FN:15,(anonymous_1)
FN:24,(anonymous_2)
FN:25,(anonymous_3)
FN:38,(anonymous_4)
FN:42,(anonymous_5)
FN:57,(anonymous_6)
FN:74,(anonymous_7)
FNF:8
FNH:0
FNDA:0,(anonymous_0)
FNDA:0,(anonymous_1)
FNDA:0,(anonymous_2)
FNDA:0,(anonymous_3)
FNDA:0,(anonymous_4)
FNDA:0,(anonymous_5)
FNDA:0,(anonymous_6)
FNDA:0,(anonymous_7)
DA:5,0
DA:6,0
DA:13,0
DA:14,0
DA:15,0
DA:16,0
DA:24,0
DA:25,0
DA:26,0
DA:27,0
DA:29,0
DA:38,0
DA:39,0
DA:40,0
DA:42,0
DA:43,0
DA:44,0
DA:45,0
DA:48,0
DA:50,0
DA:57,0
DA:58,0
DA:59,0
DA:61,0
DA:62,0
DA:63,0
DA:65,0
DA:74,0
DA:75,0
DA:76,0
DA:77,0
LF:31
LH:0
BRDA:43,0,0,0
BRDA:43,0,1,0
BRF:2
BRH:0
end_of_record
TN:
SF:assets/javascripts/react_gantt_chart/utils/columns.js
FN:24,(anonymous_0)
FN:43,(anonymous_1)
FN:50,(anonymous_2)
FN:69,buildCustomFieldDefs
FN:72,(anonymous_4)
FN:76,(anonymous_5)
FN:82,(anonymous_6)
FNF:7
FNH:0
FNDA:0,(anonymous_0)
FNDA:0,(anonymous_1)
FNDA:0,(anonymous_2)
FNDA:0,buildCustomFieldDefs
FNDA:0,(anonymous_4)
FNDA:0,(anonymous_5)
FNDA:0,(anonymous_6)
DA:7,0
DA:24,0
DA:43,0
DA:50,0
DA:70,0
DA:72,0
DA:73,0
DA:75,0
DA:76,0
DA:77,0
DA:82,0
DA:85,0
LF:12
LH:0
BRDA:24,0,0,0
BRDA:24,0,1,0
BRDA:43,1,0,0
BRDA:43,1,1,0
BRDA:50,2,0,0
BRDA:50,2,1,0
BRDA:70,3,0,0
BRDA:70,3,1,0
BRDA:70,4,0,0
BRDA:70,4,1,0
BRDA:73,5,0,0
BRDA:73,5,1,0
BRDA:82,6,0,0
BRDA:82,6,1,0
BRF:14
BRH:0
end_of_record
TN:
SF:assets/javascripts/react_gantt_chart/utils/resizerStorage.js
FN:11,(anonymous_0)
FN:15,(anonymous_1)
FN:30,(anonymous_2)
FN:44,(anonymous_3)
FN:65,(anonymous_4)
FN:69,(anonymous_5)
FN:75,(anonymous_6)
FN:76,(anonymous_7)
FN:88,(anonymous_8)
FN:111,(anonymous_9)
FN:124,(anonymous_10)
FN:127,(anonymous_11)
FN:136,(anonymous_12)
FN:157,(anonymous_13)
FN:160,(anonymous_14)
FN:161,(anonymous_15)
FN:171,(anonymous_16)
FN:172,(anonymous_17)
FN:184,(anonymous_18)
FNF:19
FNH:0
FNDA:0,(anonymous_0)
FNDA:0,(anonymous_1)
FNDA:0,(anonymous_2)
FNDA:0,(anonymous_3)
FNDA:0,(anonymous_4)
FNDA:0,(anonymous_5)
FNDA:0,(anonymous_6)
FNDA:0,(anonymous_7)
FNDA:0,(anonymous_8)
FNDA:0,(anonymous_9)
FNDA:0,(anonymous_10)
FNDA:0,(anonymous_11)
FNDA:0,(anonymous_12)
FNDA:0,(anonymous_13)
FNDA:0,(anonymous_14)
FNDA:0,(anonymous_15)
FNDA:0,(anonymous_16)
FNDA:0,(anonymous_17)
FNDA:0,(anonymous_18)
DA:5,0
DA:11,0
DA:12,0
DA:13,0
DA:15,0
DA:16,0
DA:17,0
DA:18,0
DA:21,0
DA:23,0
DA:30,0
DA:31,0
DA:32,0
DA:33,0
DA:34,0
DA:36,0
DA:44,0
DA:45,0
DA:47,0
DA:50,0
DA:51,0
DA:54,0
DA:56,0
DA:57,0
DA:65,0
DA:67,0
DA:69,0
DA:71,0
DA:72,0
DA:75,0
DA:76,0
DA:77,0
DA:81,0
DA:84,0
DA:85,0
DA:86,0
DA:88,0
DA:89,0
DA:91,0
DA:92,0
DA:95,0
DA:98,0
DA:99,0
DA:100,0
DA:102,0
DA:107,0
DA:108,0
DA:109,0
DA:111,0
DA:112,0
DA:114,0
DA:115,0
DA:116,0
DA:124,0
DA:126,0
DA:127,0
DA:128,0
DA:135,0
DA:136,0
DA:137,0
DA:145,0
DA:146,0
DA:148,0
DA:153,0
DA:155,0
DA:159,0
DA:160,0
DA:161,0
DA:162,0
DA:164,0
DA:165,0
DA:170,0
DA:171,0
DA:172,0
DA:173,0
DA:175,0
DA:178,0
DA:185,0
DA:186,0
LF:79
LH:0
BRDA:16,0,0,0
BRDA:16,0,1,0
BRDA:50,1,0,0
BRDA:50,1,1,0
BRDA:71,2,0,0
BRDA:71,2,1,0
BRDA:77,3,0,0
BRDA:77,3,1,0
BRDA:78,4,0,0
BRDA:78,4,1,0
BRDA:84,5,0,0
BRDA:84,5,1,0
BRDA:91,6,0,0
BRDA:91,6,1,0
BRDA:98,7,0,0
BRDA:98,7,1,0
BRDA:107,8,0,0
BRDA:107,8,1,0
BRDA:114,9,0,0
BRDA:114,9,1,0
BRDA:145,10,0,0
BRDA:145,10,1,0
BRDA:164,11,0,0
BRDA:164,11,1,0
BRDA:164,12,0,0
BRDA:164,12,1,0
BRDA:175,13,0,0
BRDA:175,13,1,0
BRDA:175,14,0,0
BRDA:175,14,1,0
BRDA:185,15,0,0
BRDA:185,15,1,0
BRF:32
BRH:0
end_of_record
